Using default parameters: 
	- linear edge agents 30
	- agents 900
	- features 3
	- number of possible values for any feature 20
	- number of iterations 100
	- degree 4
	- delta 0.000000
	- maxSide 1
Initializing Model ... 
Numero di links 3600
pos_features = 5
Simulation 1
0	1974
1000	1896
2000	2062
3000	2606
4000	3332
5000	3044
Numero di step eseguiti = 5988
Simulation 2
0	1906
1000	2014
2000	2132
3000	2114
4000	2166
5000	2546
Numero di step eseguiti = 5413
Simulation 3
0	1988
1000	1990
2000	1868
3000	1972
4000	2030
5000	3194
6000	2676
Numero di step eseguiti = 6755
Simulation 4
0	1978
1000	2078
2000	2798
Numero di step eseguiti = 2960
Simulation 5
0	1946
1000	1816
2000	2056
3000	2258
4000	2650
5000	2836
6000	3248
7000	2956
Numero di step eseguiti = 7840
Simulation 6
0	1952
1000	1908
2000	2234
3000	1990
4000	2232
5000	2298
Numero di step eseguiti = 5635
Simulation 7
0	1986
1000	2036
2000	2710
3000	2920
4000	3412
Numero di step eseguiti = 4078
Simulation 8
0	1972
1000	1824
2000	1964
3000	1900
4000	2262
5000	2466
6000	2292
7000	2502
8000	3172
9000	3232
10000	3212
11000	3364
Numero di step eseguiti = 11642
Simulation 9
0	1970
1000	2144
2000	1874
3000	2476
4000	3420
Numero di step eseguiti = 4040
Simulation 10
0	1960
1000	2074
2000	2794
3000	2734
4000	2804
Numero di step eseguiti = 4628
Simulation 11
0	1904
1000	1830
2000	2022
3000	2392
4000	3376
Numero di step eseguiti = 4977
Simulation 12
0	1960
1000	1980
2000	1994
3000	2344
4000	2362
5000	3040
6000	3124
Numero di step eseguiti = 6606
Simulation 13
0	1966
1000	2016
2000	2292
3000	2090
4000	2758
5000	3132
Numero di step eseguiti = 5082
Simulation 14
0	2056
1000	1990
2000	2054
3000	2280
4000	2910
Numero di step eseguiti = 4525
Simulation 15
0	2008
1000	1900
2000	2890
3000	2876
4000	3152
Numero di step eseguiti = 4812
Simulation 16
0	1994
1000	2116
2000	2126
3000	1986
4000	2880
5000	2832
6000	3144
Numero di step eseguiti = 6368
Simulation 17
0	1942
1000	1916
2000	2244
3000	2824
Numero di step eseguiti = 3960
Simulation 18
0	2042
1000	1918
2000	2124
3000	2410
4000	2822
Numero di step eseguiti = 4997
Simulation 19
0	1982
1000	1792
2000	2110
3000	2264
4000	2348
Numero di step eseguiti = 4699
Simulation 20
0	1934
1000	1964
2000	2116
3000	2538
4000	2264
5000	3008
Numero di step eseguiti = 5682
Simulation 21
0	1962
1000	2152
2000	2524
3000	2674
4000	2614
Numero di step eseguiti = 4536
Simulation 22
0	1974
1000	2108
2000	2196
3000	3388
Numero di step eseguiti = 3407
Simulation 23
0	1962
1000	1976
2000	1914
3000	2172
4000	2598
Numero di step eseguiti = 4882
Simulation 24
0	1966
1000	2100
2000	1950
3000	2022
4000	2618
5000	2968
Numero di step eseguiti = 5888
Simulation 25
0	1970
1000	1892
2000	3104
3000	3072
Numero di step eseguiti = 3339
Simulation 26
0	1882
1000	2008
2000	1832
3000	1994
4000	2434
5000	2714
Numero di step eseguiti = 5950
Simulation 27
0	1968
1000	2048
2000	2226
3000	3092
Numero di step eseguiti = 3806
Simulation 28
0	2054
1000	2102
2000	2332
3000	2944
Numero di step eseguiti = 3907
Simulation 29
0	2006
1000	1994
2000	1996
3000	2276
4000	2424
5000	2946
Numero di step eseguiti = 5227
Simulation 30
0	2022
1000	2030
2000	1870
3000	1782
4000	2230
5000	2824
6000	2594
Numero di step eseguiti = 6858
Simulation 31
0	1954
1000	1914
2000	2064
3000	2744
4000	3024
Numero di step eseguiti = 4662
Simulation 32
0	1944
1000	1706
2000	1988
3000	2344
4000	3392
Numero di step eseguiti = 4436
Simulation 33
0	2022
1000	2018
2000	1996
3000	2136
4000	2454
5000	2908
6000	2816
7000	3060
Numero di step eseguiti = 7542
Simulation 34
0	1954
1000	1904
2000	2190
3000	3396
Numero di step eseguiti = 3135
Simulation 35
0	2018
1000	1890
2000	1828
3000	2256
4000	3448
Numero di step eseguiti = 4333
Simulation 36
0	2052
1000	1990
2000	2310
3000	2880
Numero di step eseguiti = 3395
Simulation 37
0	1996
1000	1952
2000	2104
3000	2564
4000	3580
Numero di step eseguiti = 4023
Simulation 38
0	1918
1000	1884
2000	2328
3000	3212
Numero di step eseguiti = 3252
Simulation 39
0	2014
1000	2062
2000	2086
3000	2836
4000	2980
Numero di step eseguiti = 4490
Simulation 40
0	1938
1000	1952
2000	2102
3000	2456
Numero di step eseguiti = 3672
Simulation 41
0	1972
1000	2026
2000	2150
3000	2642
4000	2752
Numero di step eseguiti = 4485
Simulation 42
0	2014
1000	1950
2000	2184
3000	2522
4000	3056
5000	3228
Numero di step eseguiti = 5182
Simulation 43
0	1948
1000	1818
2000	1876
3000	2248
4000	2350
5000	3436
Numero di step eseguiti = 5357
Simulation 44
0	1934
1000	1954
2000	1852
3000	1940
4000	2276
5000	2664
6000	2414
7000	2976
Numero di step eseguiti = 7534
Simulation 45
0	1972
1000	1978
2000	1998
3000	2902
4000	2988
5000	3092
Numero di step eseguiti = 5796
Simulation 46
0	2010
1000	1928
2000	2492
Numero di step eseguiti = 2958
Simulation 47
0	1962
1000	2056
2000	2014
3000	2182
4000	2898
Numero di step eseguiti = 4666
Simulation 48
0	1942
1000	1894
2000	1904
3000	2444
Numero di step eseguiti = 3966
Simulation 49
0	2002
1000	2128
2000	2128
3000	2282
4000	2422
5000	2996
Numero di step eseguiti = 5391
Simulation 50
0	2012
1000	1934
2000	2216
Numero di step eseguiti = 2851
Simulation 51
0	1996
1000	1966
2000	2030
3000	2034
4000	2582
Numero di step eseguiti = 4347
Simulation 52
0	1966
1000	1816
2000	2250
3000	2490
Numero di step eseguiti = 3664
Simulation 53
0	1974
1000	1910
2000	2182
3000	2772
4000	2840
Numero di step eseguiti = 4456
Simulation 54
0	1960
1000	2196
2000	1850
3000	2320
4000	2574
5000	2352
6000	3132
7000	3140
Numero di step eseguiti = 7131
Simulation 55
0	2026
1000	1920
2000	2370
3000	2756
4000	2972
Numero di step eseguiti = 4848
Simulation 56
0	1966
1000	1858
2000	2278
3000	2824
4000	2884
5000	3560
Numero di step eseguiti = 5015
Simulation 57
0	1974
1000	2064
2000	2308
3000	2272
4000	2138
Numero di step eseguiti = 4985
Simulation 58
0	1922
1000	2040
2000	2782
3000	2932
Numero di step eseguiti = 3742
Simulation 59
0	1978
1000	2190
2000	2446
3000	2760
4000	3304
5000	2884
6000	3196
Numero di step eseguiti = 6146
Simulation 60
0	1998
1000	1990
2000	2004
3000	2354
4000	2272
5000	2752
6000	2804
7000	3276
Numero di step eseguiti = 7093
Simulation 61
0	1938
1000	2160
2000	2496
3000	3432
Numero di step eseguiti = 3106
Simulation 62
0	2030
1000	2036
2000	2062
3000	2898
4000	3076
Numero di step eseguiti = 4105
Simulation 63
0	2084
1000	2124
2000	2186
3000	3076
Numero di step eseguiti = 3295
Simulation 64
0	1992
1000	1908
2000	1866
3000	2490
4000	2380
5000	3020
Numero di step eseguiti = 5639
Simulation 65
0	2038
1000	2188
2000	2624
3000	2896
4000	3460
Numero di step eseguiti = 4241
Simulation 66
0	1944
1000	1828
2000	2306
3000	2112
4000	2130
5000	2146
6000	2556
7000	3204
8000	2744
Numero di step eseguiti = 8517
Simulation 67
0	1928
1000	1988
2000	1984
3000	2206
4000	3116
Numero di step eseguiti = 4280
Simulation 68
0	1968
1000	1986
2000	1924
3000	2296
4000	2278
5000	2704
Numero di step eseguiti = 5363
Simulation 69
0	1952
1000	2080
2000	2020
3000	2094
4000	2288
5000	2286
6000	2388
7000	3264
Numero di step eseguiti = 7033
Simulation 70
0	1970
1000	1828
2000	2056
3000	2478
4000	3088
5000	2980
6000	2780
7000	3412
Numero di step eseguiti = 7090
Simulation 71
0	2036
1000	1866
2000	2038
3000	2154
4000	2028
5000	2326
6000	2538
7000	3176
Numero di step eseguiti = 7126
Simulation 72
0	2010
1000	1960
2000	2028
3000	2018
4000	2078
Numero di step eseguiti = 4627
Simulation 73
0	1974
1000	1868
2000	2342
3000	2136
4000	3464
Numero di step eseguiti = 4100
Simulation 74
0	1992
1000	1964
2000	2130
3000	2140
4000	2712
5000	2944
Numero di step eseguiti = 5992
Simulation 75
0	2014
1000	2478
Numero di step eseguiti = 1915
Simulation 76
0	2000
1000	1938
2000	2330
3000	2186
4000	3240
Numero di step eseguiti = 4552
Simulation 77
0	1946
1000	1920
2000	2032
3000	2412
4000	3520
Numero di step eseguiti = 4015
Simulation 78
0	2006
1000	1884
2000	2052
3000	2602
4000	3092
5000	3016
6000	3328
Numero di step eseguiti = 6467
Simulation 79
0	1976
1000	1826
2000	2108
3000	3112
4000	2968
5000	3012
6000	3296
Numero di step eseguiti = 6551
Simulation 80
0	1988
1000	1912
2000	2360
3000	2226
Numero di step eseguiti = 3695
Simulation 81
0	2046
1000	1902
2000	2262
3000	2690
4000	2370
5000	3080
Numero di step eseguiti = 5546
Simulation 82
0	2012
1000	1754
2000	1960
3000	2280
4000	2366
5000	3460
Numero di step eseguiti = 5021
Simulation 83
0	1944
1000	1924
2000	2928
Numero di step eseguiti = 2439
Simulation 84
0	1956
1000	1898
2000	1918
3000	2252
4000	2866
Numero di step eseguiti = 4532
Simulation 85
0	1992
1000	1970
2000	2172
3000	2466
4000	2578
5000	2996
6000	2844
7000	2900
8000	3444
9000	3344
Numero di step eseguiti = 9265
Simulation 86
0	1944
1000	1834
2000	1988
3000	2140
4000	2040
5000	2058
6000	2362
7000	2126
8000	2714
9000	2896
Numero di step eseguiti = 9945
Simulation 87
0	1980
1000	1902
2000	1798
3000	2964
4000	2872
Numero di step eseguiti = 4489
Simulation 88
0	1986
1000	1904
2000	1922
3000	2098
4000	2140
5000	2602
Numero di step eseguiti = 5819
Simulation 89
0	2002
1000	2004
2000	2242
3000	2828
Numero di step eseguiti = 3572
Simulation 90
0	2030
1000	2088
2000	2014
3000	2068
4000	2406
Numero di step eseguiti = 4700
Simulation 91
0	1998
1000	1906
2000	2324
Numero di step eseguiti = 2685
Simulation 92
0	1992
1000	1824
2000	2064
3000	2444
4000	2868
Numero di step eseguiti = 4651
Simulation 93
0	1932
1000	2206
2000	2800
3000	3068
Numero di step eseguiti = 3378
Simulation 94
0	1972
1000	1970
2000	2392
3000	2624
4000	2984
5000	3100
Numero di step eseguiti = 5175
Simulation 95
0	1976
1000	1968
2000	2104
3000	2778
4000	3476
5000	2904
6000	3004
7000	3428
Numero di step eseguiti = 7431
Simulation 96
0	1934
1000	1956
2000	2212
3000	2130
4000	2062
5000	3300
Numero di step eseguiti = 5523
Simulation 97
0	1952
1000	2074
2000	2008
3000	2094
4000	2316
5000	2754
Numero di step eseguiti = 5417
Simulation 98
0	2088
1000	1834
2000	1802
3000	2116
4000	2620
Numero di step eseguiti = 4261
Simulation 99
0	1970
1000	1932
2000	2092
3000	2022
4000	2696
5000	2888
6000	3268
Numero di step eseguiti = 6984
Simulation 100
0	2046
1000	1936
2000	1772
3000	2390
4000	3292
Numero di step eseguiti = 4114
pos_features = 10
Simulation 1
0	2706
1000	2758
2000	1896
3000	1926
4000	2086
5000	2314
Numero di step eseguiti = 5838
Simulation 2
0	2698
1000	2794
2000	2032
3000	1906
4000	2144
5000	2482
6000	2902
7000	3244
Numero di step eseguiti = 7469
Simulation 3
0	2658
1000	3052
2000	2494
3000	1984
4000	2192
5000	3066
6000	2872
Numero di step eseguiti = 6524
Simulation 4
0	2664
1000	2436
2000	1892
3000	2098
4000	1956
5000	2132
6000	2238
7000	2264
8000	2700
9000	3216
Numero di step eseguiti = 9767
Simulation 5
0	2684
1000	3038
2000	2066
3000	1970
4000	2072
5000	2274
6000	2306
7000	2426
Numero di step eseguiti = 7764
Simulation 6
0	2742
1000	2362
2000	2208
3000	2164
4000	2500
5000	2208
6000	2362
7000	2430
8000	3072
9000	2848
10000	3176
Numero di step eseguiti = 10993
Simulation 7
0	2744
1000	2604
2000	1920
3000	1976
4000	2130
5000	2980
Numero di step eseguiti = 5945
Simulation 8
0	2654
1000	2160
2000	1886
3000	2376
4000	2332
5000	2980
Numero di step eseguiti = 5564
Simulation 9
0	2704
1000	2430
2000	1930
3000	1860
4000	3054
Numero di step eseguiti = 4647
Simulation 10
0	2708
1000	2216
2000	2062
3000	1970
4000	2434
Numero di step eseguiti = 4874
Simulation 11
0	2624
1000	2542
2000	2252
3000	2710
4000	2754
5000	3116
6000	3156
Numero di step eseguiti = 6731
Simulation 12
0	2710
1000	3224
2000	2256
3000	2206
4000	2104
5000	2248
6000	2500
7000	2326
8000	2688
9000	2682
10000	2366
11000	2828
Numero di step eseguiti = 11972
Simulation 13
0	2710
1000	2776
2000	2096
3000	2558
4000	2490
5000	2530
6000	2646
7000	2296
8000	2484
9000	3004
Numero di step eseguiti = 9703
Simulation 14
0	2662
1000	2092
2000	2154
3000	2556
4000	2806
5000	3320
6000	3352
Numero di step eseguiti = 6183
Simulation 15
0	2704
1000	2534
2000	1900
3000	2112
4000	2920
Numero di step eseguiti = 4937
Simulation 16
0	2610
1000	2406
2000	2078
3000	2362
4000	2944
5000	2992
6000	3082
7000	3100
Numero di step eseguiti = 7928
Simulation 17
0	2694
1000	2658
2000	1980
3000	1996
4000	2286
5000	2502
6000	2878
7000	2792
8000	2846
Numero di step eseguiti = 8130
Simulation 18
0	2638
1000	2242
2000	2250
3000	2330
4000	2524
5000	2742
6000	2798
7000	2776
Numero di step eseguiti = 7562
Simulation 19
0	2566
1000	2138
2000	2020
3000	2302
4000	2554
5000	3372
Numero di step eseguiti = 5284
Simulation 20
0	2638
1000	2632
2000	2338
3000	2114
4000	2014
5000	2390
6000	2492
7000	2472
8000	2750
Numero di step eseguiti = 8744
Simulation 21
0	2606
1000	2186
2000	2006
3000	2098
4000	2240
5000	2692
6000	3176
Numero di step eseguiti = 6776
Simulation 22
0	2644
1000	2388
2000	2174
3000	2122
4000	2166
5000	2254
6000	2214
7000	2412
8000	2140
9000	2700
10000	3544
Numero di step eseguiti = 10312
Simulation 23
0	2716
1000	2174
2000	2050
3000	2034
4000	2356
Numero di step eseguiti = 4934
Simulation 24
0	2652
1000	2524
2000	2006
3000	2010
4000	2208
Numero di step eseguiti = 4554
Simulation 25
0	2660
1000	2080
2000	1914
3000	2048
4000	2332
Numero di step eseguiti = 4830
Simulation 26
0	2638
1000	2334
2000	1998
3000	2070
4000	2230
5000	2542
6000	2750
Numero di step eseguiti = 6646
Simulation 27
0	2712
1000	2730
2000	2058
3000	2212
4000	2900
5000	3440
6000	3364
Numero di step eseguiti = 6100
Simulation 28
0	2688
1000	2188
2000	1950
3000	2006
4000	2080
5000	2424
6000	2884
7000	3212
Numero di step eseguiti = 7130
Simulation 29
0	2628
1000	2424
2000	2002
3000	1936
4000	2506
5000	2624
Numero di step eseguiti = 5708
Simulation 30
0	2646
1000	2392
2000	2436
3000	2378
4000	2838
Numero di step eseguiti = 4673
Simulation 31
0	2634
1000	2432
2000	2166
3000	2590
4000	2920
Numero di step eseguiti = 4502
Simulation 32
0	2672
1000	2158
2000	2018
3000	2358
4000	3018
5000	3250
Numero di step eseguiti = 5493
Simulation 33
0	2658
1000	2166
2000	1972
3000	1994
4000	2368
5000	3348
Numero di step eseguiti = 5166
Simulation 34
0	2618
1000	2150
2000	1928
3000	1992
4000	1936
5000	2096
6000	2812
Numero di step eseguiti = 6692
Simulation 35
0	2632
1000	2586
2000	1926
3000	2386
4000	3212
Numero di step eseguiti = 4285
Simulation 36
0	2662
1000	2752
2000	2100
3000	2010
4000	2344
5000	2782
Numero di step eseguiti = 5440
Simulation 37
0	2638
1000	2384
2000	1920
3000	2292
4000	2262
5000	2280
6000	2644
7000	3320
Numero di step eseguiti = 7403
Simulation 38
0	2648
1000	2994
2000	2212
3000	2210
4000	2192
5000	2212
6000	2048
7000	2422
8000	2690
9000	3504
Numero di step eseguiti = 9036
Simulation 39
0	2710
1000	2574
2000	2012
3000	2042
4000	2018
5000	2672
6000	3056
Numero di step eseguiti = 6304
Simulation 40
0	2622
1000	2454
2000	2422
3000	2584
4000	2882
Numero di step eseguiti = 4717
Simulation 41
0	2670
1000	2388
2000	1978
3000	1906
4000	2234
5000	2438
6000	3044
Numero di step eseguiti = 6403
Simulation 42
0	2628
1000	2582
2000	1906
3000	2050
4000	2218
5000	2516
6000	2430
7000	2358
8000	2684
9000	2898
10000	2794
11000	2764
Numero di step eseguiti = 11867
Simulation 43
0	2752
1000	2412
2000	1916
3000	2030
4000	2822
5000	2680
6000	2728
Numero di step eseguiti = 6846
Simulation 44
0	2708
1000	2120
2000	2168
3000	2420
4000	2998
Numero di step eseguiti = 4432
Simulation 45
0	2648
1000	2618
2000	1902
3000	2468
4000	2960
5000	2960
6000	3122
7000	2292
8000	2936
9000	2962
Numero di step eseguiti = 9501
Simulation 46
0	2698
1000	2704
2000	2140
3000	3248
4000	2460
5000	2580
6000	2580
7000	2782
8000	2908
9000	2910
10000	2772
11000	3096
Numero di step eseguiti = 11352
Simulation 47
0	2694
1000	2098
2000	1884
3000	2318
4000	2516
5000	3166
6000	2878
7000	2992
Numero di step eseguiti = 7285
Simulation 48
0	2688
1000	2584
2000	2184
3000	2136
4000	2140
5000	2376
6000	2464
7000	2258
8000	2740
Numero di step eseguiti = 8692
Simulation 49
0	2622
1000	2396
2000	2118
3000	1898
4000	3166
Numero di step eseguiti = 4703
Simulation 50
0	2724
1000	2420
2000	2018
3000	2018
4000	2056
5000	3324
Numero di step eseguiti = 5121
Simulation 51
0	2704
1000	2276
2000	1996
3000	2374
4000	2410
Numero di step eseguiti = 4978
Simulation 52
0	2680
1000	2346
2000	1966
3000	2032
4000	2026
5000	3106
Numero di step eseguiti = 5170
Simulation 53
0	2754
1000	2284
2000	2138
3000	2374
4000	2070
5000	2018
6000	2206
7000	2430
8000	2404
9000	2774
10000	2978
11000	2908
Numero di step eseguiti = 11348
Simulation 54
0	2692
1000	2238
2000	1826
3000	2230
4000	3022
Numero di step eseguiti = 4213
Simulation 55
0	2762
1000	2112
2000	2010
3000	2034
4000	2238
5000	2322
6000	2826
7000	2996
8000	2924
9000	2872
10000	2992
Numero di step eseguiti = 10287
Simulation 56
0	2654
1000	2186
2000	1916
3000	2050
4000	2214
5000	2772
Numero di step eseguiti = 5392
Simulation 57
0	2674
1000	2358
2000	1986
3000	2002
4000	2214
5000	2160
6000	2336
7000	2538
8000	2568
Numero di step eseguiti = 8987
Simulation 58
0	2688
1000	2600
2000	1846
3000	1948
4000	2002
5000	2042
6000	2836
7000	2808
8000	3492
Numero di step eseguiti = 8083
Simulation 59
0	2676
1000	2354
2000	2044
3000	2614
4000	2988
5000	2944
Numero di step eseguiti = 5250
Simulation 60
0	2666
1000	2210
2000	2040
3000	2390
4000	2252
5000	2696
6000	3240
Numero di step eseguiti = 6158
Simulation 61
0	2652
1000	2520
2000	2258
3000	2474
4000	3374
5000	2458
6000	2510
7000	2580
8000	2768
9000	2920
10000	3042
11000	2874
Numero di step eseguiti = 11314
Simulation 62
0	2672
1000	2310
2000	2146
Numero di step eseguiti = 2903
Simulation 63
0	2698
1000	2426
2000	2130
3000	2370
4000	2374
5000	2402
6000	2760
7000	2760
8000	2808
Numero di step eseguiti = 8249
Simulation 64
0	2666
1000	2430
2000	2030
3000	1782
4000	2190
Numero di step eseguiti = 4994
Simulation 65
0	2654
1000	2470
2000	2304
3000	2110
4000	2072
5000	2842
Numero di step eseguiti = 5854
Simulation 66
0	2656
1000	2838
2000	2262
3000	2034
4000	2408
5000	3134
Numero di step eseguiti = 5178
Simulation 67
0	2630
1000	2600
2000	1790
3000	2126
4000	2458
5000	2414
6000	2348
7000	2828
8000	2792
Numero di step eseguiti = 8450
Simulation 68
0	2666
1000	2070
2000	2084
3000	2454
4000	2822
5000	2852
Numero di step eseguiti = 5508
Simulation 69
0	2608
1000	2982
2000	2736
3000	2522
4000	2244
5000	2744
6000	3180
Numero di step eseguiti = 6269
Simulation 70
0	2728
1000	2132
2000	1820
3000	2148
4000	2904
Numero di step eseguiti = 4271
Simulation 71
0	2632
1000	2344
2000	1966
3000	1978
4000	2072
5000	2032
6000	2636
7000	2948
Numero di step eseguiti = 7401
Simulation 72
0	2678
1000	2718
2000	1904
3000	2160
4000	1980
5000	2242
6000	2368
7000	2492
8000	2884
9000	2812
Numero di step eseguiti = 9459
Simulation 73
0	2704
1000	2812
2000	2116
3000	1990
4000	2208
5000	2596
6000	2686
7000	3296
Numero di step eseguiti = 7880
Simulation 74
0	2612
1000	2390
2000	2052
3000	2020
4000	2070
5000	3192
Numero di step eseguiti = 5096
Simulation 75
0	2690
1000	2288
2000	1968
3000	1970
4000	2340
5000	3182
6000	3412
7000	3220
Numero di step eseguiti = 7368
Simulation 76
0	2658
1000	2340
2000	2132
3000	2516
4000	3124
Numero di step eseguiti = 4205
Simulation 77
0	2642
1000	2206
2000	1990
3000	2124
4000	2324
5000	2242
6000	2718
7000	2904
Numero di step eseguiti = 7828
Simulation 78
0	2668
1000	3092
2000	2326
3000	2100
4000	2306
5000	2478
6000	2840
7000	2332
8000	2320
Numero di step eseguiti = 8649
Simulation 79
0	2692
1000	2498
2000	2224
3000	2080
4000	2554
5000	2928
6000	3260
Numero di step eseguiti = 6191
Simulation 80
0	2634
1000	2164
2000	2068
3000	2420
4000	2640
5000	2822
6000	3016
7000	3260
8000	3366
Numero di step eseguiti = 8230
Simulation 81
0	2682
1000	2524
2000	2088
3000	2222
4000	2088
5000	2104
6000	2016
7000	3496
Numero di step eseguiti = 7147
Simulation 82
0	2668
1000	2010
2000	2592
Numero di step eseguiti = 2792
Simulation 83
0	2650
1000	2604
2000	2108
3000	2038
4000	2328
5000	2180
6000	2190
7000	2804
Numero di step eseguiti = 7571
Simulation 84
0	2692
1000	2230
2000	1852
3000	2110
4000	2116
5000	1964
6000	2232
7000	2708
Numero di step eseguiti = 7777
Simulation 85
0	2736
1000	2520
2000	1844
3000	2338
4000	2224
5000	2322
6000	3212
Numero di step eseguiti = 6799
Simulation 86
0	2678
1000	2360
2000	1936
3000	2102
4000	2210
5000	2846
Numero di step eseguiti = 5341
Simulation 87
0	2674
1000	2434
2000	2028
3000	2238
4000	2256
5000	2176
6000	1940
7000	2626
8000	3224
Numero di step eseguiti = 8227
Simulation 88
0	2670
1000	2628
2000	2098
3000	1924
4000	1950
5000	2078
6000	2324
7000	2254
Numero di step eseguiti = 7475
Simulation 89
0	2630
1000	2452
2000	2018
3000	2136
4000	2504
5000	3168
Numero di step eseguiti = 5791
Simulation 90
0	2612
1000	2594
2000	1934
3000	2344
4000	2620
5000	2952
6000	3236
Numero di step eseguiti = 6548
Simulation 91
0	2642
1000	2148
2000	2024
3000	2064
4000	1920
5000	1830
6000	1976
7000	2270
8000	2480
9000	3004
10000	2844
11000	3340
Numero di step eseguiti = 11403
Simulation 92
0	2718
1000	2956
2000	2070
3000	2808
4000	2272
5000	2280
6000	2158
7000	3000
Numero di step eseguiti = 7199
Simulation 93
0	2658
1000	2354
2000	2016
3000	2228
4000	2690
5000	3512
Numero di step eseguiti = 5358
Simulation 94
0	2696
1000	2740
2000	1964
3000	2294
4000	2768
5000	2430
6000	2830
7000	3316
Numero di step eseguiti = 7176
Simulation 95
0	2664
1000	2046
2000	2004
3000	2204
4000	2120
5000	2676
6000	3260
7000	2800
Numero di step eseguiti = 7566
Simulation 96
0	2666
1000	2232
2000	1888
3000	1810
4000	2128
5000	2606
6000	2762
Numero di step eseguiti = 6512
Simulation 97
0	2678
1000	2374
2000	1854
3000	2230
4000	2950
5000	3256
Numero di step eseguiti = 5197
Simulation 98
0	2652
1000	1976
2000	2002
3000	1794
4000	2126
5000	2144
6000	2818
Numero di step eseguiti = 6711
Simulation 99
0	2632
1000	2532
2000	1980
3000	2158
4000	2140
5000	2438
6000	2752
Numero di step eseguiti = 6526
Simulation 100
0	2648
1000	2486
2000	1914
3000	2052
4000	2612
5000	2776
Numero di step eseguiti = 5230
pos_features = 15
Simulation 1
0	2958
1000	3514
2000	3374
3000	3064
4000	2178
5000	2458
6000	2196
7000	2248
8000	2240
9000	2618
10000	3160
Numero di step eseguiti = 10471
Simulation 2
0	2956
Numero di step eseguiti = 566
Simulation 3
0	2994
1000	3562
2000	3544
3000	3272
4000	3534
Numero di step eseguiti = 4832
Simulation 4
0	2990
1000	3574
2000	3346
3000	3246
4000	2812
5000	2498
6000	2170
7000	2264
8000	2482
9000	2888
10000	2858
Numero di step eseguiti = 10835
Simulation 5
0	2928
1000	3592
2000	3398
3000	3418
4000	2618
5000	2292
6000	2302
7000	2374
8000	2828
Numero di step eseguiti = 8422
Simulation 6
0	2936
1000	3554
2000	3454
3000	3394
4000	2976
5000	2356
6000	2280
7000	1966
8000	2452
9000	3356
Numero di step eseguiti = 9020
Simulation 7
0	2944
1000	3408
2000	3256
3000	3166
4000	2842
5000	2318
6000	2168
7000	2260
8000	2322
9000	2122
10000	2662
11000	2862
12000	2900
13000	2950
14000	2776
15000	2840
Numero di step eseguiti = 15655
Simulation 8
0	2978
Numero di step eseguiti = 428
Simulation 9
0	2982
1000	3530
2000	3464
3000	2722
4000	2258
5000	2244
6000	2352
7000	3010
Numero di step eseguiti = 7240
Simulation 10
0	2944
Numero di step eseguiti = 908
Simulation 11
0	2962
1000	3560
2000	3518
3000	3200
4000	3170
5000	3358
Numero di step eseguiti = 5526
Simulation 12
0	2968
Numero di step eseguiti = 772
Simulation 13
0	2972
1000	3550
2000	3204
3000	2744
4000	2400
5000	2756
Numero di step eseguiti = 5813
Simulation 14
0	2970
1000	3506
2000	3396
3000	3100
4000	2930
5000	2352
6000	2346
7000	2324
8000	2112
9000	2578
10000	2984
Numero di step eseguiti = 10320
Simulation 15
0	2966
1000	3572
2000	3466
3000	3328
4000	3164
5000	2454
6000	2152
7000	2016
8000	2300
9000	2278
10000	2088
11000	2304
12000	2578
13000	2544
Numero di step eseguiti = 13860
Simulation 16
0	2946
1000	3556
2000	3534
3000	3104
4000	3130
5000	2498
6000	2166
7000	2130
8000	2332
9000	2620
10000	2884
Numero di step eseguiti = 10382
Simulation 17
0	2968
1000	3562
2000	3548
3000	3570
4000	3302
5000	2930
6000	2744
7000	2254
8000	2068
9000	2886
10000	3380
11000	2964
12000	3036
Numero di step eseguiti = 12477
Simulation 18
0	2970
1000	3554
2000	3528
3000	3536
4000	2954
5000	2152
6000	2222
7000	2030
8000	1980
9000	2648
Numero di step eseguiti = 9990
Simulation 19
0	2952
1000	3554
2000	3462
3000	3362
4000	3334
5000	2898
6000	2126
7000	2510
8000	2464
9000	2908
10000	3016
Numero di step eseguiti = 10334
Simulation 20
0	2982
1000	3476
2000	3368
3000	3272
4000	3036
5000	2840
6000	3018
7000	2438
8000	2986
Numero di step eseguiti = 8156
Simulation 21
0	2942
1000	3522
2000	3328
3000	3164
4000	2644
5000	2450
6000	2340
7000	2958
Numero di step eseguiti = 7736
Simulation 22
0	2954
1000	3456
2000	3180
3000	3000
4000	2338
5000	2300
6000	2346
7000	3250
8000	3306
Numero di step eseguiti = 8191
Simulation 23
0	2960
Numero di step eseguiti = 507
Simulation 24
0	2942
1000	3578
2000	3546
3000	3238
4000	3002
5000	2300
6000	2268
7000	2394
8000	2056
9000	2316
10000	3174
11000	3572
Numero di step eseguiti = 11004
Simulation 25
0	2938
1000	3514
2000	3362
3000	2824
4000	2298
5000	2590
6000	2910
7000	3058
Numero di step eseguiti = 7476
Simulation 26
0	2968
1000	3588
2000	3584
3000	3422
4000	3070
5000	2554
6000	2166
7000	2858
8000	2998
9000	3030
Numero di step eseguiti = 9906
Simulation 27
0	2960
1000	3580
Numero di step eseguiti = 1348
Simulation 28
0	2936
1000	3550
2000	3504
3000	3334
4000	2886
5000	2666
6000	2234
7000	2310
8000	2894
Numero di step eseguiti = 8955
Simulation 29
0	2940
Numero di step eseguiti = 977
Simulation 30
0	2936
1000	3556
2000	3434
3000	3098
4000	2312
5000	2118
6000	2216
7000	2682
8000	2526
9000	2934
10000	3080
11000	3224
Numero di step eseguiti = 11168
Simulation 31
0	2944
1000	3572
Numero di step eseguiti = 1246
Simulation 32
0	3002
Numero di step eseguiti = 881
Simulation 33
0	2944
1000	3584
2000	3502
3000	3204
4000	2246
5000	2606
6000	2866
Numero di step eseguiti = 6936
Simulation 34
0	3002
1000	3442
2000	3288
3000	2958
4000	2648
5000	2222
6000	2116
7000	2370
8000	2048
9000	2444
10000	2310
11000	2320
12000	2528
13000	2656
Numero di step eseguiti = 13726
Simulation 35
0	3018
1000	3428
2000	3172
3000	2700
4000	2318
5000	2474
6000	2792
7000	2462
8000	2376
9000	2614
10000	2924
11000	3076
Numero di step eseguiti = 11539
Simulation 36
0	2988
1000	3592
Numero di step eseguiti = 1475
Simulation 37
0	2932
1000	3524
2000	3292
3000	2910
4000	2782
5000	2742
6000	2524
7000	2514
8000	3026
9000	3110
Numero di step eseguiti = 9519
Simulation 38
0	2980
Numero di step eseguiti = 681
Simulation 39
0	3020
1000	3586
2000	3546
3000	3294
4000	3208
5000	3180
6000	2302
7000	2190
8000	2168
9000	2468
10000	2994
Numero di step eseguiti = 10234
Simulation 40
0	2972
1000	3574
2000	3430
3000	3432
4000	3278
5000	2508
6000	2168
7000	2352
8000	2086
9000	3460
Numero di step eseguiti = 9357
Simulation 41
0	2924
1000	3472
2000	3504
3000	3428
4000	2984
5000	2850
6000	2710
7000	2632
8000	2740
9000	3080
10000	2462
11000	2658
Numero di step eseguiti = 11991
Simulation 42
0	2928
1000	3566
2000	3564
3000	3482
4000	3302
5000	2842
6000	2272
7000	2336
8000	2686
Numero di step eseguiti = 8438
Simulation 43
0	2956
1000	3554
2000	3300
3000	3000
4000	2770
5000	2134
6000	3392
7000	3568
Numero di step eseguiti = 7019
Simulation 44
0	2922
1000	3572
2000	3528
3000	3346
4000	3012
5000	2300
6000	2090
7000	2864
Numero di step eseguiti = 7739
Simulation 45
0	2952
1000	3590
2000	3398
3000	3466
4000	3394
5000	2512
6000	2416
7000	1996
8000	3006
Numero di step eseguiti = 8642
Simulation 46
0	2930
1000	3498
2000	3552
3000	3178
4000	2816
5000	2100
6000	2272
7000	2540
8000	2600
9000	2994
10000	2876
Numero di step eseguiti = 10794
Simulation 47
0	2972
Numero di step eseguiti = 813
Simulation 48
0	2964
1000	3586
Numero di step eseguiti = 1574
Simulation 49
0	2944
Numero di step eseguiti = 422
Simulation 50
0	2996
1000	3578
2000	3524
3000	3036
4000	2736
5000	2044
6000	2562
7000	2970
Numero di step eseguiti = 7439
Simulation 51
0	2980
1000	3510
2000	3134
3000	2674
4000	2498
5000	3070
Numero di step eseguiti = 5516
Simulation 52
0	2986
1000	3536
2000	3574
3000	3448
4000	3164
5000	2666
6000	2574
7000	2620
8000	2280
9000	2692
10000	2630
11000	2374
12000	2626
Numero di step eseguiti = 12828
Simulation 53
0	2900
1000	3518
2000	3222
3000	2658
4000	2414
5000	2402
6000	2238
7000	2238
8000	3208
9000	3326
Numero di step eseguiti = 9117
Simulation 54
0	2942
1000	3586
Numero di step eseguiti = 1170
Simulation 55
0	2986
1000	3580
2000	3422
3000	3494
4000	3244
5000	3122
6000	2422
7000	2304
8000	2466
9000	3148
Numero di step eseguiti = 9185
Simulation 56
0	2918
1000	3544
2000	3338
3000	3026
4000	2718
5000	2322
6000	2292
7000	2774
8000	3052
9000	3038
Numero di step eseguiti = 9458
Simulation 57
0	2938
1000	3566
2000	3570
3000	3470
4000	3116
5000	2592
6000	2646
7000	3244
Numero di step eseguiti = 7578
Simulation 58
0	2926
1000	3554
2000	3444
3000	3304
4000	3140
5000	2860
6000	2326
7000	2216
8000	2328
9000	3490
10000	3162
Numero di step eseguiti = 10140
Simulation 59
0	2966
1000	3560
2000	3368
3000	3220
4000	2952
5000	2348
6000	2176
7000	2292
8000	2812
9000	2908
Numero di step eseguiti = 9949
Simulation 60
0	2926
1000	3310
2000	3096
3000	2770
4000	2402
5000	2844
6000	2326
7000	2316
8000	2636
9000	3544
Numero di step eseguiti = 9097
Simulation 61
0	2966
1000	3576
2000	3424
3000	2628
4000	2318
5000	2338
6000	2042
7000	2090
8000	2152
9000	2496
10000	2994
Numero di step eseguiti = 10597
Simulation 62
0	2916
1000	3564
2000	3280
3000	2726
4000	2326
5000	2244
6000	2220
7000	2744
Numero di step eseguiti = 7945
Simulation 63
0	2954
1000	3418
2000	3112
3000	2678
4000	2320
5000	2330
6000	2732
7000	3034
8000	2482
9000	2572
10000	2538
11000	2512
Numero di step eseguiti = 11747
Simulation 64
0	2974
Numero di step eseguiti = 506
Simulation 65
0	2958
1000	3498
2000	3410
3000	3262
4000	2438
5000	2520
6000	2178
7000	2824
8000	2754
Numero di step eseguiti = 8649
Simulation 66
0	2956
1000	3518
2000	3540
3000	3582
4000	3550
5000	3496
6000	3414
7000	2930
8000	2316
9000	2414
10000	2712
11000	2700
12000	2582
13000	2576
14000	3312
Numero di step eseguiti = 14110
Simulation 67
0	2902
1000	3544
2000	3570
Numero di step eseguiti = 2065
Simulation 68
0	2934
1000	3540
2000	3458
3000	3414
4000	3076
5000	2826
6000	2758
7000	2562
8000	2786
9000	2358
10000	2516
11000	2412
12000	2978
Numero di step eseguiti = 12700
Simulation 69
0	2958
Numero di step eseguiti = 652
Simulation 70
0	2940
1000	3518
2000	3346
3000	2878
4000	2484
5000	2256
6000	2662
7000	2810
8000	3098
9000	3534
Numero di step eseguiti = 9308
Simulation 71
0	2978
1000	3554
2000	3466
3000	3306
4000	2930
5000	2770
6000	2740
7000	2744
Numero di step eseguiti = 7622
Simulation 72
0	2896
1000	3486
2000	3186
3000	2746
4000	2386
5000	2698
6000	2632
7000	2866
8000	3530
Numero di step eseguiti = 8029
Simulation 73
0	2998
1000	3556
2000	3404
3000	3038
4000	2394
5000	2770
6000	2740
7000	2930
8000	2930
9000	3534
Numero di step eseguiti = 9065
Simulation 74
0	2890
1000	3578
2000	3452
3000	3406
4000	3128
5000	2468
6000	2446
7000	2354
8000	2488
9000	3182
10000	3012
Numero di step eseguiti = 10212
Simulation 75
0	2900
1000	3586
2000	3450
3000	3218
4000	2770
5000	2534
6000	2222
7000	2544
8000	2670
9000	2836
Numero di step eseguiti = 9588
Simulation 76
0	2924
Numero di step eseguiti = 250
Simulation 77
0	2976
1000	3568
Numero di step eseguiti = 1852
Simulation 78
0	2966
1000	3524
2000	3466
3000	2972
4000	2282
5000	2268
6000	2558
7000	3136
8000	2930
9000	3296
Numero di step eseguiti = 9208
Simulation 79
0	2892
1000	3430
2000	3188
3000	2434
4000	2128
5000	2228
6000	2212
7000	2148
8000	2428
9000	2398
10000	2838
Numero di step eseguiti = 10873
Simulation 80
0	2922
1000	3312
2000	3454
3000	3044
4000	2902
5000	2278
6000	2154
7000	2362
8000	2260
9000	2502
10000	2260
11000	2662
12000	3324
13000	3104
Numero di step eseguiti = 13389
Simulation 81
0	2928
1000	3584
Numero di step eseguiti = 1050
Simulation 82
0	2968
Numero di step eseguiti = 271
Simulation 83
0	3006
1000	3502
2000	3302
3000	2858
4000	2680
5000	2242
6000	2380
7000	3572
Numero di step eseguiti = 7030
Simulation 84
0	2878
Numero di step eseguiti = 776
Simulation 85
0	2946
1000	3562
2000	3370
3000	3482
4000	3294
5000	3378
6000	3214
7000	2822
8000	3022
9000	2218
10000	2348
11000	2286
12000	2416
13000	2912
14000	2986
15000	3228
Numero di step eseguiti = 15152
Simulation 86
0	2898
1000	3566
2000	3562
3000	3550
4000	3118
5000	2658
6000	2434
7000	2540
8000	2846
9000	3276
10000	3024
Numero di step eseguiti = 10284
Simulation 87
0	2964
1000	3468
2000	3502
3000	3504
4000	3020
5000	2870
6000	2584
7000	2528
8000	2706
Numero di step eseguiti = 8924
Simulation 88
0	2948
1000	3470
2000	3264
3000	3278
4000	2724
5000	2218
6000	2916
7000	3172
Numero di step eseguiti = 7830
Simulation 89
0	2958
1000	3460
2000	3468
3000	2814
4000	3094
5000	3036
6000	2968
7000	3424
Numero di step eseguiti = 7327
Simulation 90
0	2936
1000	3538
2000	3270
3000	3048
4000	2622
5000	2658
6000	3282
Numero di step eseguiti = 6265
Simulation 91
0	2954
Numero di step eseguiti = 335
Simulation 92
0	3006
1000	3588
Numero di step eseguiti = 1567
Simulation 93
0	2842
1000	3530
2000	3510
3000	3162
4000	2492
5000	2330
6000	3256
7000	2904
8000	3072
Numero di step eseguiti = 8534
Simulation 94
0	2916
1000	3562
Numero di step eseguiti = 1249
Simulation 95
0	2900
1000	3556
2000	3556
3000	3372
4000	3262
5000	2358
6000	2226
7000	2020
8000	2118
9000	3042
10000	3004
Numero di step eseguiti = 10353
Simulation 96
0	2946
1000	3586
2000	3554
3000	3504
4000	3418
5000	3272
6000	2488
7000	2122
8000	2704
9000	3168
10000	3144
11000	3136
12000	3184
13000	2832
14000	2944
15000	2956
16000	3548
Numero di step eseguiti = 16005
Simulation 97
0	2974
Numero di step eseguiti = 552
Simulation 98
0	2968
1000	3508
2000	3552
3000	3550
4000	2818
5000	2798
6000	2704
7000	2404
8000	2884
Numero di step eseguiti = 8658
Simulation 99
0	2910
1000	3542
2000	3442
3000	3318
4000	3214
5000	2732
6000	2110
7000	3118
8000	2570
9000	2914
10000	2944
Numero di step eseguiti = 10526
Simulation 100
0	2954
1000	3530
2000	3470
3000	3408
4000	3164
5000	2610
6000	2232
7000	2280
Numero di step eseguiti = 7861
pos_features = 20
Simulation 1
0	3092
Numero di step eseguiti = 348
Simulation 2
0	3090
Numero di step eseguiti = 621
Simulation 3
0	3098
Numero di step eseguiti = 705
Simulation 4
0	3078
Numero di step eseguiti = 724
Simulation 5
0	3110
1000	3582
Numero di step eseguiti = 1160
Simulation 6
0	3086
1000	3570
Numero di step eseguiti = 1069
Simulation 7
0	3080
1000	3570
2000	3518
Numero di step eseguiti = 2488
Simulation 8
0	3072
Numero di step eseguiti = 192
Simulation 9
0	3092
Numero di step eseguiti = 143
Simulation 10
0	3036
Numero di step eseguiti = 621
Simulation 11
0	3088
Numero di step eseguiti = 350
Simulation 12
0	3070
Numero di step eseguiti = 435
Simulation 13
0	3128
Numero di step eseguiti = 431
Simulation 14
0	3118
Numero di step eseguiti = 121
Simulation 15
0	3106
1000	3584
Numero di step eseguiti = 1932
Simulation 16
0	3148
1000	3592
Numero di step eseguiti = 1161
Simulation 17
0	3124
Numero di step eseguiti = 429
Simulation 18
0	3130
Numero di step eseguiti = 143
Simulation 19
0	3120
1000	3594
Numero di step eseguiti = 1013
Simulation 20
0	3102
1000	3590
Numero di step eseguiti = 1486
Simulation 21
0	3112
Numero di step eseguiti = 177
Simulation 22
0	3108
Numero di step eseguiti = 238
Simulation 23
0	3110
Numero di step eseguiti = 254
Simulation 24
0	3100
Numero di step eseguiti = 263
Simulation 25
0	3098
1000	3588
Numero di step eseguiti = 1255
Simulation 26
0	3128
1000	3556
2000	3538
3000	3530
4000	3520
5000	3500
6000	3356
7000	3222
8000	2878
9000	2436
10000	2508
11000	2322
12000	2428
13000	2540
14000	2678
Numero di step eseguiti = 14958
Simulation 27
0	3086
Numero di step eseguiti = 922
Simulation 28
0	3106
Numero di step eseguiti = 296
Simulation 29
0	3106
Numero di step eseguiti = 323
Simulation 30
0	3098
Numero di step eseguiti = 373
Simulation 31
0	3076
Numero di step eseguiti = 513
Simulation 32
0	3082
Numero di step eseguiti = 453
Simulation 33
0	3108
Numero di step eseguiti = 406
Simulation 34
0	3126
Numero di step eseguiti = 337
Simulation 35
0	3098
Numero di step eseguiti = 188
Simulation 36
0	3084
Numero di step eseguiti = 603
Simulation 37
0	3052
Numero di step eseguiti = 810
Simulation 38
0	3078
Numero di step eseguiti = 584
Simulation 39
0	3048
Numero di step eseguiti = 234
Simulation 40
0	3140
Numero di step eseguiti = 219
Simulation 41
0	3062
Numero di step eseguiti = 265
Simulation 42
0	3086
Numero di step eseguiti = 405
Simulation 43
0	3086
Numero di step eseguiti = 184
Simulation 44
0	3110
Numero di step eseguiti = 489
Simulation 45
0	3120
Numero di step eseguiti = 272
Simulation 46
0	3080
Numero di step eseguiti = 226
Simulation 47
0	3082
Numero di step eseguiti = 223
Simulation 48
0	3072
Numero di step eseguiti = 195
Simulation 49
0	3106
Numero di step eseguiti = 682
Simulation 50
0	3120
1000	3586
Numero di step eseguiti = 1258
Simulation 51
0	3140
Numero di step eseguiti = 797
Simulation 52
0	3180
Numero di step eseguiti = 287
Simulation 53
0	3098
Numero di step eseguiti = 445
Simulation 54
0	3062
Numero di step eseguiti = 666
Simulation 55
0	3100
Numero di step eseguiti = 815
Simulation 56
0	3142
Numero di step eseguiti = 392
Simulation 57
0	3108
Numero di step eseguiti = 206
Simulation 58
0	3070
Numero di step eseguiti = 180
Simulation 59
0	3090
1000	3596
Numero di step eseguiti = 1101
Simulation 60
0	3144
Numero di step eseguiti = 335
Simulation 61
0	3134
Numero di step eseguiti = 200
Simulation 62
0	3152
Numero di step eseguiti = 177
Simulation 63
0	3156
Numero di step eseguiti = 344
Simulation 64
0	3106
Numero di step eseguiti = 217
Simulation 65
0	3084
Numero di step eseguiti = 310
Simulation 66
0	3086
Numero di step eseguiti = 237
Simulation 67
0	3150
Numero di step eseguiti = 362
Simulation 68
0	3078
Numero di step eseguiti = 953
Simulation 69
0	3132
Numero di step eseguiti = 208
Simulation 70
0	3100
1000	3574
2000	3564
Numero di step eseguiti = 2025
Simulation 71
0	3136
Numero di step eseguiti = 176
Simulation 72
0	3094
Numero di step eseguiti = 612
Simulation 73
0	3102
1000	3590
2000	3572
3000	3552
Numero di step eseguiti = 3980
Simulation 74
0	3124
Numero di step eseguiti = 546
Simulation 75
0	3140
Numero di step eseguiti = 827
Simulation 76
0	3076
1000	3586
Numero di step eseguiti = 1277
Simulation 77
0	3058
Numero di step eseguiti = 377
Simulation 78
0	3142
Numero di step eseguiti = 117
Simulation 79
0	3130
Numero di step eseguiti = 577
Simulation 80
0	3076
Numero di step eseguiti = 291
Simulation 81
0	3064
1000	3588
2000	3530
3000	3558
4000	3512
5000	3450
6000	3022
7000	2830
8000	2966
9000	2796
10000	2786
11000	3468
Numero di step eseguiti = 11113
Simulation 82
0	3142
Numero di step eseguiti = 178
Simulation 83
0	3072
Numero di step eseguiti = 825
Simulation 84
0	3092
Numero di step eseguiti = 533
Simulation 85
0	3134
Numero di step eseguiti = 271
Simulation 86
0	3094
Numero di step eseguiti = 169
Simulation 87
0	3056
Numero di step eseguiti = 340
Simulation 88
0	3142
Numero di step eseguiti = 450
Simulation 89
0	3174
Numero di step eseguiti = 116
Simulation 90
0	3118
Numero di step eseguiti = 225
Simulation 91
0	3076
1000	3572
2000	3562
3000	3506
4000	3564
5000	3506
6000	3480
7000	3470
8000	2998
9000	2616
10000	2598
11000	2430
12000	2146
13000	2492
14000	2412
15000	3018
Numero di step eseguiti = 15502
Simulation 92
0	3056
1000	3586
Numero di step eseguiti = 1255
Simulation 93
0	3100
Numero di step eseguiti = 784
Simulation 94
0	3066
Numero di step eseguiti = 369
Simulation 95
0	3110
Numero di step eseguiti = 183
Simulation 96
0	3120
Numero di step eseguiti = 462
Simulation 97
0	3116
Numero di step eseguiti = 193
Simulation 98
0	3120
Numero di step eseguiti = 266
Simulation 99
0	3126
Numero di step eseguiti = 772
Simulation 100
0	3082
Numero di step eseguiti = 824
pos_features = 25
Simulation 1
0	3192
Numero di step eseguiti = 388
Simulation 2
0	3138
Numero di step eseguiti = 105
Simulation 3
0	3162
Numero di step eseguiti = 277
Simulation 4
0	3198
Numero di step eseguiti = 141
Simulation 5
0	3208
Numero di step eseguiti = 175
Simulation 6
0	3222
Numero di step eseguiti = 115
Simulation 7
0	3218
Numero di step eseguiti = 519
Simulation 8
0	3254
Numero di step eseguiti = 238
Simulation 9
0	3170
Numero di step eseguiti = 98
Simulation 10
0	3230
Numero di step eseguiti = 312
Simulation 11
0	3168
Numero di step eseguiti = 121
Simulation 12
0	3206
Numero di step eseguiti = 378
Simulation 13
0	3200
Numero di step eseguiti = 176
Simulation 14
0	3150
Numero di step eseguiti = 253
Simulation 15
0	3218
Numero di step eseguiti = 761
Simulation 16
0	3204
Numero di step eseguiti = 729
Simulation 17
0	3226
Numero di step eseguiti = 676
Simulation 18
0	3204
Numero di step eseguiti = 232
Simulation 19
0	3222
Numero di step eseguiti = 173
Simulation 20
0	3192
Numero di step eseguiti = 376
Simulation 21
0	3170
Numero di step eseguiti = 482
Simulation 22
0	3166
Numero di step eseguiti = 211
Simulation 23
0	3166
Numero di step eseguiti = 131
Simulation 24
0	3178
Numero di step eseguiti = 87
Simulation 25
0	3192
1000	3564
Numero di step eseguiti = 1039
Simulation 26
0	3224
Numero di step eseguiti = 278
Simulation 27
0	3206
Numero di step eseguiti = 113
Simulation 28
0	3224
Numero di step eseguiti = 138
Simulation 29
0	3184
Numero di step eseguiti = 403
Simulation 30
0	3174
Numero di step eseguiti = 359
Simulation 31
0	3244
Numero di step eseguiti = 222
Simulation 32
0	3216
Numero di step eseguiti = 227
Simulation 33
0	3178
Numero di step eseguiti = 375
Simulation 34
0	3200
Numero di step eseguiti = 421
Simulation 35
0	3188
Numero di step eseguiti = 200
Simulation 36
0	3222
Numero di step eseguiti = 227
Simulation 37
0	3170
Numero di step eseguiti = 481
Simulation 38
0	3212
Numero di step eseguiti = 666
Simulation 39
0	3252
Numero di step eseguiti = 604
Simulation 40
0	3156
Numero di step eseguiti = 487
Simulation 41
0	3164
Numero di step eseguiti = 356
Simulation 42
0	3196
Numero di step eseguiti = 138
Simulation 43
0	3172
Numero di step eseguiti = 180
Simulation 44
0	3210
Numero di step eseguiti = 275
Simulation 45
0	3224
Numero di step eseguiti = 182
Simulation 46
0	3202
Numero di step eseguiti = 260
Simulation 47
0	3170
Numero di step eseguiti = 313
Simulation 48
0	3178
Numero di step eseguiti = 213
Simulation 49
0	3158
Numero di step eseguiti = 179
Simulation 50
0	3206
Numero di step eseguiti = 220
Simulation 51
0	3186
Numero di step eseguiti = 336
Simulation 52
0	3206
Numero di step eseguiti = 114
Simulation 53
0	3184
Numero di step eseguiti = 161
Simulation 54
0	3220
Numero di step eseguiti = 267
Simulation 55
0	3162
Numero di step eseguiti = 360
Simulation 56
0	3218
Numero di step eseguiti = 144
Simulation 57
0	3162
Numero di step eseguiti = 115
Simulation 58
0	3186
Numero di step eseguiti = 254
Simulation 59
0	3170
1000	3584
Numero di step eseguiti = 1048
Simulation 60
0	3194
Numero di step eseguiti = 152
Simulation 61
0	3212
Numero di step eseguiti = 259
Simulation 62
0	3168
Numero di step eseguiti = 89
Simulation 63
0	3266
Numero di step eseguiti = 75
Simulation 64
0	3208
Numero di step eseguiti = 220
Simulation 65
0	3170
Numero di step eseguiti = 244
Simulation 66
0	3190
Numero di step eseguiti = 371
Simulation 67
0	3138
Numero di step eseguiti = 115
Simulation 68
0	3246
Numero di step eseguiti = 154
Simulation 69
0	3178
Numero di step eseguiti = 199
Simulation 70
0	3202
Numero di step eseguiti = 149
Simulation 71
0	3184
Numero di step eseguiti = 243
Simulation 72
0	3196
Numero di step eseguiti = 372
Simulation 73
0	3236
Numero di step eseguiti = 263
Simulation 74
0	3194
Numero di step eseguiti = 127
Simulation 75
0	3208
Numero di step eseguiti = 181
Simulation 76
0	3256
Numero di step eseguiti = 129
Simulation 77
0	3200
Numero di step eseguiti = 420
Simulation 78
0	3148
Numero di step eseguiti = 142
Simulation 79
0	3210
Numero di step eseguiti = 234
Simulation 80
0	3170
Numero di step eseguiti = 211
Simulation 81
0	3218
Numero di step eseguiti = 300
Simulation 82
0	3204
Numero di step eseguiti = 223
Simulation 83
0	3194
Numero di step eseguiti = 145
Simulation 84
0	3172
Numero di step eseguiti = 335
Simulation 85
0	3208
Numero di step eseguiti = 154
Simulation 86
0	3222
Numero di step eseguiti = 108
Simulation 87
0	3220
Numero di step eseguiti = 117
Simulation 88
0	3184
Numero di step eseguiti = 284
Simulation 89
0	3190
Numero di step eseguiti = 270
Simulation 90
0	3166
Numero di step eseguiti = 247
Simulation 91
0	3160
Numero di step eseguiti = 363
Simulation 92
0	3108
Numero di step eseguiti = 477
Simulation 93
0	3208
Numero di step eseguiti = 293
Simulation 94
0	3182
Numero di step eseguiti = 208
Simulation 95
0	3222
Numero di step eseguiti = 187
Simulation 96
0	3188
Numero di step eseguiti = 183
Simulation 97
0	3176
Numero di step eseguiti = 150
Simulation 98
0	3172
Numero di step eseguiti = 129
Simulation 99
0	3210
Numero di step eseguiti = 236
Simulation 100
0	3148
Numero di step eseguiti = 852
pos_features = 30
Simulation 1
0	3262
Numero di step eseguiti = 269
Simulation 2
0	3210
Numero di step eseguiti = 121
Simulation 3
0	3270
Numero di step eseguiti = 200
Simulation 4
0	3250
Numero di step eseguiti = 339
Simulation 5
0	3262
Numero di step eseguiti = 174
Simulation 6
0	3316
Numero di step eseguiti = 244
Simulation 7
0	3278
Numero di step eseguiti = 125
Simulation 8
0	3274
Numero di step eseguiti = 192
Simulation 9
0	3216
Numero di step eseguiti = 529
Simulation 10
0	3258
Numero di step eseguiti = 181
Simulation 11
0	3278
Numero di step eseguiti = 205
Simulation 12
0	3260
Numero di step eseguiti = 166
Simulation 13
0	3206
Numero di step eseguiti = 106
Simulation 14
0	3282
Numero di step eseguiti = 173
Simulation 15
0	3266
Numero di step eseguiti = 195
Simulation 16
0	3208
Numero di step eseguiti = 180
Simulation 17
0	3304
Numero di step eseguiti = 185
Simulation 18
0	3246
Numero di step eseguiti = 82
Simulation 19
0	3250
Numero di step eseguiti = 153
Simulation 20
0	3262
Numero di step eseguiti = 183
Simulation 21
0	3270
Numero di step eseguiti = 195
Simulation 22
0	3244
Numero di step eseguiti = 356
Simulation 23
0	3250
Numero di step eseguiti = 176
Simulation 24
0	3260
Numero di step eseguiti = 66
Simulation 25
0	3288
Numero di step eseguiti = 289
Simulation 26
0	3266
Numero di step eseguiti = 176
Simulation 27
0	3302
Numero di step eseguiti = 327
Simulation 28
0	3258
Numero di step eseguiti = 238
Simulation 29
0	3238
Numero di step eseguiti = 135
Simulation 30
0	3290
Numero di step eseguiti = 307
Simulation 31
0	3260
Numero di step eseguiti = 150
Simulation 32
0	3254
Numero di step eseguiti = 106
Simulation 33
0	3308
Numero di step eseguiti = 206
Simulation 34
0	3260
Numero di step eseguiti = 495
Simulation 35
0	3238
Numero di step eseguiti = 81
Simulation 36
0	3238
Numero di step eseguiti = 256
Simulation 37
0	3264
Numero di step eseguiti = 308
Simulation 38
0	3250
Numero di step eseguiti = 269
Simulation 39
0	3286
Numero di step eseguiti = 120
Simulation 40
0	3254
Numero di step eseguiti = 193
Simulation 41
0	3270
Numero di step eseguiti = 137
Simulation 42
0	3262
Numero di step eseguiti = 106
Simulation 43
0	3208
Numero di step eseguiti = 295
Simulation 44
0	3264
Numero di step eseguiti = 203
Simulation 45
0	3246
Numero di step eseguiti = 107
Simulation 46
0	3260
Numero di step eseguiti = 174
Simulation 47
0	3232
Numero di step eseguiti = 88
Simulation 48
0	3248
Numero di step eseguiti = 162
Simulation 49
0	3240
Numero di step eseguiti = 92
Simulation 50
0	3244
Numero di step eseguiti = 163
Simulation 51
0	3300
Numero di step eseguiti = 236
Simulation 52
0	3290
Numero di step eseguiti = 82
Simulation 53
0	3284
Numero di step eseguiti = 312
Simulation 54
0	3290
Numero di step eseguiti = 692
Simulation 55
0	3228
Numero di step eseguiti = 293
Simulation 56
0	3262
Numero di step eseguiti = 116
Simulation 57
0	3280
Numero di step eseguiti = 488
Simulation 58
0	3260
Numero di step eseguiti = 494
Simulation 59
0	3282
Numero di step eseguiti = 247
Simulation 60
0	3242
Numero di step eseguiti = 102
Simulation 61
0	3264
Numero di step eseguiti = 72
Simulation 62
0	3258
Numero di step eseguiti = 114
Simulation 63
0	3270
Numero di step eseguiti = 134
Simulation 64
0	3264
Numero di step eseguiti = 896
Simulation 65
0	3232
Numero di step eseguiti = 170
Simulation 66
0	3252
Numero di step eseguiti = 282
Simulation 67
0	3256
Numero di step eseguiti = 677
Simulation 68
0	3264
Numero di step eseguiti = 164
Simulation 69
0	3246
Numero di step eseguiti = 200
Simulation 70
0	3270
Numero di step eseguiti = 146
Simulation 71
0	3264
Numero di step eseguiti = 105
Simulation 72
0	3250
Numero di step eseguiti = 307
Simulation 73
0	3260
Numero di step eseguiti = 100
Simulation 74
0	3252
Numero di step eseguiti = 283
Simulation 75
0	3294
Numero di step eseguiti = 398
Simulation 76
0	3220
Numero di step eseguiti = 116
Simulation 77
0	3274
Numero di step eseguiti = 106
Simulation 78
0	3240
Numero di step eseguiti = 173
Simulation 79
0	3282
Numero di step eseguiti = 93
Simulation 80
0	3212
Numero di step eseguiti = 229
Simulation 81
0	3254
Numero di step eseguiti = 78
Simulation 82
0	3236
Numero di step eseguiti = 99
Simulation 83
0	3224
Numero di step eseguiti = 135
Simulation 84
0	3296
Numero di step eseguiti = 283
Simulation 85
0	3272
Numero di step eseguiti = 81
Simulation 86
0	3266
Numero di step eseguiti = 101
Simulation 87
0	3232
Numero di step eseguiti = 129
Simulation 88
0	3282
Numero di step eseguiti = 206
Simulation 89
0	3230
Numero di step eseguiti = 619
Simulation 90
0	3284
Numero di step eseguiti = 76
Simulation 91
0	3266
Numero di step eseguiti = 157
Simulation 92
0	3274
Numero di step eseguiti = 762
Simulation 93
0	3286
Numero di step eseguiti = 116
Simulation 94
0	3268
Numero di step eseguiti = 111
Simulation 95
0	3264
Numero di step eseguiti = 219
Simulation 96
0	3286
Numero di step eseguiti = 83
Simulation 97
0	3252
Numero di step eseguiti = 124
Simulation 98
0	3260
Numero di step eseguiti = 53
Simulation 99
0	3260
Numero di step eseguiti = 121
Simulation 100
0	3292
Numero di step eseguiti = 148
pos_features = 35
Simulation 1
0	3274
Numero di step eseguiti = 140
Simulation 2
0	3276
Numero di step eseguiti = 219
Simulation 3
0	3344
Numero di step eseguiti = 93
Simulation 4
0	3318
Numero di step eseguiti = 111
Simulation 5
0	3296
Numero di step eseguiti = 216
Simulation 6
0	3310
Numero di step eseguiti = 204
Simulation 7
0	3312
Numero di step eseguiti = 114
Simulation 8
0	3274
Numero di step eseguiti = 112
Simulation 9
0	3302
Numero di step eseguiti = 109
Simulation 10
0	3348
Numero di step eseguiti = 84
Simulation 11
0	3296
Numero di step eseguiti = 106
Simulation 12
0	3304
Numero di step eseguiti = 56
Simulation 13
0	3324
Numero di step eseguiti = 115
Simulation 14
0	3308
Numero di step eseguiti = 154
Simulation 15
0	3272
Numero di step eseguiti = 146
Simulation 16
0	3280
Numero di step eseguiti = 145
Simulation 17
0	3262
Numero di step eseguiti = 96
Simulation 18
0	3346
Numero di step eseguiti = 71
Simulation 19
0	3306
Numero di step eseguiti = 113
Simulation 20
0	3304
Numero di step eseguiti = 78
Simulation 21
0	3260
Numero di step eseguiti = 70
Simulation 22
0	3294
Numero di step eseguiti = 94
Simulation 23
0	3272
Numero di step eseguiti = 323
Simulation 24
0	3286
Numero di step eseguiti = 139
Simulation 25
0	3342
Numero di step eseguiti = 202
Simulation 26
0	3306
Numero di step eseguiti = 114
Simulation 27
0	3272
Numero di step eseguiti = 103
Simulation 28
0	3332
Numero di step eseguiti = 95
Simulation 29
0	3336
Numero di step eseguiti = 88
Simulation 30
0	3332
Numero di step eseguiti = 128
Simulation 31
0	3310
Numero di step eseguiti = 196
Simulation 32
0	3286
Numero di step eseguiti = 92
Simulation 33
0	3250
Numero di step eseguiti = 89
Simulation 34
0	3334
Numero di step eseguiti = 88
Simulation 35
0	3290
Numero di step eseguiti = 233
Simulation 36
0	3294
Numero di step eseguiti = 131
Simulation 37
0	3306
Numero di step eseguiti = 110
Simulation 38
0	3286
Numero di step eseguiti = 152
Simulation 39
0	3272
Numero di step eseguiti = 257
Simulation 40
0	3290
Numero di step eseguiti = 73
Simulation 41
0	3296
Numero di step eseguiti = 109
Simulation 42
0	3278
Numero di step eseguiti = 56
Simulation 43
0	3290
Numero di step eseguiti = 134
Simulation 44
0	3276
Numero di step eseguiti = 177
Simulation 45
0	3314
Numero di step eseguiti = 53
Simulation 46
0	3274
Numero di step eseguiti = 154
Simulation 47
0	3286
Numero di step eseguiti = 72
Simulation 48
0	3340
Numero di step eseguiti = 77
Simulation 49
0	3294
Numero di step eseguiti = 61
Simulation 50
0	3316
Numero di step eseguiti = 251
Simulation 51
0	3322
Numero di step eseguiti = 85
Simulation 52
0	3338
Numero di step eseguiti = 183
Simulation 53
0	3308
Numero di step eseguiti = 82
Simulation 54
0	3312
Numero di step eseguiti = 95
Simulation 55
0	3290
Numero di step eseguiti = 177
Simulation 56
0	3332
Numero di step eseguiti = 156
Simulation 57
0	3262
Numero di step eseguiti = 82
Simulation 58
0	3312
Numero di step eseguiti = 109
Simulation 59
0	3316
Numero di step eseguiti = 164
Simulation 60
0	3314
Numero di step eseguiti = 134
Simulation 61
0	3280
Numero di step eseguiti = 105
Simulation 62
0	3308
Numero di step eseguiti = 117
Simulation 63
0	3300
Numero di step eseguiti = 77
Simulation 64
0	3318
Numero di step eseguiti = 64
Simulation 65
0	3318
Numero di step eseguiti = 180
Simulation 66
0	3276
Numero di step eseguiti = 124
Simulation 67
0	3332
Numero di step eseguiti = 87
Simulation 68
0	3290
Numero di step eseguiti = 114
Simulation 69
0	3302
Numero di step eseguiti = 101
Simulation 70
0	3348
Numero di step eseguiti = 58
Simulation 71
0	3300
Numero di step eseguiti = 195
Simulation 72
0	3286
Numero di step eseguiti = 337
Simulation 73
0	3312
Numero di step eseguiti = 283
Simulation 74
0	3266
Numero di step eseguiti = 100
Simulation 75
0	3278
Numero di step eseguiti = 107
Simulation 76
0	3290
Numero di step eseguiti = 133
Simulation 77
0	3310
Numero di step eseguiti = 125
Simulation 78
0	3264
Numero di step eseguiti = 196
Simulation 79
0	3290
Numero di step eseguiti = 472
Simulation 80
0	3308
Numero di step eseguiti = 128
Simulation 81
0	3318
Numero di step eseguiti = 130
Simulation 82
0	3332
Numero di step eseguiti = 97
Simulation 83
0	3258
Numero di step eseguiti = 307
Simulation 84
0	3298
Numero di step eseguiti = 116
Simulation 85
0	3308
Numero di step eseguiti = 99
Simulation 86
0	3308
Numero di step eseguiti = 141
Simulation 87
0	3282
Numero di step eseguiti = 201
Simulation 88
0	3288
Numero di step eseguiti = 105
Simulation 89
0	3332
Numero di step eseguiti = 208
Simulation 90
0	3324
Numero di step eseguiti = 102
Simulation 91
0	3288
Numero di step eseguiti = 113
Simulation 92
0	3310
Numero di step eseguiti = 76
Simulation 93
0	3298
Numero di step eseguiti = 128
Simulation 94
0	3268
Numero di step eseguiti = 52
Simulation 95
0	3310
Numero di step eseguiti = 162
Simulation 96
0	3302
Numero di step eseguiti = 183
Simulation 97
0	3264
Numero di step eseguiti = 85
Simulation 98
0	3304
Numero di step eseguiti = 62
Simulation 99
0	3324
Numero di step eseguiti = 134
Simulation 100
0	3260
Numero di step eseguiti = 145
pos_features = 40
Simulation 1
0	3384
Numero di step eseguiti = 86
Simulation 2
0	3340
Numero di step eseguiti = 77
Simulation 3
0	3360
Numero di step eseguiti = 104
Simulation 4
0	3336
Numero di step eseguiti = 138
Simulation 5
0	3350
Numero di step eseguiti = 110
Simulation 6
0	3382
Numero di step eseguiti = 202
Simulation 7
0	3318
Numero di step eseguiti = 117
Simulation 8
0	3344
Numero di step eseguiti = 155
Simulation 9
0	3314
Numero di step eseguiti = 175
Simulation 10
0	3344
Numero di step eseguiti = 111
Simulation 11
0	3364
Numero di step eseguiti = 80
Simulation 12
0	3306
Numero di step eseguiti = 103
Simulation 13
0	3352
Numero di step eseguiti = 198
Simulation 14
0	3372
Numero di step eseguiti = 138
Simulation 15
0	3362
Numero di step eseguiti = 62
Simulation 16
0	3344
Numero di step eseguiti = 111
Simulation 17
0	3330
Numero di step eseguiti = 288
Simulation 18
0	3362
Numero di step eseguiti = 220
Simulation 19
0	3350
Numero di step eseguiti = 161
Simulation 20
0	3348
Numero di step eseguiti = 64
Simulation 21
0	3308
Numero di step eseguiti = 188
Simulation 22
0	3326
Numero di step eseguiti = 150
Simulation 23
0	3332
Numero di step eseguiti = 52
Simulation 24
0	3322
Numero di step eseguiti = 92
Simulation 25
0	3350
Numero di step eseguiti = 109
Simulation 26
0	3294
Numero di step eseguiti = 129
Simulation 27
0	3332
Numero di step eseguiti = 158
Simulation 28
0	3320
Numero di step eseguiti = 89
Simulation 29
0	3346
Numero di step eseguiti = 61
Simulation 30
0	3372
Numero di step eseguiti = 187
Simulation 31
0	3316
Numero di step eseguiti = 104
Simulation 32
0	3366
Numero di step eseguiti = 181
Simulation 33
0	3338
Numero di step eseguiti = 153
Simulation 34
0	3308
Numero di step eseguiti = 54
Simulation 35
0	3366
Numero di step eseguiti = 74
Simulation 36
0	3392
Numero di step eseguiti = 60
Simulation 37
0	3354
Numero di step eseguiti = 90
Simulation 38
0	3370
Numero di step eseguiti = 131
Simulation 39
0	3372
Numero di step eseguiti = 130
Simulation 40
0	3334
Numero di step eseguiti = 59
Simulation 41
0	3324
Numero di step eseguiti = 117
Simulation 42
0	3330
Numero di step eseguiti = 218
Simulation 43
0	3314
Numero di step eseguiti = 209
Simulation 44
0	3386
Numero di step eseguiti = 91
Simulation 45
0	3312
Numero di step eseguiti = 100
Simulation 46
0	3348
Numero di step eseguiti = 77
Simulation 47
0	3354
Numero di step eseguiti = 72
Simulation 48
0	3350
Numero di step eseguiti = 85
Simulation 49
0	3366
Numero di step eseguiti = 63
Simulation 50
0	3346
Numero di step eseguiti = 462
Simulation 51
0	3316
Numero di step eseguiti = 52
Simulation 52
0	3298
Numero di step eseguiti = 113
Simulation 53
0	3320
Numero di step eseguiti = 114
Simulation 54
0	3366
Numero di step eseguiti = 58
Simulation 55
0	3350
Numero di step eseguiti = 67
Simulation 56
0	3310
Numero di step eseguiti = 127
Simulation 57
0	3328
Numero di step eseguiti = 50
Simulation 58
0	3318
Numero di step eseguiti = 175
Simulation 59
0	3418
Numero di step eseguiti = 103
Simulation 60
0	3382
Numero di step eseguiti = 67
Simulation 61
0	3330
Numero di step eseguiti = 111
Simulation 62
0	3318
Numero di step eseguiti = 71
Simulation 63
0	3358
Numero di step eseguiti = 125
Simulation 64
0	3332
Numero di step eseguiti = 50
Simulation 65
0	3356
Numero di step eseguiti = 59
Simulation 66
0	3356
Numero di step eseguiti = 75
Simulation 67
0	3340
Numero di step eseguiti = 105
Simulation 68
0	3282
Numero di step eseguiti = 106
Simulation 69
0	3332
Numero di step eseguiti = 115
Simulation 70
0	3350
Numero di step eseguiti = 104
Simulation 71
0	3302
Numero di step eseguiti = 184
Simulation 72
0	3346
Numero di step eseguiti = 95
Simulation 73
0	3302
Numero di step eseguiti = 168
Simulation 74
0	3338
Numero di step eseguiti = 80
Simulation 75
0	3372
Numero di step eseguiti = 64
Simulation 76
0	3354
Numero di step eseguiti = 83
Simulation 77
0	3366
Numero di step eseguiti = 140
Simulation 78
0	3302
Numero di step eseguiti = 96
Simulation 79
0	3338
Numero di step eseguiti = 78
Simulation 80
0	3318
Numero di step eseguiti = 157
Simulation 81
0	3376
Numero di step eseguiti = 99
Simulation 82
0	3308
Numero di step eseguiti = 177
Simulation 83
0	3372
Numero di step eseguiti = 102
Simulation 84
0	3336
Numero di step eseguiti = 126
Simulation 85
0	3370
Numero di step eseguiti = 57
Simulation 86
0	3342
Numero di step eseguiti = 83
Simulation 87
0	3334
Numero di step eseguiti = 288
Simulation 88
0	3342
Numero di step eseguiti = 91
Simulation 89
0	3318
Numero di step eseguiti = 114
Simulation 90
0	3326
Numero di step eseguiti = 110
Simulation 91
0	3322
Numero di step eseguiti = 56
Simulation 92
0	3338
Numero di step eseguiti = 98
Simulation 93
0	3310
Numero di step eseguiti = 114
Simulation 94
0	3318
Numero di step eseguiti = 100
Simulation 95
0	3338
Numero di step eseguiti = 71
Simulation 96
0	3352
Numero di step eseguiti = 141
Simulation 97
0	3398
Numero di step eseguiti = 62
Simulation 98
0	3318
Numero di step eseguiti = 108
Simulation 99
0	3356
Numero di step eseguiti = 88
Simulation 100
0	3356
Numero di step eseguiti = 101
pos_features = 45
Simulation 1
0	3402
Numero di step eseguiti = 40
Simulation 2
0	3386
Numero di step eseguiti = 95
Simulation 3
0	3372
Numero di step eseguiti = 108
Simulation 4
0	3342
Numero di step eseguiti = 140
Simulation 5
0	3418
Numero di step eseguiti = 106
Simulation 6
0	3370
Numero di step eseguiti = 89
Simulation 7
0	3346
Numero di step eseguiti = 45
Simulation 8
0	3412
Numero di step eseguiti = 56
Simulation 9
0	3372
Numero di step eseguiti = 78
Simulation 10
0	3362
Numero di step eseguiti = 106
Simulation 11
0	3390
Numero di step eseguiti = 49
Simulation 12
0	3372
Numero di step eseguiti = 104
Simulation 13
0	3392
Numero di step eseguiti = 96
Simulation 14
0	3380
Numero di step eseguiti = 220
Simulation 15
0	3372
Numero di step eseguiti = 87
Simulation 16
0	3378
Numero di step eseguiti = 63
Simulation 17
0	3366
Numero di step eseguiti = 61
Simulation 18
0	3348
Numero di step eseguiti = 151
Simulation 19
0	3368
Numero di step eseguiti = 132
Simulation 20
0	3382
Numero di step eseguiti = 37
Simulation 21
0	3398
Numero di step eseguiti = 160
Simulation 22
0	3382
Numero di step eseguiti = 90
Simulation 23
0	3396
Numero di step eseguiti = 47
Simulation 24
0	3390
Numero di step eseguiti = 42
Simulation 25
0	3398
Numero di step eseguiti = 145
Simulation 26
0	3394
Numero di step eseguiti = 55
Simulation 27
0	3354
Numero di step eseguiti = 76
Simulation 28
0	3362
Numero di step eseguiti = 122
Simulation 29
0	3386
Numero di step eseguiti = 89
Simulation 30
0	3392
Numero di step eseguiti = 48
Simulation 31
0	3362
Numero di step eseguiti = 78
Simulation 32
0	3376
Numero di step eseguiti = 70
Simulation 33
0	3350
Numero di step eseguiti = 205
Simulation 34
0	3428
Numero di step eseguiti = 42
Simulation 35
0	3370
Numero di step eseguiti = 55
Simulation 36
0	3394
Numero di step eseguiti = 77
Simulation 37
0	3380
Numero di step eseguiti = 79
Simulation 38
0	3336
Numero di step eseguiti = 62
Simulation 39
0	3346
Numero di step eseguiti = 79
Simulation 40
0	3374
Numero di step eseguiti = 244
Simulation 41
0	3424
Numero di step eseguiti = 78
Simulation 42
0	3362
Numero di step eseguiti = 81
Simulation 43
0	3360
Numero di step eseguiti = 63
Simulation 44
0	3368
Numero di step eseguiti = 176
Simulation 45
0	3390
Numero di step eseguiti = 112
Simulation 46
0	3352
Numero di step eseguiti = 66
Simulation 47
0	3392
Numero di step eseguiti = 107
Simulation 48
0	3402
Numero di step eseguiti = 61
Simulation 49
0	3342
Numero di step eseguiti = 49
Simulation 50
0	3374
Numero di step eseguiti = 65
Simulation 51
0	3370
Numero di step eseguiti = 68
Simulation 52
0	3352
Numero di step eseguiti = 73
Simulation 53
0	3346
Numero di step eseguiti = 195
Simulation 54
0	3382
Numero di step eseguiti = 237
Simulation 55
0	3328
Numero di step eseguiti = 154
Simulation 56
0	3360
Numero di step eseguiti = 58
Simulation 57
0	3354
Numero di step eseguiti = 115
Simulation 58
0	3370
Numero di step eseguiti = 95
Simulation 59
0	3374
Numero di step eseguiti = 121
Simulation 60
0	3378
Numero di step eseguiti = 89
Simulation 61
0	3384
Numero di step eseguiti = 66
Simulation 62
0	3388
Numero di step eseguiti = 118
Simulation 63
0	3324
Numero di step eseguiti = 98
Simulation 64
0	3382
Numero di step eseguiti = 116
Simulation 65
0	3362
Numero di step eseguiti = 131
Simulation 66
0	3352
Numero di step eseguiti = 84
Simulation 67
0	3370
Numero di step eseguiti = 114
Simulation 68
0	3384
Numero di step eseguiti = 56
Simulation 69
0	3404
Numero di step eseguiti = 66
Simulation 70
0	3354
Numero di step eseguiti = 136
Simulation 71
0	3344
Numero di step eseguiti = 84
Simulation 72
0	3384
Numero di step eseguiti = 259
Simulation 73
0	3344
Numero di step eseguiti = 48
Simulation 74
0	3350
Numero di step eseguiti = 82
Simulation 75
0	3378
Numero di step eseguiti = 51
Simulation 76
0	3380
Numero di step eseguiti = 75
Simulation 77
0	3384
Numero di step eseguiti = 59
Simulation 78
0	3376
Numero di step eseguiti = 65
Simulation 79
0	3338
Numero di step eseguiti = 135
Simulation 80
0	3382
Numero di step eseguiti = 71
Simulation 81
0	3386
Numero di step eseguiti = 53
Simulation 82
0	3406
Numero di step eseguiti = 102
Simulation 83
0	3376
Numero di step eseguiti = 55
Simulation 84
0	3334
Numero di step eseguiti = 65
Simulation 85
0	3370
Numero di step eseguiti = 56
Simulation 86
0	3364
Numero di step eseguiti = 96
Simulation 87
0	3384
Numero di step eseguiti = 43
Simulation 88
0	3330
Numero di step eseguiti = 316
Simulation 89
0	3394
Numero di step eseguiti = 73
Simulation 90
0	3372
Numero di step eseguiti = 118
Simulation 91
0	3372
Numero di step eseguiti = 167
Simulation 92
0	3364
Numero di step eseguiti = 64
Simulation 93
0	3394
Numero di step eseguiti = 104
Simulation 94
0	3384
Numero di step eseguiti = 67
Simulation 95
0	3364
Numero di step eseguiti = 151
Simulation 96
0	3388
Numero di step eseguiti = 68
Simulation 97
0	3364
Numero di step eseguiti = 123
Simulation 98
0	3338
Numero di step eseguiti = 75
Simulation 99
0	3368
Numero di step eseguiti = 117
Simulation 100
0	3368
Numero di step eseguiti = 115
pos_features = 50
Simulation 1
0	3404
Numero di step eseguiti = 111
Simulation 2
0	3400
Numero di step eseguiti = 89
Simulation 3
0	3390
Numero di step eseguiti = 79
Simulation 4
0	3354
Numero di step eseguiti = 89
Simulation 5
0	3430
Numero di step eseguiti = 79
Simulation 6
0	3432
Numero di step eseguiti = 96
Simulation 7
0	3400
Numero di step eseguiti = 71
Simulation 8
0	3398
Numero di step eseguiti = 62
Simulation 9
0	3374
Numero di step eseguiti = 53
Simulation 10
0	3422
Numero di step eseguiti = 81
Simulation 11
0	3408
Numero di step eseguiti = 110
Simulation 12
0	3372
Numero di step eseguiti = 52
Simulation 13
0	3372
Numero di step eseguiti = 97
Simulation 14
0	3356
Numero di step eseguiti = 166
Simulation 15
0	3396
Numero di step eseguiti = 149
Simulation 16
0	3406
Numero di step eseguiti = 236
Simulation 17
0	3406
Numero di step eseguiti = 89
Simulation 18
0	3406
Numero di step eseguiti = 61
Simulation 19
0	3398
Numero di step eseguiti = 93
Simulation 20
0	3430
Numero di step eseguiti = 72
Simulation 21
0	3374
Numero di step eseguiti = 70
Simulation 22
0	3440
Numero di step eseguiti = 44
Simulation 23
0	3400
Numero di step eseguiti = 55
Simulation 24
0	3380
Numero di step eseguiti = 78
Simulation 25
0	3360
Numero di step eseguiti = 105
Simulation 26
0	3380
Numero di step eseguiti = 78
Simulation 27
0	3412
Numero di step eseguiti = 40
Simulation 28
0	3388
Numero di step eseguiti = 72
Simulation 29
0	3386
Numero di step eseguiti = 55
Simulation 30
0	3416
Numero di step eseguiti = 31
Simulation 31
0	3412
Numero di step eseguiti = 94
Simulation 32
0	3398
Numero di step eseguiti = 93
Simulation 33
0	3412
Numero di step eseguiti = 44
Simulation 34
0	3398
Numero di step eseguiti = 102
Simulation 35
0	3424
Numero di step eseguiti = 55
Simulation 36
0	3406
Numero di step eseguiti = 64
Simulation 37
0	3366
Numero di step eseguiti = 83
Simulation 38
0	3334
Numero di step eseguiti = 92
Simulation 39
0	3378
Numero di step eseguiti = 146
Simulation 40
0	3410
Numero di step eseguiti = 70
Simulation 41
0	3398
Numero di step eseguiti = 171
Simulation 42
0	3382
Numero di step eseguiti = 59
Simulation 43
0	3390
Numero di step eseguiti = 98
Simulation 44
0	3388
Numero di step eseguiti = 73
Simulation 45
0	3394
Numero di step eseguiti = 173
Simulation 46
0	3394
Numero di step eseguiti = 48
Simulation 47
0	3376
Numero di step eseguiti = 88
Simulation 48
0	3380
Numero di step eseguiti = 97
Simulation 49
0	3392
Numero di step eseguiti = 35
Simulation 50
0	3382
Numero di step eseguiti = 88
Simulation 51
0	3392
Numero di step eseguiti = 104
Simulation 52
0	3384
Numero di step eseguiti = 178
Simulation 53
0	3384
Numero di step eseguiti = 166
Simulation 54
0	3368
Numero di step eseguiti = 101
Simulation 55
0	3424
Numero di step eseguiti = 66
Simulation 56
0	3382
Numero di step eseguiti = 61
Simulation 57
0	3388
Numero di step eseguiti = 44
Simulation 58
0	3410
Numero di step eseguiti = 106
Simulation 59
0	3408
Numero di step eseguiti = 103
Simulation 60
0	3396
Numero di step eseguiti = 105
Simulation 61
0	3370
Numero di step eseguiti = 36
Simulation 62
0	3396
Numero di step eseguiti = 117
Simulation 63
0	3372
Numero di step eseguiti = 39
Simulation 64
0	3378
Numero di step eseguiti = 79
Simulation 65
0	3386
Numero di step eseguiti = 70
Simulation 66
0	3348
Numero di step eseguiti = 124
Simulation 67
0	3388
Numero di step eseguiti = 104
Simulation 68
0	3386
Numero di step eseguiti = 202
Simulation 69
0	3390
Numero di step eseguiti = 110
Simulation 70
0	3430
Numero di step eseguiti = 59
Simulation 71
0	3396
Numero di step eseguiti = 94
Simulation 72
0	3356
Numero di step eseguiti = 67
Simulation 73
0	3378
Numero di step eseguiti = 62
Simulation 74
0	3386
Numero di step eseguiti = 61
Simulation 75
0	3384
Numero di step eseguiti = 66
Simulation 76
0	3418
Numero di step eseguiti = 190
Simulation 77
0	3428
Numero di step eseguiti = 77
Simulation 78
0	3406
Numero di step eseguiti = 68
Simulation 79
0	3402
Numero di step eseguiti = 119
Simulation 80
0	3398
Numero di step eseguiti = 100
Simulation 81
0	3408
Numero di step eseguiti = 98
Simulation 82
0	3364
Numero di step eseguiti = 24
Simulation 83
0	3356
Numero di step eseguiti = 57
Simulation 84
0	3398
Numero di step eseguiti = 84
Simulation 85
0	3392
Numero di step eseguiti = 108
Simulation 86
0	3408
Numero di step eseguiti = 62
Simulation 87
0	3384
Numero di step eseguiti = 37
Simulation 88
0	3408
Numero di step eseguiti = 93
Simulation 89
0	3382
Numero di step eseguiti = 87
Simulation 90
0	3392
Numero di step eseguiti = 93
Simulation 91
0	3422
Numero di step eseguiti = 136
Simulation 92
0	3440
Numero di step eseguiti = 39
Simulation 93
0	3418
Numero di step eseguiti = 79
Simulation 94
0	3418
Numero di step eseguiti = 75
Simulation 95
0	3386
Numero di step eseguiti = 60
Simulation 96
0	3356
Numero di step eseguiti = 45
Simulation 97
0	3380
Numero di step eseguiti = 108
Simulation 98
0	3388
Numero di step eseguiti = 111
Simulation 99
0	3392
Numero di step eseguiti = 160
Simulation 100
0	3362
Numero di step eseguiti = 121
