Using default parameters: 
	- linear edge agents 30
	- agents 900
	- features 3
	- number of possible values for any feature 4000
	- number of iterations 100
	- degree 8
	- delta 2.000000
	- maxSide 1
Initializing Model ... 
Numero di links 7200
pos_features = 50
Simulation 1
0	6765
1000	6899
2000	6725
3000	6632
4000	5282
5000	3807
6000	2862
7000	2749
Numero di step eseguiti = 7441
Simulation 2
0	6740
1000	6931
2000	6704
3000	5337
4000	4489
5000	4034
6000	3674
7000	2896
8000	2909
9000	2693
10000	2888
11000	2692
12000	2924
Numero di step eseguiti = 12750
Simulation 3
0	6794
1000	6918
2000	6581
3000	5993
4000	4421
5000	3556
6000	3237
7000	3008
8000	2945
9000	3672
10000	2750
Numero di step eseguiti = 10230
Simulation 4
0	6789
1000	6937
2000	6613
3000	6386
4000	4693
5000	3738
6000	3066
7000	2639
8000	2555
Numero di step eseguiti = 8649
Simulation 5
0	6772
1000	6888
2000	6570
3000	5040
4000	3919
5000	3402
6000	3223
7000	3032
8000	2801
9000	2910
10000	2725
11000	2837
Numero di step eseguiti = 11255
Simulation 6
0	6748
1000	6937
2000	6421
3000	5535
4000	4057
5000	3662
6000	3073
7000	2962
8000	3173
9000	3140
10000	2849
Numero di step eseguiti = 10855
Simulation 7
0	6781
1000	6917
2000	5995
3000	5282
4000	4567
5000	3656
6000	2956
7000	2965
8000	2610
9000	2636
Numero di step eseguiti = 9772
Simulation 8
0	6844
1000	6844
2000	6171
3000	5170
4000	3582
5000	2902
6000	2876
7000	3203
8000	3129
Numero di step eseguiti = 8978
Simulation 9
0	6798
1000	6937
2000	6521
3000	5827
4000	4382
5000	3934
6000	3378
7000	3385
8000	3507
9000	4855
10000	6796
Numero di step eseguiti = 10013
Simulation 10
0	6802
1000	6970
2000	5982
3000	5190
4000	4469
5000	3617
6000	2733
7000	3397
Numero di step eseguiti = 7768
Simulation 11
0	6778
1000	6892
2000	5905
3000	4951
4000	4064
5000	3660
6000	4364
7000	3412
8000	2890
9000	2945
10000	2868
11000	3595
12000	7199
13000	7199
Numero di step eseguiti = 13492
Simulation 12
0	6791
1000	6999
2000	6360
3000	5399
4000	4454
5000	3897
6000	3119
7000	2923
8000	4407
Numero di step eseguiti = 8167
Simulation 13
0	6805
1000	6957
2000	6744
3000	6252
4000	5046
5000	3947
6000	3760
7000	3171
8000	2901
9000	2715
10000	2724
11000	2543
12000	2499
13000	2358
14000	2434
15000	3965
16000	2424
Numero di step eseguiti = 16462
Simulation 14
0	6815
1000	6913
2000	6802
3000	6054
4000	4732
5000	4677
6000	4095
7000	3781
8000	4162
9000	2946
10000	2917
11000	2787
12000	2784
Numero di step eseguiti = 12619
Simulation 15
0	6816
1000	6853
2000	6393
3000	5129
4000	4569
5000	3514
6000	3086
7000	2904
8000	2773
9000	2616
10000	4828
Numero di step eseguiti = 10287
Simulation 16
0	6803
1000	6965
2000	6765
3000	6683
4000	5837
5000	4199
6000	3547
7000	2990
8000	2820
9000	2491
10000	2488
11000	2384
12000	2398
13000	2586
14000	2603
15000	2724
16000	6579
Numero di step eseguiti = 16037
Simulation 17
0	6768
1000	7026
2000	6616
3000	5873
4000	5158
5000	4333
6000	4136
7000	3759
8000	3476
9000	2728
10000	2071
Numero di step eseguiti = 10753
Simulation 18
0	6758
1000	6725
2000	6298
3000	5022
4000	3905
5000	3583
6000	3048
7000	2419
8000	2609
9000	2588
10000	3896
Numero di step eseguiti = 10354
Simulation 19
0	6790
1000	6866
2000	6308
3000	4862
4000	3961
5000	2929
6000	2842
7000	3655
8000	2583
9000	2701
10000	2644
11000	3664
Numero di step eseguiti = 11552
Simulation 20
0	6813
1000	6816
2000	6596
3000	5214
4000	4001
5000	3389
6000	2774
7000	2708
8000	2444
9000	2648
10000	2552
11000	2667
12000	3911
13000	3301
14000	5567
Numero di step eseguiti = 14477
Simulation 21
0	6745
1000	6879
2000	6537
3000	5682
4000	4436
5000	4107
6000	3996
7000	3058
8000	3432
9000	2708
10000	2520
11000	2490
12000	2570
13000	2786
Numero di step eseguiti = 13262
Simulation 22
0	6756
1000	6916
2000	6666
3000	5689
4000	3901
5000	3452
6000	4866
Numero di step eseguiti = 6731
Simulation 23
0	6785
1000	6898
2000	6610
3000	5312
4000	4248
5000	3614
6000	3220
7000	3027
8000	2653
9000	3005
10000	2845
11000	5338
Numero di step eseguiti = 11113
Simulation 24
0	6778
1000	6742
2000	6448
3000	5293
4000	3701
5000	3198
6000	2769
7000	2661
8000	2529
9000	3425
10000	2771
11000	2716
12000	2596
13000	5945
Numero di step eseguiti = 13850
Simulation 25
0	6789
1000	6737
2000	6363
3000	5598
4000	4632
5000	3243
6000	2768
7000	2751
8000	2801
9000	2552
10000	2782
11000	2696
12000	5816
Numero di step eseguiti = 12373
Simulation 26
0	6765
1000	6861
2000	6231
3000	5575
4000	4280
5000	5441
6000	7135
7000	7197
8000	6674
Numero di step eseguiti = 8108
Simulation 27
0	6784
1000	6961
2000	6705
3000	6617
4000	5279
5000	4255
6000	3851
7000	3292
8000	2534
9000	3928
10000	3450
11000	3483
Numero di step eseguiti = 11205
Simulation 28
0	6761
1000	6923
2000	6778
3000	6533
4000	5389
5000	3945
6000	3364
7000	3399
8000	3101
9000	2855
10000	3819
11000	7199
Numero di step eseguiti = 11473
Simulation 29
0	6779
1000	7023
2000	6700
3000	5501
4000	4483
5000	4115
6000	3370
7000	2993
8000	4345
Numero di step eseguiti = 8351
Simulation 30
0	6800
1000	6962
2000	6590
3000	5686
4000	4746
5000	3948
6000	3469
7000	3021
8000	2861
9000	2732
10000	2803
11000	2630
12000	2997
13000	5502
Numero di step eseguiti = 13088
Simulation 31
0	6769
1000	7026
2000	6886
3000	6220
4000	5346
5000	4841
6000	3601
7000	3136
8000	2826
9000	2889
10000	2665
11000	2675
12000	2300
13000	3017
14000	3326
15000	4518
16000	4390
17000	4551
Numero di step eseguiti = 17672
Simulation 32
0	6765
1000	6858
2000	6708
3000	5773
4000	3941
5000	3316
6000	2682
7000	2682
8000	2619
9000	2643
10000	2571
11000	3483
12000	2489
13000	2628
14000	2716
Numero di step eseguiti = 14270
Simulation 33
0	6812
1000	6894
2000	6695
3000	6164
4000	4707
5000	3372
6000	2877
7000	2819
8000	3040
9000	4372
Numero di step eseguiti = 9483
Simulation 34
0	6802
1000	6974
2000	6797
3000	6143
4000	4908
5000	4122
6000	3621
7000	3390
8000	2887
9000	3695
Numero di step eseguiti = 9994
Simulation 35
0	6790
1000	6871
2000	6683
3000	5558
4000	4249
5000	3918
6000	3322
7000	3173
8000	7198
9000	7196
10000	6319
11000	7196
12000	7198
13000	7198
14000	6217
Numero di step eseguiti = 14536
Simulation 36
0	6789
1000	7029
2000	6621
3000	5355
4000	4652
5000	3667
6000	2775
7000	2935
8000	2992
9000	7196
10000	7195
11000	7197
12000	7198
13000	6705
14000	7197
15000	7199
16000	7198
17000	7199
18000	7198
19000	7197
Numero di step eseguiti = 19047
Simulation 37
0	6772
1000	6800
2000	6380
3000	5558
4000	4916
5000	3449
6000	2820
7000	2763
8000	2430
9000	3762
10000	6025
Numero di step eseguiti = 10048
Simulation 38
0	6740
1000	6867
2000	6742
3000	6224
4000	4927
5000	3597
6000	2605
7000	2731
8000	2649
9000	2591
Numero di step eseguiti = 9776
Simulation 39
0	6771
1000	6886
2000	6453
3000	5662
4000	4419
5000	3938
6000	3794
7000	3174
8000	2869
9000	2900
10000	2508
11000	2460
12000	2607
13000	2560
14000	3969
Numero di step eseguiti = 14504
Simulation 40
0	6761
1000	6709
2000	5866
3000	4907
4000	4125
5000	3531
6000	3331
7000	3293
8000	3347
9000	3570
Numero di step eseguiti = 9701
Simulation 41
0	6747
1000	6896
2000	6153
3000	5278
4000	4380
5000	3113
6000	3173
7000	2969
8000	3462
9000	3164
10000	2444
11000	3083
12000	3018
13000	4346
Numero di step eseguiti = 13382
Simulation 42
0	6760
1000	6839
2000	6103
3000	5002
4000	4522
5000	4513
6000	3251
7000	3473
8000	4842
Numero di step eseguiti = 8547
Simulation 43
0	6802
1000	6953
2000	6610
3000	5644
4000	5013
5000	4236
6000	3507
7000	3611
8000	3130
9000	2958
10000	2936
11000	4401
12000	5476
13000	7192
14000	7197
15000	7197
Numero di step eseguiti = 15333
Simulation 44
0	6808
1000	6873
2000	6578
3000	5820
4000	4207
5000	3194
6000	2901
7000	2867
8000	2668
9000	2967
Numero di step eseguiti = 9950
Simulation 45
0	6776
1000	6914
2000	6262
3000	5488
4000	5070
5000	3894
6000	2928
7000	2545
8000	2829
9000	2524
10000	2152
11000	2322
12000	2672
13000	2446
Numero di step eseguiti = 13523
Simulation 46
0	6713
1000	6870
2000	6216
3000	4753
4000	3624
5000	3459
6000	2574
7000	2651
8000	2966
9000	3315
10000	3100
11000	4947
Numero di step eseguiti = 11742
Simulation 47
0	6798
1000	6937
2000	6819
3000	6794
4000	6153
5000	4743
6000	4016
7000	3740
8000	3587
9000	3772
10000	3026
11000	4880
Numero di step eseguiti = 11600
Simulation 48
0	6774
1000	6855
2000	6552
3000	6047
4000	4857
5000	3258
6000	3382
7000	3008
8000	2887
9000	2644
10000	2690
Numero di step eseguiti = 10625
Simulation 49
0	6741
1000	6811
2000	5900
3000	4767
4000	3747
5000	3674
6000	3249
7000	3478
8000	3001
9000	2999
10000	2922
11000	3005
Numero di step eseguiti = 11453
Simulation 50
0	6733
1000	6883
2000	6304
3000	5339
4000	3766
5000	3397
6000	2982
7000	2730
8000	6077
Numero di step eseguiti = 8102
Simulation 51
0	6781
1000	6982
2000	6770
3000	6321
4000	5398
5000	4431
6000	3704
7000	3199
8000	2801
9000	2435
10000	2371
11000	2424
12000	2365
13000	2386
14000	2468
Numero di step eseguiti = 14794
Simulation 52
0	6792
1000	7061
2000	7006
3000	6461
4000	5423
5000	5056
6000	4623
7000	3810
8000	3523
9000	2900
10000	2314
11000	2356
12000	2381
13000	2893
Numero di step eseguiti = 13650
Simulation 53
0	6753
1000	6927
2000	6458
3000	5775
4000	5479
5000	4706
6000	4087
7000	3396
8000	2996
9000	2840
10000	2640
11000	3824
12000	4413
Numero di step eseguiti = 12829
Simulation 54
0	6784
1000	6935
2000	6630
3000	6005
4000	4653
5000	3503
6000	2772
7000	2939
8000	2719
9000	2666
10000	2635
11000	2474
12000	2473
13000	3514
14000	3718
Numero di step eseguiti = 14678
Simulation 55
0	6774
1000	6808
2000	6546
3000	5560
4000	4497
5000	3977
6000	3473
7000	2685
8000	2891
9000	2908
Numero di step eseguiti = 9976
Simulation 56
0	6787
1000	6737
2000	5640
3000	4330
4000	3657
5000	3278
6000	3388
7000	3327
8000	3109
9000	2995
Numero di step eseguiti = 9882
Simulation 57
0	6771
1000	6907
2000	6193
3000	4973
4000	4134
5000	2838
6000	3236
7000	4646
Numero di step eseguiti = 7114
Simulation 58
0	6785
1000	6744
2000	5973
3000	5057
4000	4296
5000	3744
6000	3222
7000	2955
8000	2587
9000	2943
10000	3016
11000	2807
Numero di step eseguiti = 11415
Simulation 59
0	6808
1000	6899
2000	6404
3000	5690
4000	4709
5000	3763
6000	3204
7000	3031
8000	4953
Numero di step eseguiti = 8314
Simulation 60
0	6811
1000	6804
2000	5977
3000	5231
4000	4098
5000	3609
6000	3385
7000	2808
8000	3836
9000	7197
Numero di step eseguiti = 9304
Simulation 61
0	6827
1000	7004
2000	6854
3000	6163
4000	5124
5000	3808
6000	3287
7000	3430
8000	6100
9000	7071
10000	7195
11000	7197
12000	7196
Numero di step eseguiti = 12515
Simulation 62
0	6805
1000	6902
2000	6550
3000	5499
4000	4811
5000	3516
6000	3164
7000	2952
8000	2482
9000	2721
10000	2896
Numero di step eseguiti = 10868
Simulation 63
0	6792
1000	6942
2000	6766
3000	6463
4000	5318
5000	4197
6000	3840
7000	2742
8000	2612
9000	3264
Numero di step eseguiti = 9270
Simulation 64
0	6786
1000	6888
2000	6312
3000	5510
4000	4405
5000	3360
6000	2950
7000	2649
8000	5922
Numero di step eseguiti = 8124
Simulation 65
0	6792
1000	6949
2000	6628
3000	5938
4000	5143
5000	4188
6000	3169
7000	2663
8000	2670
9000	2445
10000	2509
11000	4441
Numero di step eseguiti = 11976
Simulation 66
0	6808
1000	6965
2000	6741
3000	6338
4000	5335
5000	4220
6000	3152
7000	2584
8000	2550
9000	2611
10000	2691
11000	2560
12000	2805
13000	3058
14000	2501
Numero di step eseguiti = 14753
Simulation 67
0	6832
1000	6960
2000	6917
3000	6190
4000	4874
5000	3909
6000	3531
7000	3080
8000	3224
9000	3209
10000	3089
11000	3350
12000	5207
Numero di step eseguiti = 12612
Simulation 68
0	6820
1000	6951
2000	6833
3000	6594
4000	5152
5000	4576
6000	3021
7000	2624
8000	2554
9000	2359
10000	2421
Numero di step eseguiti = 10858
Simulation 69
0	6782
1000	6907
2000	6596
3000	5433
4000	4627
5000	3780
6000	3199
7000	2848
8000	3168
9000	2615
10000	2649
11000	3326
12000	4700
13000	5153
14000	4321
Numero di step eseguiti = 14177
Simulation 70
0	6794
1000	6887
2000	6204
3000	5146
4000	4447
5000	3975
6000	3118
7000	2922
8000	2920
9000	2933
10000	3713
11000	4521
12000	5519
Numero di step eseguiti = 12589
Simulation 71
0	6785
1000	6824
2000	5850
3000	4416
4000	3954
5000	3253
6000	3127
7000	3402
8000	4519
9000	2834
10000	2748
11000	2977
12000	2701
13000	3237
Numero di step eseguiti = 13717
Simulation 72
0	6824
1000	6980
2000	6730
3000	6197
4000	5273
5000	4337
6000	3660
7000	3557
8000	3299
9000	3592
Numero di step eseguiti = 9752
Simulation 73
0	6781
1000	6967
2000	6568
3000	5620
4000	3907
5000	3518
6000	3036
7000	2848
8000	2812
9000	2837
10000	2763
11000	3358
12000	4427
Numero di step eseguiti = 12656
Simulation 74
0	6796
1000	6954
2000	6518
3000	5669
4000	4161
5000	3343
6000	2937
7000	2875
8000	2769
9000	3229
10000	2896
11000	4298
Numero di step eseguiti = 11165
Simulation 75
0	6754
1000	6878
2000	6382
3000	5254
4000	4112
5000	3326
6000	3168
7000	2903
8000	2949
9000	2858
Numero di step eseguiti = 9521
Simulation 76
0	6804
1000	6916
2000	6492
3000	5604
4000	3942
5000	3742
6000	3807
7000	2630
8000	2837
9000	3822
10000	2851
Numero di step eseguiti = 10977
Simulation 77
0	6800
1000	6922
2000	6913
3000	6660
4000	6360
5000	5413
6000	4436
7000	3173
8000	3486
9000	2629
10000	2466
11000	2638
12000	2629
13000	2736
14000	2639
15000	5284
Numero di step eseguiti = 15191
Simulation 78
0	6747
1000	6808
2000	6195
3000	5398
4000	4423
5000	3513
6000	2888
7000	2807
8000	3648
9000	3402
10000	3643
11000	5113
Numero di step eseguiti = 11749
Simulation 79
0	6753
1000	6904
2000	6437
3000	5724
4000	4755
5000	3824
6000	3276
7000	3034
8000	3966
9000	3052
10000	3028
11000	4482
Numero di step eseguiti = 11299
Simulation 80
0	6769
1000	6878
2000	6705
3000	6222
4000	4969
5000	3782
6000	3143
7000	2850
8000	4179
Numero di step eseguiti = 8456
Simulation 81
0	6786
1000	6868
2000	6387
3000	5251
4000	4338
5000	4040
6000	3402
7000	3492
8000	3040
9000	2925
10000	3028
11000	4275
Numero di step eseguiti = 11779
Simulation 82
0	6780
1000	6986
2000	6580
3000	5706
4000	4844
5000	3757
6000	3469
7000	3308
8000	3137
9000	3119
10000	2816
11000	2997
12000	4487
13000	7199
14000	7199
Numero di step eseguiti = 14475
Simulation 83
0	6775
1000	6862
2000	6622
3000	5642
4000	4612
5000	3786
6000	3623
7000	2990
8000	2752
9000	4362
Numero di step eseguiti = 9738
Simulation 84
0	6765
1000	6959
2000	6892
3000	6215
4000	5698
5000	5045
6000	4689
7000	3684
8000	2949
9000	2605
10000	3047
11000	2801
12000	3394
Numero di step eseguiti = 12496
Simulation 85
0	6840
1000	6894
2000	6503
3000	5611
4000	4401
5000	4088
6000	3747
7000	3440
8000	2504
9000	2534
10000	2674
11000	2896
12000	7066
Numero di step eseguiti = 12010
Simulation 86
0	6779
1000	6906
2000	6552
3000	6144
4000	5102
5000	4746
6000	4186
7000	3742
8000	3035
9000	3175
10000	2895
Numero di step eseguiti = 10813
Simulation 87
0	6755
1000	6887
2000	6293
3000	5168
4000	4570
5000	3777
6000	2998
7000	3015
8000	2867
9000	2864
10000	2702
11000	2663
12000	2548
13000	2658
14000	2529
15000	2553
16000	3336
17000	2815
18000	5273
Numero di step eseguiti = 18038
Simulation 88
0	6714
1000	6940
2000	6519
3000	5253
4000	4331
5000	3455
6000	3093
7000	3080
8000	5422
Numero di step eseguiti = 8149
Simulation 89
0	6826
1000	6971
2000	6589
3000	6023
4000	4771
5000	3975
6000	3125
7000	3274
Numero di step eseguiti = 7850
Simulation 90
0	6796
1000	6922
2000	6765
3000	6547
4000	5593
5000	4440
6000	3712
7000	3539
8000	3141
9000	5288
Numero di step eseguiti = 9218
Simulation 91
0	6765
1000	6879
2000	6443
3000	5551
4000	4123
5000	3531
6000	3054
7000	2684
8000	2873
9000	2436
10000	2439
11000	2460
12000	2888
13000	2390
14000	7200
Numero di step eseguiti = 14001
Simulation 92
0	6766
1000	6925
2000	6794
3000	5951
4000	4859
5000	3315
6000	3690
7000	2887
8000	2661
9000	2878
Numero di step eseguiti = 9645
Simulation 93
0	6793
1000	6867
2000	6482
3000	5797
4000	4474
5000	4162
6000	3586
7000	2987
8000	2856
9000	2607
10000	2270
11000	2545
12000	2391
13000	2419
14000	2459
15000	2133
16000	2245
17000	2355
18000	5587
Numero di step eseguiti = 18189
Simulation 94
0	6776
1000	6968
2000	6688
3000	6134
4000	4327
5000	3311
6000	3256
7000	6106
Numero di step eseguiti = 7057
Simulation 95
0	6766
1000	6910
2000	6385
3000	5484
4000	4686
5000	3472
6000	3262
7000	2903
8000	2866
9000	2957
10000	3311
11000	2834
12000	4776
Numero di step eseguiti = 12136
Simulation 96
0	6762
1000	6876
2000	6494
3000	5200
4000	4091
5000	3059
6000	3033
7000	2700
8000	5675
Numero di step eseguiti = 8833
Simulation 97
0	6748
1000	6842
2000	6096
3000	5538
4000	5001
5000	4141
6000	3193
7000	3157
8000	2998
9000	2645
10000	2820
11000	2537
12000	3367
13000	6061
Numero di step eseguiti = 13078
Simulation 98
0	6756
1000	6897
2000	6721
3000	5870
4000	4784
5000	3751
6000	3205
7000	3098
8000	2893
9000	2885
10000	2689
11000	3816
12000	4249
13000	4399
Numero di step eseguiti = 13602
Simulation 99
0	6752
1000	6888
2000	6683
3000	6020
4000	4492
5000	3602
6000	3342
7000	3084
Numero di step eseguiti = 7932
Simulation 100
0	6769
1000	6875
2000	6479
3000	5516
4000	5173
5000	3176
6000	2866
7000	2922
8000	2819
9000	2578
10000	2435
11000	2127
12000	2340
13000	5355
Numero di step eseguiti = 13487
pos_features = 100
Simulation 1
0	7007
1000	7161
2000	7157
3000	7151
4000	7143
5000	7116
6000	7030
7000	7093
8000	6877
9000	6891
10000	6699
11000	5535
12000	5194
13000	4405
14000	4014
15000	3481
16000	3220
17000	4562
Numero di step eseguiti = 17678
Simulation 2
0	6984
1000	7167
2000	7163
3000	7124
4000	7118
5000	6915
6000	6816
7000	6898
8000	6571
9000	5133
10000	4778
11000	4015
12000	6354
13000	4359
Numero di step eseguiti = 13920
Simulation 3
0	6982
1000	7161
2000	7129
3000	7127
4000	7059
5000	7081
6000	7060
7000	7070
8000	7023
9000	6834
10000	6395
11000	5509
12000	5043
13000	5620
14000	4670
15000	5563
16000	7192
17000	7194
18000	4882
19000	3719
20000	6552
21000	7199
22000	7169
Numero di step eseguiti = 22267
Simulation 4
0	6993
1000	7167
2000	7155
3000	7154
4000	7132
5000	7126
6000	7127
7000	7131
8000	7135
9000	6992
10000	6946
11000	7091
12000	6939
13000	5848
14000	4736
15000	3769
16000	4715
17000	4148
18000	3714
19000	3599
20000	3752
21000	3185
22000	3601
23000	5649
Numero di step eseguiti = 23157
Simulation 5
0	6971
1000	7152
2000	7141
3000	7112
4000	7077
5000	7087
6000	6846
7000	6419
8000	5551
9000	5222
10000	4853
11000	4996
12000	5343
13000	4720
14000	6372
15000	7196
Numero di step eseguiti = 15631
Simulation 6
0	6962
1000	7158
2000	7129
3000	7102
4000	7072
5000	6963
6000	7110
7000	6867
8000	6581
9000	5524
10000	5094
11000	4821
12000	3996
13000	3368
14000	3278
15000	3265
16000	3218
17000	4606
Numero di step eseguiti = 17751
Simulation 7
0	7005
1000	7155
2000	7121
3000	7104
4000	6968
5000	6782
6000	6575
7000	5903
8000	5588
9000	5229
10000	4917
11000	4888
12000	4395
13000	6056
14000	7160
15000	7196
16000	7199
17000	6215
18000	7199
19000	7199
20000	7199
Numero di step eseguiti = 20432
Simulation 8
0	6971
1000	7160
2000	7140
3000	7102
4000	7075
5000	7050
6000	7056
7000	7006
8000	6998
9000	6955
10000	6923
11000	6873
12000	6803
13000	6554
14000	5085
15000	4867
16000	4154
17000	3914
18000	3526
19000	4435
Numero di step eseguiti = 19963
Simulation 9
0	6959
1000	7148
2000	7105
3000	7069
4000	7074
5000	7073
6000	7056
7000	6927
8000	6898
9000	6911
10000	6793
11000	6379
12000	5662
13000	4661
14000	4337
15000	3499
16000	3108
17000	2942
18000	4380
Numero di step eseguiti = 18330
Simulation 10
0	6982
1000	7146
2000	7142
3000	7135
4000	7117
5000	7076
6000	7023
7000	6731
8000	6166
9000	5912
10000	5647
11000	4739
12000	4390
13000	3718
14000	3270
15000	3119
16000	3258
17000	3328
Numero di step eseguiti = 17917
Simulation 11
0	7008
1000	7160
2000	7124
3000	7091
4000	7116
5000	6975
6000	6907
7000	6843
8000	6469
9000	5557
10000	5226
11000	4556
12000	4365
13000	4124
14000	3798
15000	3640
16000	3634
17000	3187
18000	3079
19000	3017
20000	3156
21000	4136
Numero di step eseguiti = 21353
Simulation 12
0	7012
1000	7165
2000	7145
3000	7140
4000	7120
5000	7105
6000	7077
7000	6994
8000	6903
9000	6910
10000	6545
11000	6185
12000	5969
13000	5343
14000	4838
15000	4063
16000	4067
17000	3191
18000	5143
Numero di step eseguiti = 18336
Simulation 13
0	6961
1000	7156
2000	7155
3000	7091
4000	6997
5000	7088
6000	7036
7000	7008
8000	6972
9000	6615
10000	6143
11000	5067
12000	4580
13000	4398
14000	3626
15000	3195
16000	4212
17000	3268
18000	3282
19000	3405
20000	4574
Numero di step eseguiti = 20575
Simulation 14
0	6979
1000	7177
2000	7133
3000	7142
4000	7141
5000	7103
6000	6999
7000	6990
8000	6835
9000	6786
10000	5769
11000	5094
12000	4455
13000	3825
14000	3440
15000	3370
16000	3317
17000	2789
18000	2676
19000	2610
20000	4706
Numero di step eseguiti = 20558
Simulation 15
0	6990
1000	7174
2000	7159
3000	7106
4000	7050
5000	6944
6000	6935
7000	6527
8000	5993
9000	5715
10000	5366
11000	4870
12000	4016
13000	3901
14000	4056
Numero di step eseguiti = 14965
Simulation 16
0	6984
1000	7165
2000	7119
3000	7081
4000	7019
5000	7019
6000	6847
7000	6715
8000	6620
9000	6593
10000	5702
11000	4948
12000	3926
13000	3608
14000	3547
15000	3183
16000	2990
17000	4648
Numero di step eseguiti = 17156
Simulation 17
0	7013
1000	7147
2000	7135
3000	7121
4000	7065
5000	7081
6000	7092
7000	6773
8000	6268
9000	5983
10000	5223
11000	4560
12000	4023
13000	3622
14000	3712
15000	4813
16000	7195
Numero di step eseguiti = 16251
Simulation 18
0	6969
1000	7181
2000	7157
3000	7148
4000	7107
5000	6995
6000	6997
7000	6778
8000	6535
9000	6099
10000	5238
11000	4851
12000	4373
13000	3873
14000	4049
15000	3424
16000	3385
17000	3258
18000	3629
19000	5059
20000	5125
21000	4670
22000	4287
Numero di step eseguiti = 22772
Simulation 19
0	6985
1000	7168
2000	7135
3000	7069
4000	7107
5000	7062
6000	7058
7000	6989
8000	6963
9000	6755
10000	6028
11000	5725
12000	5283
13000	4985
14000	4650
15000	4729
16000	6214
17000	4072
18000	5914
Numero di step eseguiti = 18038
Simulation 20
0	6997
1000	7162
2000	7137
3000	7113
4000	7087
5000	7077
6000	7079
7000	6947
8000	6979
9000	6946
10000	6929
11000	6777
12000	5479
13000	4079
14000	3726
15000	3362
16000	3463
17000	3135
18000	2748
19000	2663
20000	2588
21000	2414
22000	2412
23000	2691
24000	2434
25000	2542
26000	2936
27000	2547
28000	2502
29000	2472
30000	3601
Numero di step eseguiti = 30224
Simulation 21
0	6974
1000	7154
2000	7120
3000	7122
4000	7110
5000	7059
6000	6932
7000	6722
8000	6599
9000	6011
10000	5508
11000	4784
12000	4365
13000	3991
14000	3515
15000	3731
16000	3061
Numero di step eseguiti = 16974
Simulation 22
0	6994
1000	7160
2000	7131
3000	7105
4000	7049
5000	7017
6000	7044
7000	7051
8000	6921
9000	6735
10000	6387
11000	5985
12000	5684
13000	5243
14000	3909
15000	3450
16000	3872
Numero di step eseguiti = 16992
Simulation 23
0	6953
1000	7159
2000	7155
3000	7076
4000	7087
5000	7058
6000	6936
7000	6859
8000	6413
9000	5520
10000	4961
11000	4529
12000	4323
13000	5310
14000	3874
15000	7199
Numero di step eseguiti = 15373
Simulation 24
0	6978
1000	7154
2000	7139
3000	7120
4000	7103
5000	6978
6000	6909
7000	6652
8000	6186
9000	5849
10000	5317
11000	4991
12000	4600
13000	4149
14000	5180
15000	7193
16000	7199
17000	7186
18000	7199
19000	7198
Numero di step eseguiti = 19680
Simulation 25
0	6972
1000	7150
2000	7100
3000	7078
4000	7033
5000	7022
6000	7003
7000	6868
8000	6915
9000	6744
10000	6114
11000	5063
12000	4497
13000	3861
14000	3563
15000	3298
16000	3522
17000	5177
Numero di step eseguiti = 17758
Simulation 26
0	6975
1000	7154
2000	7114
3000	7091
4000	7053
5000	7069
6000	7024
7000	6981
8000	6656
9000	5745
10000	5021
11000	4557
12000	4363
13000	3960
14000	3914
15000	4058
Numero di step eseguiti = 15703
Simulation 27
0	6986
1000	7160
2000	7147
3000	7082
4000	7023
5000	6835
6000	6710
7000	6330
8000	5799
9000	5536
10000	5104
11000	5003
12000	4727
13000	7124
14000	4006
15000	6737
Numero di step eseguiti = 15103
Simulation 28
0	6950
1000	7159
2000	7093
3000	7045
4000	6935
5000	6984
6000	6979
7000	6922
8000	6526
9000	5487
10000	4678
11000	4603
12000	4264
13000	3944
14000	3576
15000	3407
16000	3029
17000	2821
18000	2789
19000	2735
20000	3372
Numero di step eseguiti = 20907
Simulation 29
0	6984
1000	7149
2000	7133
3000	7111
4000	7134
5000	7073
6000	6964
7000	6970
8000	6757
9000	6306
10000	5782
11000	4514
12000	4169
13000	3899
14000	3440
15000	3272
16000	3295
17000	2750
18000	3036
19000	3451
20000	3314
21000	4208
Numero di step eseguiti = 21978
Simulation 30
0	6982
1000	7160
2000	7134
3000	7085
4000	7057
5000	7042
6000	7032
7000	6995
8000	7021
9000	6882
10000	6483
11000	6182
12000	5304
13000	5127
14000	4437
15000	4937
16000	7198
17000	3814
18000	6060
Numero di step eseguiti = 18106
Simulation 31
0	6967
1000	7166
2000	7128
3000	7119
4000	7115
5000	7087
6000	7089
7000	7085
8000	6867
9000	6464
10000	5815
11000	5337
12000	4468
13000	4309
14000	4282
15000	4401
16000	4304
17000	6888
18000	7116
19000	4991
20000	2942
21000	2816
22000	4167
23000	5287
Numero di step eseguiti = 23220
Simulation 32
0	6950
1000	7164
2000	7136
3000	7092
4000	7080
5000	7024
6000	7024
7000	6919
8000	6697
9000	6210
10000	5608
11000	4999
12000	4886
13000	4361
14000	3957
15000	3631
16000	3732
17000	3391
18000	2932
19000	2745
20000	2812
21000	3536
Numero di step eseguiti = 21630
Simulation 33
0	6973
1000	7153
2000	7152
3000	7134
4000	7093
5000	7066
6000	7007
7000	6996
8000	6987
9000	6855
10000	6572
11000	5934
12000	5698
13000	5223
14000	4456
15000	4104
Numero di step eseguiti = 15782
Simulation 34
0	6965
1000	7170
2000	7168
3000	7150
4000	7114
5000	7125
6000	7122
7000	7029
8000	6812
9000	6095
10000	5087
11000	4605
12000	4263
13000	3909
14000	3710
15000	3904
16000	3907
Numero di step eseguiti = 16960
Simulation 35
0	6969
1000	7143
2000	7143
3000	7116
4000	7059
5000	7008
6000	6959
7000	7008
8000	6976
9000	5620
10000	5264
11000	5462
12000	4433
13000	4232
14000	4376
15000	7199
16000	7199
17000	7198
18000	7199
19000	7199
Numero di step eseguiti = 19541
Simulation 36
0	6975
1000	7141
2000	7147
3000	7125
4000	7126
5000	7108
6000	7039
7000	6847
8000	6739
9000	6031
10000	5378
11000	4614
12000	4141
13000	3604
14000	3341
15000	2746
16000	2922
17000	2545
18000	3168
19000	4531
Numero di step eseguiti = 19409
Simulation 37
0	6995
1000	7153
2000	7116
3000	7123
4000	7077
5000	7077
6000	7041
7000	6817
8000	6244
9000	6063
10000	5409
11000	4694
12000	4029
13000	3758
14000	3690
15000	3475
16000	3211
17000	3071
18000	3810
Numero di step eseguiti = 18933
Simulation 38
0	7000
1000	7174
2000	7132
3000	7142
4000	7125
5000	7052
6000	6979
7000	6771
8000	6659
9000	6831
10000	6310
11000	6127
12000	5340
13000	4994
14000	4292
15000	3824
16000	3546
17000	3223
18000	3074
19000	3538
Numero di step eseguiti = 19588
Simulation 39
0	6972
1000	7151
2000	7129
3000	7098
4000	7120
5000	7073
6000	7041
7000	6970
8000	6798
9000	6445
10000	5908
11000	5229
12000	4269
13000	4141
14000	3440
15000	3221
16000	2558
17000	2419
18000	2270
19000	2446
20000	2458
21000	2509
22000	2488
23000	2453
24000	2509
25000	2628
26000	2686
27000	3486
28000	2873
Numero di step eseguiti = 28668
Simulation 40
0	6975
1000	7136
2000	7103
3000	7111
4000	7074
5000	7124
6000	7037
7000	7025
8000	6800
9000	6117
10000	5793
11000	4353
12000	4057
13000	3853
14000	3693
15000	3586
16000	3943
Numero di step eseguiti = 16670
Simulation 41
0	7010
1000	7161
2000	7133
3000	7053
4000	7010
5000	6848
6000	6997
7000	6748
8000	6194
9000	5301
10000	4893
11000	4558
12000	4758
13000	5320
14000	7199
15000	5357
16000	5312
17000	4248
18000	7199
19000	7197
Numero di step eseguiti = 19705
Simulation 42
0	6985
1000	7157
2000	7143
3000	7100
4000	7026
5000	6987
6000	7040
7000	6918
8000	6978
9000	6389
10000	5799
11000	5444
12000	5194
13000	4235
14000	3617
15000	3898
16000	4173
Numero di step eseguiti = 16619
Simulation 43
0	7016
1000	7177
2000	7159
3000	7129
4000	7095
5000	7078
6000	7059
7000	7077
8000	6731
9000	6691
10000	6404
11000	6055
12000	5416
13000	4667
14000	4279
15000	5557
16000	3619
17000	4072
Numero di step eseguiti = 17338
Simulation 44
0	6994
1000	7158
2000	7126
3000	7068
4000	7063
5000	6977
6000	6889
7000	6687
8000	6553
9000	6528
10000	6578
11000	4868
12000	4171
13000	4390
Numero di step eseguiti = 13966
Simulation 45
0	6967
1000	7156
2000	7153
3000	7122
4000	7115
5000	7047
6000	6854
7000	6764
8000	6611
9000	6061
10000	5540
11000	4693
12000	5792
13000	6814
14000	7186
15000	7138
16000	7182
17000	7164
18000	7199
19000	7186
20000	7199
21000	6202
Numero di step eseguiti = 21339
Simulation 46
0	6994
1000	7182
2000	7145
3000	7072
4000	7062
5000	7078
6000	7096
7000	7107
8000	7089
9000	6876
10000	7001
11000	6540
12000	5665
13000	5136
14000	4548
15000	4200
16000	6939
17000	6665
Numero di step eseguiti = 17898
Simulation 47
0	6988
1000	7162
2000	7138
3000	7091
4000	6996
5000	6915
6000	6720
7000	6002
8000	5554
9000	5239
10000	5223
11000	5168
12000	5907
Numero di step eseguiti = 12095
Simulation 48
0	6996
1000	7165
2000	7133
3000	7101
4000	7035
5000	7017
6000	6903
7000	6981
8000	6759
9000	5954
10000	5392
11000	4602
12000	4212
13000	3802
14000	3620
15000	3167
Numero di step eseguiti = 15689
Simulation 49
0	6981
1000	7156
2000	7125
3000	7086
4000	7075
5000	7060
6000	7018
7000	6858
8000	6745
9000	6599
10000	5958
11000	5397
12000	4530
13000	3887
14000	3556
15000	3241
16000	3183
17000	3062
18000	2610
19000	3078
20000	2684
21000	2654
22000	3257
Numero di step eseguiti = 22564
Simulation 50
0	6959
1000	7174
2000	7130
3000	7095
4000	7049
5000	7020
6000	7022
7000	6952
8000	6911
9000	6434
10000	6674
11000	6145
12000	5432
13000	4152
14000	5188
15000	3886
16000	3770
Numero di step eseguiti = 16992
Simulation 51
0	6968
1000	7145
2000	7125
3000	7082
4000	7095
5000	7075
6000	6901
7000	6788
8000	6286
9000	5576
10000	5550
11000	4826
12000	6209
13000	5707
14000	5174
15000	7198
16000	7197
17000	7198
18000	7175
19000	3709
20000	4426
21000	7199
22000	7199
23000	7199
24000	7199
25000	7199
26000	7199
Numero di step eseguiti = 26883
Simulation 52
0	6976
1000	7137
2000	7147
3000	7104
4000	7074
5000	7087
6000	6932
7000	6926
8000	6577
9000	6013
10000	5168
11000	4975
12000	5056
13000	6801
14000	7088
15000	3947
16000	3700
17000	3482
18000	3208
19000	3074
20000	2807
21000	2826
22000	2565
23000	2455
24000	2417
25000	2419
26000	2547
27000	2477
28000	2408
29000	2514
30000	2397
31000	2414
32000	2492
Numero di step eseguiti = 32673
Simulation 53
0	6971
1000	7145
2000	7154
3000	7090
4000	7038
5000	7037
6000	7048
7000	7012
8000	6802
9000	6836
10000	6263
11000	4968
12000	4260
13000	3625
14000	3384
15000	3189
Numero di step eseguiti = 15765
Simulation 54
0	6995
1000	7151
2000	7123
3000	7095
4000	7104
5000	7097
6000	7071
7000	7035
8000	6951
9000	6841
10000	6546
11000	5914
12000	5573
13000	4576
14000	3775
15000	3771
16000	3403
17000	3336
Numero di step eseguiti = 17570
Simulation 55
0	6974
1000	7154
2000	7132
3000	7134
4000	7094
5000	7049
6000	6956
7000	7033
8000	7071
9000	6933
10000	6961
11000	6298
12000	5747
13000	5074
14000	4151
15000	3933
16000	3550
17000	3326
18000	3760
Numero di step eseguiti = 18714
Simulation 56
0	6954
1000	7157
2000	7134
3000	7105
4000	7072
5000	7013
6000	7063
7000	7068
8000	7025
9000	6702
10000	6245
11000	5270
12000	5056
13000	4710
14000	4270
15000	3977
Numero di step eseguiti = 15885
Simulation 57
0	6970
1000	7131
2000	7091
3000	7053
4000	7008
5000	6969
6000	6819
7000	6834
8000	6573
9000	6013
10000	5545
11000	4903
12000	4360
13000	3872
14000	5107
15000	4236
16000	3522
Numero di step eseguiti = 16705
Simulation 58
0	7003
1000	7167
2000	7131
3000	7108
4000	7083
5000	7063
6000	7046
7000	6917
8000	6841
9000	6756
10000	5957
11000	4928
12000	4662
13000	4143
14000	4568
15000	4206
16000	4170
17000	5023
Numero di step eseguiti = 17849
Simulation 59
0	6990
1000	7163
2000	7133
3000	7142
4000	7046
5000	7036
6000	6957
7000	6961
8000	7041
9000	7119
10000	5676
11000	4805
12000	4724
13000	4112
14000	3750
15000	4730
Numero di step eseguiti = 15633
Simulation 60
0	7002
1000	7166
2000	7160
3000	7095
4000	7092
5000	7012
6000	7031
7000	7010
8000	7007
9000	6867
10000	5993
11000	5002
12000	4190
13000	3884
14000	3502
15000	3144
16000	3072
17000	3033
18000	2770
19000	3621
20000	4495
Numero di step eseguiti = 20474
Simulation 61
0	6989
1000	7140
2000	7124
3000	7047
4000	7063
5000	7049
6000	7034
7000	7004
8000	7000
9000	6959
10000	6333
11000	5602
12000	5147
13000	4641
14000	3989
15000	3832
16000	3322
17000	2927
18000	2601
19000	2655
20000	2951
Numero di step eseguiti = 20905
Simulation 62
0	6964
1000	7160
2000	7122
3000	7120
4000	7129
5000	7090
6000	7083
7000	7046
8000	7075
9000	6776
10000	6794
11000	6079
12000	5705
13000	5236
14000	4775
15000	4148
16000	4287
17000	3660
18000	3728
19000	3335
20000	3219
21000	2937
22000	2880
23000	2980
24000	2517
25000	2660
26000	3022
27000	4687
28000	6798
Numero di step eseguiti = 28034
Simulation 63
0	6993
1000	7145
2000	7150
3000	7115
4000	7120
5000	7101
6000	6979
7000	7039
8000	7066
9000	6106
10000	5095
11000	4502
12000	4310
13000	3870
14000	3686
15000	3209
16000	3105
17000	2791
18000	2947
19000	2983
20000	2615
21000	2707
22000	2417
23000	3141
24000	3122
25000	2855
26000	6283
Numero di step eseguiti = 26053
Simulation 64
0	6963
1000	7161
2000	7141
3000	7105
4000	7124
5000	7070
6000	7072
7000	7036
8000	6796
9000	6348
10000	5837
11000	5486
12000	5542
13000	4532
14000	4149
15000	4103
16000	3675
17000	3565
18000	3583
19000	3041
Numero di step eseguiti = 19774
Simulation 65
0	6991
1000	7150
2000	7127
3000	7048
4000	7070
5000	6947
6000	6932
7000	6998
8000	6267
9000	6342
10000	7154
11000	5230
12000	4811
13000	4448
14000	4220
15000	4852
16000	4998
Numero di step eseguiti = 16820
Simulation 66
0	6995
1000	7165
2000	7125
3000	7085
4000	7097
5000	7040
6000	7020
7000	6849
8000	6909
9000	6673
10000	6102
11000	5792
12000	4957
13000	3797
14000	3571
15000	3504
16000	3216
17000	3139
18000	3394
19000	6756
Numero di step eseguiti = 19050
Simulation 67
0	6982
1000	7155
2000	7143
3000	7152
4000	7113
5000	7076
6000	6921
7000	6612
8000	6133
9000	5675
10000	5137
11000	4411
12000	3614
13000	3711
14000	3197
15000	3377
16000	4614
Numero di step eseguiti = 16621
Simulation 68
0	6980
1000	7161
2000	7169
3000	7156
4000	7112
5000	7084
6000	7043
7000	7069
8000	7044
9000	6912
10000	6670
11000	6231
12000	5696
13000	4921
14000	4628
15000	4313
16000	4134
17000	3766
18000	3302
19000	5677
Numero di step eseguiti = 19806
Simulation 69
0	6994
1000	7153
2000	7159
3000	7110
4000	7132
5000	6978
6000	6874
7000	6473
8000	6112
9000	5711
10000	5771
11000	4928
12000	4155
13000	4048
14000	3579
15000	3860
Numero di step eseguiti = 15840
Simulation 70
0	6995
1000	7178
2000	7157
3000	7130
4000	7139
5000	7033
6000	7003
7000	6928
8000	6719
9000	6831
10000	6424
11000	4755
12000	4296
13000	3832
Numero di step eseguiti = 13533
Simulation 71
0	6997
1000	7175
2000	7170
3000	7144
4000	7132
5000	7037
6000	6958
7000	7005
8000	6653
9000	6420
10000	5493
11000	5003
12000	5103
13000	5749
14000	4350
15000	3685
16000	3521
Numero di step eseguiti = 16742
Simulation 72
0	6998
1000	7184
2000	7158
3000	7139
4000	7102
5000	7118
6000	7096
7000	7092
8000	7096
9000	6852
10000	6826
11000	6599
12000	5870
13000	5003
14000	4287
15000	3951
16000	3764
17000	4029
Numero di step eseguiti = 17911
Simulation 73
0	7001
1000	7174
2000	7138
3000	7088
4000	7053
5000	6894
6000	6786
7000	6513
8000	5964
9000	4934
10000	4478
11000	3786
12000	3431
13000	3823
14000	4764
Numero di step eseguiti = 14883
Simulation 74
0	6981
1000	7163
2000	7140
3000	7133
4000	7066
5000	7038
6000	6973
7000	6476
8000	6213
9000	5495
10000	5001
11000	4752
12000	4730
13000	5657
14000	4722
15000	3588
16000	3316
17000	3170
18000	2845
19000	2503
20000	4377
Numero di step eseguiti = 20394
Simulation 75
0	7001
1000	7168
2000	7137
3000	7128
4000	7106
5000	7099
6000	7032
7000	7078
8000	6945
9000	6363
10000	6019
11000	5747
12000	4963
13000	4212
14000	3783
15000	3410
16000	3489
17000	3459
18000	3038
19000	2876
20000	3883
Numero di step eseguiti = 20402
Simulation 76
0	6996
1000	7157
2000	7151
3000	7103
4000	7113
5000	7089
6000	6995
7000	7005
8000	7022
9000	6779
10000	6030
11000	5334
12000	4830
13000	4288
14000	4987
15000	7193
16000	5792
Numero di step eseguiti = 16587
Simulation 77
0	6999
1000	7157
2000	7121
3000	7067
4000	6997
5000	7018
6000	7035
7000	7055
8000	7099
9000	7011
10000	6590
11000	5792
12000	5190
13000	4428
14000	3592
15000	4060
16000	3394
17000	3170
18000	4696
Numero di step eseguiti = 18874
Simulation 78
0	6975
1000	7170
2000	7138
3000	7098
4000	7092
5000	7024
6000	7052
7000	6962
8000	6566
9000	6572
10000	7150
11000	5580
12000	5059
13000	4371
14000	4202
15000	4470
16000	3529
17000	6842
Numero di step eseguiti = 17239
Simulation 79
0	7003
1000	7147
2000	7076
3000	7089
4000	7083
5000	7031
6000	6976
7000	6965
8000	6738
9000	6307
10000	5840
11000	5519
12000	5078
13000	4630
14000	4964
15000	5500
16000	3703
17000	3687
18000	3215
19000	3268
20000	3152
21000	2959
22000	2907
23000	2795
24000	2801
25000	2712
26000	2931
27000	2483
28000	2429
29000	2445
30000	3403
31000	4459
Numero di step eseguiti = 31494
Simulation 80
0	6991
1000	7177
2000	7139
3000	7134
4000	7092
5000	7065
6000	7089
7000	7062
8000	6939
9000	6807
10000	5656
11000	4847
12000	4608
13000	4946
14000	4017
15000	3519
16000	3283
17000	3238
18000	3190
19000	3043
20000	5286
Numero di step eseguiti = 20061
Simulation 81
0	6969
1000	7163
2000	7138
3000	7119
4000	7066
5000	7040
6000	6937
7000	6838
8000	6646
9000	5732
10000	5117
11000	4445
12000	4013
13000	3580
14000	3733
15000	3373
16000	3350
17000	3055
18000	2757
19000	2811
20000	2650
21000	2557
22000	2477
23000	2537
24000	2764
25000	5150
Numero di step eseguiti = 25170
Simulation 82
0	6988
1000	7179
2000	7115
3000	7098
4000	7090
5000	6986
6000	6854
7000	6754
8000	6331
9000	5353
10000	4550
11000	3878
12000	4193
13000	5842
Numero di step eseguiti = 13268
Simulation 83
0	6984
1000	7154
2000	7136
3000	7123
4000	7139
5000	7082
6000	7056
7000	7001
8000	6879
9000	6736
10000	6352
11000	5576
12000	4768
13000	4617
14000	4448
15000	3809
16000	3340
17000	3238
18000	3136
19000	3800
20000	3011
21000	2996
22000	3210
23000	3450
24000	2745
25000	6607
Numero di step eseguiti = 25090
Simulation 84
0	7000
1000	7166
2000	7142
3000	7097
4000	7082
5000	7043
6000	7044
7000	6959
8000	7031
9000	6882
10000	6791
11000	5854
12000	5043
13000	4330
14000	3648
15000	3598
16000	3326
17000	3119
18000	2806
19000	4343
20000	7199
21000	7197
22000	6426
23000	7198
24000	7198
25000	7199
Numero di step eseguiti = 25014
Simulation 85
0	6999
1000	7161
2000	7126
3000	7102
4000	7050
5000	7034
6000	6952
7000	6926
8000	6987
9000	6289
10000	5469
11000	4772
12000	4691
13000	4057
14000	3650
15000	3468
16000	3317
17000	2853
Numero di step eseguiti = 17702
Simulation 86
0	6976
1000	7151
2000	7158
3000	7158
4000	7110
5000	7098
6000	7044
7000	6999
8000	6992
9000	7074
10000	6051
11000	5140
12000	4387
13000	4059
14000	7199
15000	7199
Numero di step eseguiti = 15563
Simulation 87
0	7000
1000	7147
2000	7151
3000	7126
4000	7112
5000	7083
6000	7050
7000	7036
8000	7070
9000	7003
10000	6385
11000	5291
12000	4483
13000	4301
14000	3457
15000	3200
16000	3088
17000	2998
18000	3068
19000	3435
Numero di step eseguiti = 19579
Simulation 88
0	6973
1000	7131
2000	7158
3000	7109
4000	7068
5000	7099
6000	7011
7000	6981
8000	6930
9000	6668
10000	6286
11000	5815
12000	5390
13000	4745
14000	4219
15000	3864
16000	3332
17000	3101
18000	2683
19000	3009
20000	2672
21000	2440
22000	3082
23000	5584
Numero di step eseguiti = 23826
Simulation 89
0	6983
1000	7154
2000	7135
3000	7096
4000	7121
5000	7076
6000	7040
7000	6948
8000	6856
9000	6346
10000	5521
11000	4691
12000	4344
13000	4389
14000	4278
15000	6837
16000	7195
17000	7199
18000	7199
19000	7199
Numero di step eseguiti = 19745
Simulation 90
0	6983
1000	7172
2000	7112
3000	7130
4000	7124
5000	7078
6000	7039
7000	6968
8000	6922
9000	6449
10000	5679
11000	5573
12000	5094
13000	5194
14000	5172
15000	4411
16000	3262
Numero di step eseguiti = 16631
Simulation 91
0	6961
1000	7171
2000	7155
3000	7129
4000	7077
5000	7010
6000	6814
7000	6611
8000	6131
9000	5355
10000	4732
11000	4360
12000	3683
13000	3292
14000	3167
15000	3330
16000	3120
17000	3203
18000	2992
Numero di step eseguiti = 18619
Simulation 92
0	6997
1000	7159
2000	7134
3000	7121
4000	7021
5000	7049
6000	6926
7000	6758
8000	6589
9000	5777
10000	5312
11000	4362
12000	4239
13000	3646
14000	3204
15000	3224
16000	2957
17000	2823
18000	2668
19000	3038
Numero di step eseguiti = 19369
Simulation 93
0	6987
1000	7169
2000	7152
3000	7129
4000	7144
5000	7088
6000	7020
7000	7007
8000	6909
9000	6691
10000	6667
11000	6435
12000	5840
13000	5020
14000	4379
15000	3723
16000	3587
17000	3148
18000	3003
19000	2519
20000	2741
21000	3649
22000	6096
Numero di step eseguiti = 22156
Simulation 94
0	6996
1000	7154
2000	7143
3000	7121
4000	7102
5000	7097
6000	7012
7000	7020
8000	6850
9000	6178
10000	5779
11000	5382
12000	4949
13000	4299
14000	4634
15000	5052
16000	5647
17000	4938
18000	3894
19000	3461
20000	3152
21000	3212
22000	3042
Numero di step eseguiti = 22978
Simulation 95
0	6982
1000	7143
2000	7166
3000	7129
4000	7112
5000	7100
6000	7015
7000	6893
8000	7040
9000	6548
10000	5443
11000	5175
12000	5215
13000	3996
14000	3940
15000	3400
16000	3537
17000	3236
18000	3014
19000	2782
20000	2866
Numero di step eseguiti = 20952
Simulation 96
0	6981
1000	7148
2000	7106
3000	7082
4000	6969
5000	6680
6000	6299
7000	5446
8000	4702
9000	4422
10000	3637
11000	3821
12000	3557
13000	3334
14000	4043
Numero di step eseguiti = 14630
Simulation 97
0	7009
1000	7155
2000	7137
3000	7143
4000	6989
5000	6984
6000	6898
7000	7125
8000	7028
9000	7107
10000	6584
11000	7162
12000	7105
13000	5582
14000	4999
15000	6899
16000	5074
17000	5447
18000	6057
19000	7040
20000	6543
21000	7198
22000	7199
23000	5885
24000	3609
25000	3107
26000	4859
Numero di step eseguiti = 26866
Simulation 98
0	6993
1000	7155
2000	7120
3000	7085
4000	7050
5000	7037
6000	6917
7000	6746
8000	6402
9000	5070
10000	4660
11000	4555
12000	3801
13000	3642
14000	3295
15000	3010
16000	2980
17000	2904
18000	2839
19000	2367
20000	1930
Numero di step eseguiti = 20815
Simulation 99
0	6973
1000	7146
2000	7081
3000	7090
4000	6982
5000	7097
6000	6975
7000	6960
8000	6464
9000	5739
10000	5326
11000	5296
12000	7197
13000	7196
14000	7199
15000	7154
16000	6147
17000	4780
18000	4763
19000	4205
20000	6081
Numero di step eseguiti = 20111
Simulation 100
0	6958
1000	7169
2000	7160
3000	7154
4000	7142
5000	7100
6000	6961
7000	7021
8000	6970
9000	6468
10000	6218
11000	5814
12000	5117
13000	4531
14000	4387
15000	3969
Numero di step eseguiti = 15871
pos_features = 150
Simulation 1
0	7052
1000	7185
2000	7172
3000	7160
4000	7139
5000	7145
6000	7133
7000	7119
8000	7079
9000	7121
10000	7062
11000	6976
12000	6718
13000	6793
14000	5613
15000	5266
16000	5100
17000	4288
18000	3952
19000	3721
20000	3352
21000	3655
22000	3696
Numero di step eseguiti = 22870
Simulation 2
0	7062
1000	7190
2000	7184
3000	7175
4000	7147
5000	7145
6000	7152
7000	7064
8000	7083
9000	7106
10000	7123
11000	6882
12000	6826
13000	6630
14000	5770
15000	5412
16000	5150
17000	4669
18000	4054
19000	3887
20000	4999
21000	7190
22000	3206
23000	2815
24000	2698
25000	2755
26000	2522
27000	4836
Numero di step eseguiti = 27188
Simulation 3
0	7079
1000	7178
2000	7180
3000	7179
4000	7144
5000	7126
6000	7125
7000	7125
8000	7139
9000	7113
10000	7096
11000	6966
12000	6859
13000	6104
14000	5213
15000	5078
16000	5491
17000	7014
Numero di step eseguiti = 17029
Simulation 4
0	7072
1000	7180
2000	7174
3000	7156
4000	7125
5000	7105
6000	7120
7000	7122
8000	7140
9000	7097
10000	7088
11000	7155
12000	7066
13000	7115
14000	6833
15000	6075
16000	5495
17000	5419
18000	4048
19000	4361
20000	3579
21000	3674
22000	3933
23000	4190
24000	4820
Numero di step eseguiti = 24263
Simulation 5
0	7081
1000	7191
2000	7172
3000	7155
4000	7170
5000	7152
6000	7144
7000	7096
8000	7081
9000	7065
10000	7140
11000	7100
12000	6847
13000	6668
14000	5422
15000	4842
16000	4275
17000	4073
18000	3728
19000	3390
20000	3213
21000	3947
22000	5071
Numero di step eseguiti = 22366
Simulation 6
0	7054
1000	7179
2000	7180
3000	7168
4000	7146
5000	7148
6000	7100
7000	7121
8000	7095
9000	7077
10000	7056
11000	6458
12000	6865
13000	5657
14000	5042
15000	4609
16000	4419
17000	3967
18000	3505
19000	3247
20000	3381
21000	7199
22000	7199
23000	7199
Numero di step eseguiti = 23441
Simulation 7
0	7052
1000	7187
2000	7174
3000	7154
4000	7127
5000	7052
6000	7078
7000	6975
8000	7034
9000	6995
10000	6673
11000	6430
12000	6939
13000	6761
14000	4596
15000	4122
16000	3896
17000	3503
18000	3090
19000	4671
Numero di step eseguiti = 19256
Simulation 8
0	7081
1000	7170
2000	7144
3000	7147
4000	7132
5000	7095
6000	7090
7000	7112
8000	7026
9000	7090
10000	7056
11000	7049
12000	6754
13000	5736
14000	5451
15000	4917
16000	4727
17000	4118
18000	3725
19000	3663
20000	3605
Numero di step eseguiti = 20593
Simulation 9
0	7057
1000	7194
2000	7185
3000	7156
4000	7157
5000	7118
6000	7112
7000	7103
8000	7099
9000	7082
10000	7108
11000	6987
12000	6624
13000	5936
14000	5141
15000	4398
16000	4239
17000	3933
18000	3588
19000	3145
20000	3166
21000	3196
Numero di step eseguiti = 21616
Simulation 10
0	7025
1000	7178
2000	7169
3000	7146
4000	7136
5000	7115
6000	7103
7000	7149
8000	7123
9000	7148
10000	7107
11000	7088
12000	7008
13000	7006
14000	7140
15000	6876
16000	6247
17000	5645
18000	4778
19000	3992
20000	3676
21000	3680
22000	3545
23000	3212
24000	3506
25000	3624
Numero di step eseguiti = 25954
Simulation 11
0	7053
1000	7185
2000	7154
3000	7152
4000	7087
5000	7113
6000	7099
7000	7101
8000	6992
9000	6989
10000	6944
11000	6944
12000	6528
13000	5863
14000	5424
15000	4578
16000	4635
17000	4163
18000	3490
19000	4182
Numero di step eseguiti = 19440
Simulation 12
0	7054
1000	7186
2000	7176
3000	7149
4000	7140
5000	7121
6000	7116
7000	7148
8000	7154
9000	7134
10000	7089
11000	7107
12000	7107
13000	7158
14000	7127
15000	6913
16000	6248
17000	5790
18000	5555
19000	4807
20000	4876
21000	5171
22000	5673
23000	4946
Numero di step eseguiti = 23617
Simulation 13
0	7072
1000	7191
2000	7180
3000	7167
4000	7154
5000	7130
6000	7130
7000	7111
8000	7120
9000	7080
10000	7098
11000	6865
12000	6821
13000	6856
14000	6093
15000	5187
16000	4959
17000	4516
18000	4068
19000	3766
20000	3214
21000	3244
22000	4569
Numero di step eseguiti = 22605
Simulation 14
0	7034
1000	7177
2000	7155
3000	7144
4000	7116
5000	7113
6000	7105
7000	7062
8000	7026
9000	6830
10000	6680
11000	6356
12000	5925
13000	5345
14000	5025
15000	4335
16000	4009
17000	5303
18000	7199
19000	7199
20000	7199
21000	7198
22000	5437
23000	7199
Numero di step eseguiti = 23479
Simulation 15
0	7054
1000	7193
2000	7182
3000	7166
4000	7169
5000	7158
6000	7102
7000	7068
8000	7069
9000	7160
10000	7081
11000	7012
12000	6535
13000	6408
14000	6220
15000	5775
16000	4665
17000	6862
Numero di step eseguiti = 17238
Simulation 16
0	7063
1000	7184
2000	7171
3000	7152
4000	7142
5000	7137
6000	7135
7000	7114
8000	7095
9000	7099
10000	7118
11000	6909
12000	6832
13000	6778
14000	6405
15000	5460
16000	4734
17000	4156
18000	4252
19000	3843
20000	4429
21000	5822
Numero di step eseguiti = 21110
Simulation 17
0	7064
1000	7181
2000	7176
3000	7146
4000	7139
5000	7140
6000	7113
7000	7094
8000	7095
9000	7007
10000	7007
11000	6594
12000	6348
13000	5621
14000	5189
15000	4613
16000	4340
17000	4167
18000	3995
19000	4140
20000	5375
21000	4942
22000	3502
Numero di step eseguiti = 22830
Simulation 18
0	7052
1000	7183
2000	7178
3000	7168
4000	7140
5000	7152
6000	7115
7000	7134
8000	7133
9000	7147
10000	7108
11000	7094
12000	6883
13000	6897
14000	6114
15000	5420
16000	4944
17000	5756
18000	5644
19000	3874
20000	3775
21000	3271
22000	4410
23000	4792
24000	7199
25000	7199
Numero di step eseguiti = 25540
Simulation 19
0	7049
1000	7170
2000	7171
3000	7161
4000	7144
5000	7142
6000	7150
7000	7153
8000	7146
9000	7137
10000	7128
11000	7054
12000	7017
13000	6701
14000	6512
15000	5520
16000	4762
17000	3878
18000	3323
19000	3125
20000	3105
21000	3062
22000	3054
23000	5396
Numero di step eseguiti = 23214
Simulation 20
0	7081
1000	7177
2000	7161
3000	7151
4000	7122
5000	7119
6000	7147
7000	7108
8000	7119
9000	7082
10000	7066
11000	7033
12000	7005
13000	6656
14000	5552
15000	5058
16000	4527
17000	5348
Numero di step eseguiti = 17693
Simulation 21
0	7068
1000	7190
2000	7173
3000	7162
4000	7169
5000	7160
6000	7109
7000	7128
8000	7028
9000	7003
10000	7029
11000	6715
12000	6792
13000	6264
14000	5210
15000	4327
16000	3698
17000	5878
Numero di step eseguiti = 17238
Simulation 22
0	7046
1000	7177
2000	7169
3000	7154
4000	7145
5000	7147
6000	7102
7000	7116
8000	7087
9000	7015
10000	7010
11000	6905
12000	6700
13000	5761
14000	5421
15000	4879
16000	4273
17000	3713
18000	3612
19000	4999
Numero di step eseguiti = 19784
Simulation 23
0	7065
1000	7183
2000	7183
3000	7173
4000	7154
5000	7133
6000	7138
7000	7057
8000	7055
9000	7038
10000	6997
11000	6823
12000	6483
13000	5944
14000	5753
15000	5170
16000	4910
17000	6219
18000	6006
19000	7199
20000	5148
Numero di step eseguiti = 20506
Simulation 24
0	7055
1000	7195
2000	7180
3000	7167
4000	7160
5000	7145
6000	7105
7000	7096
8000	7127
9000	7148
10000	7051
11000	7049
12000	6767
13000	6844
14000	6321
15000	4880
16000	4304
17000	3720
18000	3750
19000	3886
Numero di step eseguiti = 19759
Simulation 25
0	7075
1000	7163
2000	7173
3000	7158
4000	7142
5000	7110
6000	7128
7000	7137
8000	7105
9000	7060
10000	7134
11000	7141
12000	6769
13000	6420
14000	5939
15000	5656
16000	5084
17000	4726
18000	4135
19000	3734
20000	3666
21000	3705
22000	3296
23000	3379
24000	3494
25000	2937
26000	2778
27000	2866
28000	3908
29000	7198
Numero di step eseguiti = 29512
Simulation 26
0	7055
1000	7177
2000	7163
3000	7156
4000	7159
5000	7152
6000	7117
7000	7120
8000	7146
9000	7102
10000	7094
11000	7149
12000	7007
13000	6209
14000	6040
15000	5349
16000	4508
17000	4269
18000	3354
19000	3577
20000	4675
21000	3580
22000	3032
23000	3741
24000	4601
Numero di step eseguiti = 24313
Simulation 27
0	7037
1000	7164
2000	7163
3000	7159
4000	7155
5000	7115
6000	7119
7000	7085
8000	7083
9000	7003
10000	6849
11000	6683
12000	5945
13000	5235
14000	5060
15000	3905
16000	3681
17000	3596
18000	3416
19000	3343
20000	3265
21000	4659
Numero di step eseguiti = 21280
Simulation 28
0	7085
1000	7171
2000	7168
3000	7160
4000	7129
5000	7137
6000	7134
7000	7127
8000	7086
9000	7138
10000	7060
11000	7103
12000	6847
13000	6703
14000	5764
15000	5072
16000	4310
17000	3982
18000	3553
19000	3500
20000	3206
21000	3064
22000	3906
23000	3084
Numero di step eseguiti = 23461
Simulation 29
0	7092
1000	7177
2000	7179
3000	7151
4000	7152
5000	7088
6000	7100
7000	7039
8000	6943
9000	6495
10000	6118
11000	5720
12000	5428
13000	5585
14000	7031
15000	6842
16000	5424
17000	4321
18000	5233
Numero di step eseguiti = 18381
Simulation 30
0	7074
1000	7170
2000	7161
3000	7161
4000	7165
5000	7163
6000	7131
7000	7110
8000	7126
9000	7077
10000	7052
11000	6927
12000	6653
13000	6549
14000	5974
15000	6372
16000	6822
Numero di step eseguiti = 16060
Simulation 31
0	7076
1000	7176
2000	7162
3000	7158
4000	7160
5000	7149
6000	7146
7000	7158
8000	7121
9000	7029
10000	7125
11000	6852
12000	6918
13000	6088
14000	5412
15000	4593
16000	4420
17000	3836
18000	3677
19000	3457
20000	3520
21000	4655
Numero di step eseguiti = 21365
Simulation 32
0	7057
1000	7182
2000	7186
3000	7168
4000	7161
5000	7133
6000	7101
7000	7030
8000	6988
9000	6819
10000	6856
11000	7161
12000	6678
13000	6246
14000	5716
15000	5213
16000	4563
17000	3947
18000	3744
19000	4189
Numero di step eseguiti = 19843
Simulation 33
0	7055
1000	7184
2000	7184
3000	7176
4000	7163
5000	7173
6000	7140
7000	7134
8000	7129
9000	7081
10000	6957
11000	7126
12000	7165
13000	7084
14000	7030
15000	6540
16000	5803
17000	5374
18000	5302
19000	5123
20000	4901
21000	4301
22000	3939
23000	5540
Numero di step eseguiti = 23237
Simulation 34
0	7044
1000	7176
2000	7171
3000	7148
4000	7151
5000	7106
6000	7092
7000	7072
8000	6932
9000	6852
10000	6183
11000	5645
12000	5045
13000	5051
14000	4173
15000	5442
16000	7196
17000	5271
18000	4429
19000	4145
Numero di step eseguiti = 19822
Simulation 35
0	7053
1000	7182
2000	7174
3000	7165
4000	7149
5000	7139
6000	7116
7000	7093
8000	7092
9000	7038
10000	6991
11000	6941
12000	6589
13000	6648
14000	6351
15000	5211
16000	4511
17000	4435
18000	4106
19000	3883
20000	3335
21000	3464
22000	3248
Numero di step eseguiti = 22652
Simulation 36
0	7053
1000	7177
2000	7157
3000	7163
4000	7147
5000	7148
6000	7123
7000	7139
8000	7014
9000	6959
10000	6648
11000	5994
12000	5252
13000	4547
14000	4183
15000	3748
16000	3533
17000	3348
18000	3113
19000	3278
20000	4100
21000	3023
22000	3154
Numero di step eseguiti = 22639
Simulation 37
0	7073
1000	7171
2000	7180
3000	7175
4000	7156
5000	7142
6000	7144
7000	7150
8000	7116
9000	7101
10000	7026
11000	6911
12000	6957
13000	6910
14000	6326
15000	5607
16000	5216
17000	4368
18000	3873
19000	4179
20000	4714
Numero di step eseguiti = 20746
Simulation 38
0	7033
1000	7162
2000	7158
3000	7149
4000	7159
5000	7107
6000	7114
7000	7049
8000	7090
9000	6975
10000	6825
11000	6719
12000	7061
13000	7135
14000	7185
15000	6389
16000	5290
17000	6656
18000	4190
19000	3860
20000	4035
21000	4359
22000	3953
23000	2900
24000	2655
25000	5598
Numero di step eseguiti = 25949
Simulation 39
0	7079
1000	7191
2000	7185
3000	7171
4000	7166
5000	7141
6000	7142
7000	7069
8000	7146
9000	7078
10000	6979
11000	6902
12000	6911
13000	6933
14000	5836
15000	5369
16000	4847
17000	4559
18000	4231
19000	3767
20000	3635
21000	3817
22000	3633
23000	4764
24000	4680
25000	4757
26000	5946
27000	7193
28000	7181
29000	7199
30000	7196
31000	7199
Numero di step eseguiti = 31891
Simulation 40
0	7080
1000	7193
2000	7183
3000	7182
4000	7170
5000	7144
6000	7112
7000	7116
8000	7050
9000	7046
10000	7049
11000	7035
12000	6640
13000	6345
14000	5628
15000	5564
16000	4842
17000	4130
18000	3784
19000	3448
20000	3001
21000	4654
Numero di step eseguiti = 21296
Simulation 41
0	7079
1000	7179
2000	7162
3000	7152
4000	7146
5000	7117
6000	7127
7000	7076
8000	7149
9000	7092
10000	7079
11000	7089
12000	7060
13000	6849
14000	7072
15000	6753
16000	5077
17000	4288
18000	3615
19000	4904
Numero di step eseguiti = 19985
Simulation 42
0	7059
1000	7176
2000	7179
3000	7164
4000	7139
5000	7152
6000	7108
7000	7121
8000	7080
9000	7084
10000	7084
11000	7041
12000	6836
13000	6209
14000	5693
15000	4806
16000	4535
17000	4072
18000	3903
Numero di step eseguiti = 18487
Simulation 43
0	7078
1000	7179
2000	7167
3000	7136
4000	7134
5000	7103
6000	7045
7000	7082
8000	6981
9000	6922
10000	6608
11000	6445
12000	6517
13000	5659
14000	5190
15000	5010
16000	5277
17000	7127
18000	4152
19000	3961
20000	3825
21000	3097
22000	6203
Numero di step eseguiti = 22428
Simulation 44
0	7069
1000	7179
2000	7162
3000	7152
4000	7154
5000	7125
6000	7135
7000	7121
8000	7039
9000	7059
10000	7071
11000	6942
12000	6574
13000	6642
14000	7168
15000	6665
16000	6621
17000	7183
18000	6822
Numero di step eseguiti = 18470
Simulation 45
0	7073
1000	7179
2000	7166
3000	7167
4000	7138
5000	7134
6000	7136
7000	7105
8000	7078
9000	7000
10000	6947
11000	6903
12000	6307
13000	6076
14000	5455
15000	5094
16000	4965
17000	4896
18000	7113
Numero di step eseguiti = 18005
Simulation 46
0	7064
1000	7175
2000	7170
3000	7151
4000	7147
5000	7146
6000	7118
7000	7084
8000	7097
9000	7095
10000	7080
11000	6966
12000	6607
13000	6458
14000	5616
15000	5221
16000	4577
17000	4344
18000	3945
19000	3550
20000	3098
Numero di step eseguiti = 20839
Simulation 47
0	7054
1000	7173
2000	7173
3000	7156
4000	7136
5000	7135
6000	7095
7000	7094
8000	7070
9000	7041
10000	6911
11000	7090
12000	6661
13000	7105
14000	6311
15000	5140
16000	4652
17000	4535
18000	4404
19000	3597
20000	3212
21000	7060
Numero di step eseguiti = 21006
Simulation 48
0	7051
1000	7189
2000	7171
3000	7154
4000	7168
5000	7139
6000	7127
7000	7037
8000	7101
9000	7080
10000	7065
11000	7019
12000	6747
13000	5708
14000	4818
15000	4565
16000	4257
17000	3899
18000	4373
19000	6344
20000	7067
21000	7199
Numero di step eseguiti = 21972
Simulation 49
0	7054
1000	7179
2000	7179
3000	7162
4000	7136
5000	7167
6000	7173
7000	7153
8000	7113
9000	7151
10000	7125
11000	7039
12000	6950
13000	6840
14000	6916
15000	6754
16000	6325
17000	4872
18000	3911
19000	3373
20000	3042
21000	3846
Numero di step eseguiti = 21375
Simulation 50
0	7053
1000	7176
2000	7177
3000	7172
4000	7159
5000	7151
6000	7162
7000	7090
8000	7047
9000	7012
10000	6745
11000	6837
12000	6169
13000	5772
14000	5198
15000	5016
16000	4748
17000	4514
18000	4551
19000	4179
20000	3984
21000	3230
22000	3143
23000	2972
24000	2954
25000	3425
26000	4532
27000	5062
Numero di step eseguiti = 27441
Simulation 51
0	7075
1000	7185
2000	7180
3000	7160
4000	7159
5000	7135
6000	7125
7000	7129
8000	7033
9000	7068
10000	6946
11000	6711
12000	6465
13000	6918
14000	6046
15000	5169
16000	4106
17000	3964
18000	3986
19000	3627
20000	3276
Numero di step eseguiti = 20573
Simulation 52
0	7041
1000	7173
2000	7176
3000	7163
4000	7102
5000	7130
6000	7030
7000	7081
8000	7049
9000	6927
10000	6618
11000	6535
12000	6579
13000	6097
14000	5168
15000	4938
16000	4623
17000	4633
18000	4654
19000	4346
20000	7196
21000	7199
22000	7191
Numero di step eseguiti = 22733
Simulation 53
0	7066
1000	7179
2000	7158
3000	7149
4000	7131
5000	7158
6000	7128
7000	7099
8000	7061
9000	7042
10000	6971
11000	7076
12000	6923
13000	6600
14000	5983
15000	5413
16000	5360
17000	5304
18000	3864
19000	4392
Numero di step eseguiti = 19838
Simulation 54
0	7069
1000	7172
2000	7169
3000	7136
4000	7112
5000	7124
6000	7092
7000	7124
8000	7126
9000	7019
10000	7051
11000	7010
12000	7013
13000	6912
14000	6368
15000	5880
16000	5862
17000	6230
18000	4616
19000	5261
20000	4133
21000	4337
22000	4043
23000	4274
24000	3526
25000	3774
26000	3528
Numero di step eseguiti = 26173
Simulation 55
0	7062
1000	7172
2000	7171
3000	7167
4000	7136
5000	7141
6000	7113
7000	7135
8000	7101
9000	7053
10000	7029
11000	6916
12000	6406
13000	6011
14000	5658
15000	5391
16000	4693
17000	4498
18000	6737
19000	3900
20000	3695
21000	3570
22000	3341
23000	3038
24000	3754
25000	5791
26000	6937
Numero di step eseguiti = 26130
Simulation 56
0	7042
1000	7181
2000	7170
3000	7163
4000	7150
5000	7120
6000	7128
7000	7137
8000	7132
9000	7148
10000	7125
11000	6979
12000	6980
13000	6844
14000	6681
15000	5975
16000	6584
17000	7148
18000	7125
19000	7162
20000	4812
21000	3537
22000	3481
23000	2863
24000	2766
25000	3378
Numero di step eseguiti = 25499
Simulation 57
0	7065
1000	7183
2000	7154
3000	7156
4000	7098
5000	7152
6000	7087
7000	7097
8000	6864
9000	6937
10000	6678
11000	6710
12000	6180
13000	6106
14000	5440
15000	6859
16000	6313
17000	4764
18000	5157
19000	4334
20000	3346
21000	3413
22000	3476
23000	3653
24000	3557
25000	6586
26000	7198
27000	6425
28000	7184
29000	7199
30000	7199
31000	7199
32000	4693
33000	7199
Numero di step eseguiti = 33615
Simulation 58
0	7083
1000	7177
2000	7167
3000	7153
4000	7154
5000	7122
6000	7123
7000	7093
8000	7117
9000	7092
10000	6719
11000	6634
12000	6382
13000	5969
14000	5499
15000	4660
16000	4418
17000	3963
18000	3968
19000	3598
Numero di step eseguiti = 19719
Simulation 59
0	7072
1000	7164
2000	7133
3000	7153
4000	7145
5000	7079
6000	7130
7000	7134
8000	7074
9000	7089
10000	7049
11000	6919
12000	7033
13000	6752
14000	6063
15000	5511
16000	4384
17000	3914
18000	3681
19000	3324
20000	3170
21000	3924
Numero di step eseguiti = 21209
Simulation 60
0	7045
1000	7175
2000	7186
3000	7164
4000	7138
5000	7162
6000	7058
7000	6934
8000	6892
9000	7005
10000	7041
11000	6906
12000	6863
13000	5732
14000	5121
15000	4961
16000	4201
17000	3924
18000	3712
19000	3789
20000	3493
21000	3235
22000	7198
23000	7198
24000	7199
25000	7198
26000	4365
27000	4285
Numero di step eseguiti = 27791
Simulation 61
0	7060
1000	7174
2000	7162
3000	7170
4000	7138
5000	7130
6000	7114
7000	7083
8000	7106
9000	7094
10000	7066
11000	7088
12000	7099
13000	6930
14000	6685
15000	6673
16000	5829
17000	5204
18000	3853
19000	3382
20000	3116
21000	3815
22000	2929
23000	2995
24000	2835
25000	2967
26000	3768
Numero di step eseguiti = 26843
Simulation 62
0	7095
1000	7185
2000	7163
3000	7155
4000	7158
5000	7150
6000	7149
7000	7135
8000	7122
9000	7053
10000	7033
11000	6981
12000	6828
13000	7129
14000	6507
15000	5843
16000	5056
17000	7199
18000	7122
19000	7145
Numero di step eseguiti = 19012
Simulation 63
0	7097
1000	7185
2000	7179
3000	7156
4000	7172
5000	7141
6000	7104
7000	7132
8000	7086
9000	6999
10000	6853
11000	6634
12000	6287
13000	7077
14000	7135
15000	7179
16000	7156
17000	5722
18000	6049
19000	4313
20000	4111
21000	3937
Numero di step eseguiti = 21895
Simulation 64
0	7069
1000	7177
2000	7155
3000	7169
4000	7154
5000	7142
6000	7121
7000	7132
8000	7088
9000	7102
10000	7059
11000	7112
12000	7043
13000	6860
14000	6618
15000	5760
16000	5223
17000	4322
18000	3857
19000	3499
Numero di step eseguiti = 19860
Simulation 65
0	7053
1000	7186
2000	7182
3000	7165
4000	7166
5000	7155
6000	7112
7000	7117
8000	7093
9000	7077
10000	6978
11000	6868
12000	6685
13000	6000
14000	4954
15000	4659
16000	4285
17000	3674
18000	3422
19000	3275
20000	3082
21000	2979
22000	2994
23000	2938
24000	2889
25000	2727
26000	2864
27000	2858
28000	2608
29000	2545
30000	2789
31000	2498
32000	2521
33000	2498
34000	3163
35000	5770
Numero di step eseguiti = 35326
Simulation 66
0	7077
1000	7191
2000	7184
3000	7165
4000	7150
5000	7157
6000	7115
7000	7128
8000	7124
9000	7084
10000	7071
11000	7113
12000	6986
13000	6994
14000	6615
15000	5670
16000	4990
17000	4306
18000	3727
19000	3469
20000	3346
21000	3347
22000	5599
Numero di step eseguiti = 22192
Simulation 67
0	7062
1000	7188
2000	7179
3000	7162
4000	7158
5000	7118
6000	7129
7000	7132
8000	7139
9000	7130
10000	7057
11000	7103
12000	6925
13000	6664
14000	5910
15000	5213
16000	4937
17000	3573
18000	3550
19000	3434
Numero di step eseguiti = 19678
Simulation 68
0	7049
1000	7188
2000	7175
3000	7163
4000	7140
5000	7160
6000	7128
7000	7137
8000	7116
9000	7109
10000	7098
11000	7163
12000	6979
13000	7076
14000	6826
15000	6191
16000	6352
17000	5363
18000	4660
19000	4266
20000	3570
21000	3745
Numero di step eseguiti = 21882
Simulation 69
0	7076
1000	7185
2000	7180
3000	7169
4000	7170
5000	7149
6000	7118
7000	7110
8000	7089
9000	7081
10000	7148
11000	7124
12000	6792
13000	6676
14000	6687
15000	6647
16000	5963
17000	5277
18000	5323
Numero di step eseguiti = 18272
Simulation 70
0	7076
1000	7176
2000	7181
3000	7150
4000	7164
5000	7116
6000	7139
7000	7140
8000	7130
9000	7098
10000	7073
11000	6796
12000	6513
13000	5665
14000	5320
15000	4715
16000	4164
17000	3865
18000	3494
19000	3177
20000	3327
21000	3410
22000	3763
23000	3782
24000	3123
Numero di step eseguiti = 24304
Simulation 71
0	7048
1000	7181
2000	7169
3000	7155
4000	7174
5000	7158
6000	7113
7000	7066
8000	7077
9000	7053
10000	7009
11000	6911
12000	6576
13000	5316
14000	4941
15000	4391
16000	3944
17000	3951
18000	4161
19000	3129
20000	3674
21000	3078
22000	5883
Numero di step eseguiti = 22129
Simulation 72
0	7048
1000	7185
2000	7163
3000	7160
4000	7148
5000	7124
6000	7117
7000	7114
8000	7114
9000	7086
10000	7010
11000	7012
12000	6892
13000	6854
14000	6165
15000	5774
16000	5392
17000	4583
18000	3993
19000	4074
20000	3504
21000	3865
22000	4085
Numero di step eseguiti = 22715
Simulation 73
0	7045
1000	7180
2000	7174
3000	7163
4000	7140
5000	7161
6000	7088
7000	7045
8000	6981
9000	6905
10000	6950
11000	6906
12000	6931
13000	6159
14000	5488
15000	5097
16000	5085
17000	4566
18000	3855
19000	3847
20000	3643
21000	3511
22000	3379
23000	4779
Numero di step eseguiti = 23184
Simulation 74
0	7069
1000	7188
2000	7167
3000	7176
4000	7165
5000	7174
6000	7150
7000	7105
8000	7133
9000	7137
10000	7068
11000	7118
12000	6785
13000	6315
14000	5973
15000	5448
16000	4973
17000	5182
18000	4422
19000	4084
Numero di step eseguiti = 19722
Simulation 75
0	7046
1000	7180
2000	7183
3000	7177
4000	7148
5000	7152
6000	7112
7000	7063
8000	7103
9000	6982
10000	6758
11000	6536
12000	5992
13000	5451
14000	4928
15000	4581
16000	4379
17000	3784
18000	3499
19000	3422
Numero di step eseguiti = 19838
Simulation 76
0	7039
1000	7174
2000	7169
3000	7161
4000	7156
5000	7123
6000	7124
7000	7114
8000	7091
9000	7020
10000	7071
11000	6376
12000	4952
13000	4807
14000	4469
15000	4215
16000	4357
17000	3850
18000	4761
Numero di step eseguiti = 18110
Simulation 77
0	7064
1000	7184
2000	7174
3000	7143
4000	7149
5000	7168
6000	7123
7000	7115
8000	7144
9000	7096
10000	7141
11000	6849
12000	6332
13000	5792
14000	6665
Numero di step eseguiti = 14270
Simulation 78
0	7056
1000	7178
2000	7154
3000	7136
4000	7096
5000	7122
6000	7145
7000	7127
8000	7008
9000	7030
10000	6991
11000	6992
12000	6574
13000	6321
14000	5509
15000	5087
16000	4958
17000	4463
18000	6951
19000	3769
20000	7157
21000	7197
22000	7195
23000	7197
24000	7197
25000	7096
26000	7199
27000	7198
28000	7197
Numero di step eseguiti = 28372
Simulation 79
0	7067
1000	7182
2000	7175
3000	7182
4000	7156
5000	7122
6000	7126
7000	7059
8000	7037
9000	7041
10000	6985
11000	6928
12000	6348
13000	5790
14000	5124
15000	4507
16000	4284
17000	5282
18000	4413
19000	3294
20000	3656
21000	5404
Numero di step eseguiti = 21281
Simulation 80
0	7068
1000	7186
2000	7178
3000	7171
4000	7164
5000	7148
6000	7130
7000	7152
8000	7070
9000	6996
10000	6727
11000	6344
12000	5682
13000	5006
14000	4722
15000	4253
16000	5639
Numero di step eseguiti = 16994
Simulation 81
0	7056
1000	7180
2000	7167
3000	7177
4000	7142
5000	7142
6000	7144
7000	7102
8000	7057
9000	7018
10000	6945
11000	6823
12000	6291
13000	5932
14000	5851
15000	5252
16000	4941
17000	4487
18000	4327
19000	4151
Numero di step eseguiti = 19803
Simulation 82
0	7066
1000	7190
2000	7171
3000	7169
4000	7144
5000	7155
6000	7110
7000	7120
8000	7097
9000	7047
10000	6931
11000	6608
12000	5911
13000	5586
14000	4957
15000	4475
16000	4268
17000	3757
18000	4143
19000	4646
Numero di step eseguiti = 19399
Simulation 83
0	7050
1000	7184
2000	7185
3000	7155
4000	7123
5000	7094
6000	7036
7000	7100
8000	6986
9000	6837
10000	6741
11000	6272
12000	5661
13000	4947
14000	4650
15000	4651
16000	3895
17000	3830
18000	3727
19000	3456
Numero di step eseguiti = 19780
Simulation 84
0	7048
1000	7180
2000	7174
3000	7158
4000	7160
5000	7122
6000	7088
7000	7105
8000	6981
9000	7085
10000	7094
11000	7159
12000	6617
13000	6247
14000	6000
15000	5271
16000	5181
17000	4283
18000	3663
19000	3405
20000	3524
21000	3355
22000	3718
23000	3057
24000	3315
25000	3042
26000	3147
Numero di step eseguiti = 26201
Simulation 85
0	7077
1000	7183
2000	7158
3000	7158
4000	7163
5000	7129
6000	7154
7000	7153
8000	7103
9000	6999
10000	6460
11000	6191
12000	5799
13000	5669
14000	4847
15000	4655
16000	4374
17000	4206
18000	3714
19000	3473
20000	3154
21000	3698
Numero di step eseguiti = 21580
Simulation 86
0	7056
1000	7189
2000	7154
3000	7146
4000	7132
5000	7138
6000	7147
7000	7145
8000	7116
9000	7097
10000	7139
11000	6996
12000	6211
13000	5989
14000	5603
15000	5303
16000	5480
17000	4757
18000	3700
19000	3950
20000	4031
21000	5136
22000	7199
23000	7197
Numero di step eseguiti = 23217
Simulation 87
0	7047
1000	7175
2000	7172
3000	7159
4000	7139
5000	7157
6000	7133
7000	7109
8000	7098
9000	7025
10000	7098
11000	7042
12000	7167
13000	6621
14000	6014
15000	5717
16000	5426
17000	4825
18000	4024
19000	3591
20000	3976
21000	4340
22000	3651
23000	4952
24000	6973
Numero di step eseguiti = 24030
Simulation 88
0	7057
1000	7186
2000	7179
3000	7148
4000	7155
5000	7150
6000	7086
7000	7064
8000	7078
9000	6911
10000	6729
11000	6393
12000	6127
13000	5566
14000	4973
15000	4404
16000	4079
17000	4219
18000	3603
19000	3691
20000	3468
21000	3082
22000	2946
23000	3174
24000	3049
25000	3662
Numero di step eseguiti = 25999
Simulation 89
0	7055
1000	7181
2000	7178
3000	7183
4000	7178
5000	7130
6000	7139
7000	7103
8000	7139
9000	6932
10000	6636
11000	6329
12000	5991
13000	5612
14000	4982
15000	4490
16000	3999
17000	3622
18000	3411
19000	3097
20000	3021
21000	2984
Numero di step eseguiti = 21973
Simulation 90
0	7053
1000	7167
2000	7163
3000	7162
4000	7139
5000	7149
6000	7107
7000	7152
8000	7106
9000	7063
10000	7010
11000	6623
12000	6264
13000	5026
14000	4650
15000	4447
16000	4384
17000	5938
18000	5210
19000	7195
20000	6255
21000	7194
22000	7194
23000	6728
24000	4994
25000	5763
Numero di step eseguiti = 25480
Simulation 91
0	7047
1000	7187
2000	7186
3000	7181
4000	7156
5000	7165
6000	7167
7000	7147
8000	7095
9000	7079
10000	6987
11000	6714
12000	6512
13000	5978
14000	5446
15000	4702
16000	4549
17000	4283
18000	3796
19000	3757
20000	3305
21000	3864
22000	2970
23000	3253
24000	3581
25000	3477
26000	3879
27000	5228
28000	4424
29000	2494
30000	2602
31000	2683
Numero di step eseguiti = 31667
Simulation 92
0	7062
1000	7185
2000	7166
3000	7150
4000	7143
5000	7142
6000	7153
7000	7039
8000	7032
9000	7037
10000	7019
11000	6758
12000	6936
13000	5374
14000	4868
15000	4766
16000	5149
17000	7148
Numero di step eseguiti = 17286
Simulation 93
0	7040
1000	7178
2000	7156
3000	7153
4000	7158
5000	7137
6000	7097
7000	7043
8000	7074
9000	7049
10000	6991
11000	6993
12000	6832
13000	6453
14000	6353
15000	5238
16000	5205
17000	5057
18000	4137
19000	4326
20000	3962
21000	3426
22000	5281
Numero di step eseguiti = 22673
Simulation 94
0	7059
1000	7171
2000	7166
3000	7161
4000	7162
5000	7133
6000	7165
7000	7126
8000	7132
9000	7102
10000	7070
11000	6990
12000	6740
13000	5858
14000	4959
15000	4865
16000	4461
17000	4527
18000	4384
19000	4853
20000	7196
Numero di step eseguiti = 20245
Simulation 95
0	7083
1000	7179
2000	7182
3000	7170
4000	7146
5000	7129
6000	7155
7000	7084
8000	7129
9000	7091
10000	7141
11000	7132
12000	7004
13000	7090
14000	7190
15000	6801
16000	5696
17000	5152
18000	4370
19000	4220
20000	3722
21000	3428
22000	3828
Numero di step eseguiti = 22655
Simulation 96
0	7057
1000	7181
2000	7154
3000	7150
4000	7117
5000	7072
6000	7105
7000	7024
8000	7044
9000	6935
10000	7054
11000	7005
12000	6943
13000	5827
14000	5432
15000	4927
16000	4373
17000	4564
18000	3772
19000	3755
20000	5533
21000	4978
22000	4030
Numero di step eseguiti = 22964
Simulation 97
0	7069
1000	7179
2000	7165
3000	7169
4000	7139
5000	7129
6000	7134
7000	7046
8000	7093
9000	6975
10000	6955
11000	6676
12000	6506
13000	6237
14000	6145
15000	5834
16000	4715
17000	4590
18000	4020
19000	4378
20000	3448
21000	3222
22000	3347
23000	3085
24000	4403
25000	3429
26000	2919
27000	3390
28000	5736
29000	2750
30000	3134
Numero di step eseguiti = 30680
Simulation 98
0	7055
1000	7186
2000	7178
3000	7165
4000	7170
5000	7141
6000	7101
7000	7103
8000	7073
9000	7078
10000	7057
11000	7012
12000	6989
13000	6498
14000	5938
15000	5311
16000	4700
17000	4056
18000	3668
19000	2972
20000	2840
21000	2595
22000	3608
23000	2888
24000	2481
25000	4824
Numero di step eseguiti = 25449
Simulation 99
0	7050
1000	7180
2000	7183
3000	7133
4000	7141
5000	7139
6000	7035
7000	7113
8000	7064
9000	6905
10000	6550
11000	6610
12000	6179
13000	5634
14000	5061
15000	4662
16000	4394
17000	7184
18000	7197
19000	7193
Numero di step eseguiti = 19371
Simulation 100
0	7084
1000	7178
2000	7175
3000	7169
4000	7172
5000	7131
6000	7149
7000	7148
8000	7136
9000	7130
10000	7083
11000	7028
12000	6958
13000	6828
14000	6741
15000	6679
16000	6761
17000	5144
18000	4826
19000	3619
20000	3515
21000	6453
22000	5878
Numero di step eseguiti = 22103
pos_features = 200
Simulation 1
0	7085
1000	7188
2000	7167
3000	7164
4000	7174
5000	7183
6000	7141
7000	7154
8000	7117
9000	7125
10000	7045
11000	6748
12000	6534
13000	6525
14000	6930
15000	5832
16000	5210
17000	5165
18000	4533
19000	4038
20000	3877
21000	5431
22000	4920
23000	5100
24000	4992
25000	7017
Numero di step eseguiti = 25719
Simulation 2
0	7114
1000	7185
2000	7182
3000	7173
4000	7157
5000	7161
6000	7141
7000	7128
8000	7123
9000	7109
10000	7078
11000	7092
12000	7134
13000	7059
14000	7023
15000	6354
16000	5946
17000	5463
18000	5012
19000	4554
Numero di step eseguiti = 19581
Simulation 3
0	7113
Numero di step eseguiti = 293
Simulation 4
0	7080
1000	7183
2000	7173
3000	7177
4000	7157
5000	7165
6000	7146
7000	7113
8000	7119
9000	7148
10000	7060
11000	7033
12000	6877
13000	6719
14000	6770
15000	5469
16000	5063
17000	5081
18000	7166
Numero di step eseguiti = 18279
Simulation 5
0	7108
1000	7191
2000	7181
3000	7174
4000	7147
5000	7146
6000	7141
7000	7120
8000	7125
9000	7132
10000	7152
11000	7073
12000	6964
13000	6835
14000	6602
15000	6241
16000	6210
17000	5360
18000	5024
19000	4383
20000	4035
21000	3537
22000	3617
23000	3535
24000	3438
25000	3317
26000	3338
27000	2789
28000	3232
29000	4386
Numero di step eseguiti = 29271
Simulation 6
0	7084
1000	7194
2000	7182
3000	7182
4000	7168
5000	7190
6000	7156
7000	7156
8000	7126
9000	7032
10000	7146
11000	7042
12000	6785
13000	6484
14000	6390
15000	6355
16000	6726
17000	6633
18000	7185
19000	6199
20000	7193
21000	7125
22000	4817
23000	4641
24000	3907
25000	3842
26000	3211
27000	2886
28000	2719
29000	2581
30000	2539
31000	5280
Numero di step eseguiti = 31300
Simulation 7
0	7076
1000	7192
2000	7185
3000	7163
4000	7158
5000	7147
6000	7147
7000	7153
8000	7166
9000	7150
10000	7142
11000	7096
12000	7158
13000	6972
14000	6941
15000	5714
16000	5311
17000	4999
18000	5896
19000	4221
20000	4103
21000	3670
22000	3357
23000	3150
24000	3031
25000	2768
26000	3044
27000	3608
Numero di step eseguiti = 27375
Simulation 8
0	7101
1000	7194
2000	7187
3000	7177
4000	7170
5000	7145
6000	7127
7000	7114
8000	7129
9000	7132
10000	7031
11000	6978
12000	7052
13000	6975
14000	6254
15000	5630
16000	5128
17000	4906
18000	4323
19000	4168
20000	3928
21000	5200
Numero di step eseguiti = 21554
Simulation 9
0	7082
1000	7190
2000	7187
3000	7180
4000	7180
5000	7182
6000	7134
7000	7146
8000	7107
9000	7131
10000	7113
11000	7120
12000	7026
13000	6861
14000	6815
15000	6297
16000	5832
17000	5765
18000	5354
19000	4716
20000	4432
21000	4073
22000	3812
23000	3550
Numero di step eseguiti = 23671
Simulation 10
0	7074
1000	7188
2000	7185
3000	7173
4000	7163
5000	7153
6000	7154
7000	7151
8000	7135
9000	7135
10000	7104
11000	7052
12000	7080
13000	7055
14000	7120
15000	7078
16000	7058
17000	6903
18000	6628
19000	5436
20000	4291
21000	4188
22000	3585
23000	3373
24000	3136
25000	2921
26000	3149
27000	4006
Numero di step eseguiti = 27735
Simulation 11
0	7083
1000	7183
2000	7184
3000	7183
4000	7184
5000	7134
6000	7156
7000	7114
8000	7083
9000	7112
10000	7064
11000	7000
12000	6884
13000	6657
14000	6476
15000	6238
16000	5826
17000	5563
18000	4794
19000	4065
20000	4057
21000	5127
22000	6664
Numero di step eseguiti = 22062
Simulation 12
0	7104
1000	7187
2000	7181
3000	7185
4000	7181
5000	7178
6000	7166
7000	7148
8000	7140
9000	7129
10000	7128
11000	7124
12000	7123
13000	7081
14000	7022
15000	7053
16000	6984
17000	6857
18000	6630
19000	6402
20000	4953
21000	5079
22000	7198
23000	7198
24000	7104
25000	7199
26000	7199
27000	6710
28000	5579
Numero di step eseguiti = 28780
Simulation 13
0	7110
1000	7182
2000	7173
3000	7176
4000	7145
5000	7160
6000	7165
7000	7095
8000	7093
9000	7136
10000	7076
11000	6920
12000	6474
13000	5959
14000	5405
15000	5254
16000	4443
17000	3700
18000	3900
19000	3273
20000	3262
21000	3000
22000	2921
23000	2834
24000	3230
Numero di step eseguiti = 24957
Simulation 14
0	7095
1000	7187
2000	7174
3000	7159
4000	7153
5000	7155
6000	7154
7000	7101
8000	7069
9000	7126
10000	7062
11000	7062
12000	6892
13000	6965
14000	6183
15000	7015
16000	6221
17000	7116
18000	5769
19000	4291
20000	4172
21000	3809
22000	3643
23000	3358
24000	4220
Numero di step eseguiti = 24379
Simulation 15
0	7068
1000	7191
2000	7189
3000	7179
4000	7172
5000	7169
6000	7112
7000	7124
8000	7155
9000	7093
10000	7087
11000	7072
12000	6755
13000	6433
14000	6018
15000	5978
16000	5187
17000	4923
18000	4533
19000	4220
20000	3739
21000	3602
22000	7196
Numero di step eseguiti = 22010
Simulation 16
0	7080
1000	7187
2000	7163
3000	7165
4000	7163
5000	7169
6000	7171
7000	7131
8000	7132
9000	7122
10000	7037
11000	7093
12000	7121
13000	6940
14000	7004
15000	7019
16000	6987
17000	7040
18000	7046
19000	6191
20000	5113
21000	4679
22000	3823
23000	3678
24000	3170
25000	2856
26000	3455
Numero di step eseguiti = 26628
Simulation 17
0	7100
1000	7189
2000	7190
3000	7181
4000	7173
5000	7139
6000	7164
7000	7143
8000	7163
9000	7105
10000	7169
11000	7173
12000	7100
13000	7171
14000	7135
15000	6785
16000	6563
17000	6596
18000	5433
19000	4863
20000	4540
21000	4406
22000	4097
23000	3374
24000	3158
25000	2996
26000	2826
27000	2770
28000	5963
Numero di step eseguiti = 28103
Simulation 18
0	7085
1000	7186
2000	7177
3000	7173
4000	7154
5000	7155
6000	7131
7000	7146
8000	7095
9000	7077
10000	7097
11000	7061
12000	7036
13000	7020
14000	6962
15000	6623
16000	5756
17000	4641
18000	4373
19000	4635
20000	5002
Numero di step eseguiti = 20234
Simulation 19
0	7078
1000	7189
2000	7189
3000	7182
4000	7170
5000	7165
6000	7161
7000	7109
8000	7121
9000	7081
10000	7047
11000	6853
12000	6628
13000	6830
14000	6666
15000	7018
16000	5425
17000	4880
18000	4721
19000	4464
20000	4169
21000	3764
22000	3733
23000	6988
Numero di step eseguiti = 23039
Simulation 20
0	7108
1000	7181
2000	7193
3000	7189
4000	7159
5000	7161
6000	7190
7000	7160
8000	7155
9000	7149
10000	7138
11000	7113
12000	6950
13000	6867
14000	6394
15000	6317
16000	5547
17000	4922
18000	4747
19000	4448
20000	4134
21000	3929
22000	4009
23000	3481
24000	3657
25000	7194
Numero di step eseguiti = 25673
Simulation 21
0	7088
1000	7189
2000	7190
3000	7185
4000	7166
5000	7161
6000	7156
7000	7160
8000	7140
9000	7091
10000	7101
11000	7152
12000	6975
13000	6589
14000	6223
15000	5287
16000	4717
17000	4474
18000	4191
19000	4064
20000	3947
Numero di step eseguiti = 20741
Simulation 22
0	7101
1000	7188
2000	7182
3000	7170
4000	7153
5000	7129
6000	7082
7000	7034
8000	7023
9000	7085
10000	7136
11000	7134
12000	7157
13000	7059
14000	7026
15000	7082
16000	7118
17000	6133
18000	6092
19000	6653
20000	7194
21000	5254
22000	7194
23000	7172
24000	7199
25000	7199
26000	7159
27000	7193
28000	7182
29000	7192
30000	7172
Numero di step eseguiti = 30347
Simulation 23
0	7089
1000	7185
2000	7189
3000	7169
4000	7176
5000	7146
6000	7098
7000	7135
8000	7098
9000	7112
10000	7131
11000	7098
12000	6880
13000	6841
14000	7155
15000	6745
16000	6360
17000	7143
18000	6175
19000	4741
20000	4343
21000	3949
22000	3617
23000	4675
Numero di step eseguiti = 23743
Simulation 24
0	7100
1000	7192
2000	7177
3000	7185
4000	7187
5000	7180
6000	7168
7000	7153
8000	7160
9000	7178
10000	7164
11000	7071
12000	7093
13000	7067
14000	7090
15000	6939
16000	6911
17000	6678
18000	5871
19000	5750
20000	5191
21000	4963
22000	4337
23000	3864
24000	3600
25000	3888
26000	3555
27000	5180
Numero di step eseguiti = 27564
Simulation 25
0	7073
1000	7175
2000	7168
3000	7154
4000	7163
5000	7153
6000	7149
7000	7169
8000	7160
9000	7039
10000	7009
11000	7180
12000	6983
13000	6686
14000	6732
15000	6948
16000	5322
17000	6054
18000	7118
19000	5721
20000	5988
21000	7197
Numero di step eseguiti = 21590
Simulation 26
0	7115
1000	7187
2000	7182
3000	7184
4000	7187
5000	7175
6000	7158
7000	7143
8000	7139
9000	7133
10000	7156
11000	7147
12000	7034
13000	7045
14000	6963
15000	6506
16000	6035
17000	6518
18000	5191
19000	4106
20000	3742
21000	3938
22000	6693
23000	7197
Numero di step eseguiti = 23697
Simulation 27
0	7103
1000	7192
2000	7175
3000	7178
4000	7180
5000	7166
6000	7167
7000	7163
8000	7152
9000	7155
10000	7132
11000	7010
12000	7135
13000	6836
14000	6368
15000	5930
16000	5726
17000	5961
18000	6774
Numero di step eseguiti = 18527
Simulation 28
0	7104
1000	7194
2000	7183
3000	7189
4000	7175
5000	7175
6000	7173
7000	7144
8000	7124
9000	7133
10000	7093
11000	7108
12000	7110
13000	7054
14000	7071
15000	6756
16000	6662
17000	5843
18000	4780
19000	4488
20000	4457
21000	5806
22000	7199
23000	4104
24000	3220
25000	7199
26000	7198
Numero di step eseguiti = 26975
Simulation 29
0	7076
1000	7186
2000	7177
3000	7153
4000	7141
5000	7151
6000	7120
7000	7091
8000	7142
9000	7140
10000	7107
11000	7010
12000	7112
13000	6830
14000	6454
15000	5948
16000	5726
17000	5072
18000	4844
19000	4365
20000	3891
21000	4008
22000	4982
Numero di step eseguiti = 22259
Simulation 30
0	7078
1000	7181
2000	7185
3000	7177
4000	7153
5000	7169
6000	7137
7000	7124
8000	7100
9000	7030
10000	7065
11000	6869
12000	7081
13000	6426
14000	6150
15000	6326
16000	6788
17000	6708
18000	5309
19000	5014
20000	5051
21000	4663
22000	5565
23000	4564
24000	3853
25000	3295
26000	4489
27000	4945
Numero di step eseguiti = 27464
Simulation 31
0	7105
Numero di step eseguiti = 240
Simulation 32
0	7112
1000	7185
2000	7169
3000	7161
4000	7151
5000	7123
6000	7101
7000	7106
8000	7091
9000	7004
10000	7014
11000	6844
12000	6991
13000	6554
14000	5540
15000	5014
16000	4941
17000	4682
18000	4180
19000	3711
20000	3522
21000	3352
22000	3298
23000	3379
24000	3034
25000	3412
26000	3048
27000	3161
28000	6828
Numero di step eseguiti = 28009
Simulation 33
0	7106
1000	7188
2000	7180
3000	7171
4000	7166
5000	7171
6000	7125
7000	7117
8000	7094
9000	7096
10000	7113
11000	7059
12000	7046
13000	6871
14000	7057
15000	6755
16000	5763
17000	5157
18000	4775
19000	4600
20000	5261
21000	5707
22000	4689
23000	3414
24000	4118
Numero di step eseguiti = 24824
Simulation 34
0	7076
1000	7178
2000	7179
3000	7162
4000	7163
5000	7150
6000	7142
7000	7131
8000	7150
9000	7105
10000	7095
11000	7065
12000	7017
13000	7024
14000	7104
15000	6939
16000	6530
17000	5464
18000	4543
19000	4377
20000	3860
21000	3729
22000	3471
23000	3387
24000	7199
25000	7199
26000	7199
Numero di step eseguiti = 26186
Simulation 35
0	7091
1000	7185
2000	7175
3000	7170
4000	7155
5000	7119
6000	7140
7000	7104
8000	7041
9000	7084
10000	7019
11000	7094
12000	6272
13000	5709
14000	4844
15000	5256
Numero di step eseguiti = 15487
Simulation 36
0	7096
1000	7186
2000	7188
3000	7185
4000	7153
5000	7116
6000	7144
7000	7136
8000	7123
9000	7144
10000	7139
11000	7152
12000	7076
13000	7056
14000	6687
15000	6573
16000	5733
17000	5176
18000	5374
19000	4733
20000	3967
21000	3781
22000	3592
23000	3302
24000	3216
25000	3555
26000	2986
27000	4724
Numero di step eseguiti = 27104
Simulation 37
0	7112
1000	7183
2000	7185
3000	7184
4000	7167
5000	7146
6000	7121
7000	7113
8000	7085
9000	7014
10000	7158
11000	7062
12000	7133
13000	6978
14000	6786
15000	6665
16000	6535
17000	5962
18000	5836
19000	5058
20000	4489
21000	4198
22000	3876
23000	3712
Numero di step eseguiti = 23690
Simulation 38
0	7100
1000	7192
2000	7185
3000	7178
4000	7178
5000	7167
6000	7171
7000	7186
8000	7176
9000	7169
10000	7161
11000	7054
12000	7031
13000	7130
14000	6709
15000	6387
16000	6111
17000	5612
18000	5758
19000	7066
Numero di step eseguiti = 19061
Simulation 39
0	7093
1000	7188
2000	7190
3000	7182
4000	7189
5000	7190
6000	7150
7000	7158
8000	7136
9000	7129
10000	7077
11000	7139
12000	7044
13000	7071
14000	6909
15000	6600
16000	6450
17000	5670
18000	4971
19000	4534
20000	4260
21000	3532
22000	4536
23000	3492
24000	3135
25000	4577
Numero di step eseguiti = 25081
Simulation 40
0	7123
1000	7193
2000	7185
3000	7174
4000	7176
5000	7168
6000	7155
7000	7113
8000	7148
9000	7104
10000	7162
11000	7158
12000	7128
13000	7158
14000	7012
15000	7078
16000	7101
17000	7155
18000	6413
19000	5712
20000	4648
21000	4186
22000	3775
23000	3621
24000	4405
25000	4333
26000	5509
27000	5036
28000	7199
29000	7186
30000	6751
31000	7194
32000	7198
33000	7193
34000	7199
Numero di step eseguiti = 34972
Simulation 41
0	7089
1000	7192
2000	7170
3000	7147
4000	7165
5000	7172
6000	7143
7000	7113
8000	7059
9000	7090
10000	7155
11000	6834
12000	6524
13000	5920
14000	5783
15000	5553
16000	4862
17000	5368
18000	5371
19000	4891
20000	3887
21000	6499
Numero di step eseguiti = 21844
Simulation 42
0	7085
1000	7193
2000	7194
3000	7177
4000	7168
5000	7147
6000	7175
7000	7164
8000	7105
9000	7147
10000	7106
11000	7062
12000	7079
13000	7127
14000	7060
15000	7152
16000	6835
17000	6613
18000	6018
19000	5143
20000	4559
21000	4142
22000	3775
23000	3491
24000	3503
25000	3405
26000	3215
27000	3273
28000	3020
29000	3321
30000	2748
31000	2560
32000	2668
33000	2384
34000	2470
35000	3989
36000	5837
Numero di step eseguiti = 36539
Simulation 43
0	7089
Numero di step eseguiti = 246
Simulation 44
0	7110
1000	7181
2000	7170
3000	7162
4000	7161
5000	7155
6000	7123
7000	7144
8000	7088
9000	7125
10000	7094
11000	7080
12000	6985
13000	6900
14000	7031
15000	6248
16000	5399
17000	4574
18000	4387
19000	3971
20000	3757
21000	3734
22000	3904
Numero di step eseguiti = 22550
Simulation 45
0	7062
1000	7198
2000	7188
3000	7170
4000	7145
5000	7156
6000	7129
7000	7164
8000	7132
9000	7123
10000	7132
11000	7089
12000	6988
13000	6882
14000	6543
15000	6049
16000	5510
17000	4842
18000	4394
19000	4236
20000	3683
21000	3373
22000	5107
23000	7141
Numero di step eseguiti = 23029
Simulation 46
0	7094
1000	7191
2000	7186
3000	7177
4000	7169
5000	7167
6000	7154
7000	7172
8000	7121
9000	7079
10000	7068
11000	7080
12000	7073
13000	6829
14000	6710
15000	6565
16000	6331
17000	5627
18000	5235
19000	4844
20000	4213
21000	3885
22000	4120
23000	3700
24000	4566
25000	3080
26000	3056
27000	3774
28000	3189
29000	2769
30000	4647
Numero di step eseguiti = 30549
Simulation 47
0	7084
Numero di step eseguiti = 664
Simulation 48
0	7062
1000	7181
2000	7169
3000	7179
4000	7174
5000	7171
6000	7172
7000	7113
8000	7114
9000	7090
10000	7038
11000	6878
12000	6457
13000	6065
14000	5952
15000	7116
16000	4805
17000	4564
18000	4166
19000	3980
20000	4633
21000	4407
Numero di step eseguiti = 21910
Simulation 49
0	7090
1000	7190
2000	7173
3000	7159
4000	7142
5000	7138
6000	7132
7000	7097
8000	7129
9000	7165
10000	7107
11000	6996
12000	7141
13000	6861
14000	5995
15000	5571
16000	4562
17000	4674
18000	4559
19000	4822
20000	4349
Numero di step eseguiti = 20821
Simulation 50
0	7090
1000	7197
2000	7196
3000	7182
4000	7169
5000	7121
6000	7124
7000	7164
8000	7143
9000	7075
10000	7053
11000	7117
12000	6972
13000	6401
14000	5416
15000	4995
16000	4880
17000	5107
18000	4270
19000	3944
20000	3808
21000	3571
22000	3219
23000	3062
24000	2831
25000	2916
26000	2859
27000	2788
28000	2804
29000	2595
30000	2656
31000	2485
32000	2358
33000	2451
34000	2704
35000	2709
36000	4497
Numero di step eseguiti = 36301
Simulation 51
0	7089
1000	7187
2000	7184
3000	7184
4000	7167
5000	7170
6000	7126
7000	7149
8000	7106
9000	7113
10000	7097
11000	7132
12000	6979
13000	7007
14000	6774
15000	6015
16000	5639
17000	5204
18000	4617
19000	4441
20000	3980
21000	3794
22000	3734
23000	6496
Numero di step eseguiti = 23113
Simulation 52
0	7083
1000	7190
2000	7188
3000	7174
4000	7160
5000	7160
6000	7155
7000	7156
8000	7125
9000	7093
10000	7124
11000	7136
12000	6935
13000	6943
14000	7073
15000	6671
16000	5775
17000	5530
18000	4976
19000	4515
20000	4992
21000	4104
22000	4046
23000	3351
24000	7198
25000	7198
26000	7199
27000	7199
28000	7199
Numero di step eseguiti = 28531
Simulation 53
0	7081
1000	7180
2000	7183
3000	7182
4000	7149
5000	7152
6000	7175
7000	7165
8000	7148
9000	7145
10000	7134
11000	6994
12000	6724
13000	6482
14000	6298
15000	6358
16000	5953
17000	5540
18000	4500
19000	4203
20000	4174
21000	3655
22000	3551
23000	4326
Numero di step eseguiti = 23907
Simulation 54
0	7110
1000	7184
2000	7178
3000	7148
4000	7154
5000	7139
6000	7116
7000	7120
8000	7154
9000	7095
10000	6991
11000	6897
12000	7031
13000	6413
14000	7169
15000	5158
16000	4818
17000	4576
18000	3906
19000	3877
20000	3775
21000	3598
22000	3573
23000	3448
24000	5509
25000	7197
26000	7179
27000	4880
28000	7196
29000	7199
30000	7197
Numero di step eseguiti = 30551
Simulation 55
0	7100
1000	7194
2000	7174
3000	7159
4000	7166
5000	7116
6000	7159
7000	7127
8000	7118
9000	7128
10000	7148
11000	7136
12000	7113
13000	6910
14000	6946
15000	5933
16000	5427
17000	4277
18000	4073
19000	5096
Numero di step eseguiti = 19465
Simulation 56
0	7094
1000	7190
2000	7175
3000	7175
4000	7162
5000	7141
6000	7136
7000	7139
8000	7139
9000	7133
10000	7148
11000	7130
12000	7012
13000	6372
14000	6140
15000	5651
16000	5199
17000	4419
18000	4439
19000	4788
20000	6323
21000	7199
22000	7199
23000	4885
24000	7194
25000	7199
26000	7199
Numero di step eseguiti = 26074
Simulation 57
0	7093
1000	7176
2000	7154
3000	7140
4000	7142
5000	7128
6000	7141
7000	7146
8000	7113
9000	7095
10000	7055
11000	7100
12000	7039
13000	7030
14000	6340
15000	6988
16000	5740
17000	5087
18000	4540
19000	4200
20000	3970
21000	3767
22000	3248
23000	3042
24000	2906
25000	3167
26000	4431
Numero di step eseguiti = 26137
Simulation 58
0	7089
1000	7178
2000	7168
3000	7177
4000	7172
5000	7163
6000	7172
7000	7167
8000	7149
9000	7123
10000	7112
11000	6879
12000	6918
13000	6562
14000	6221
15000	5831
16000	5122
17000	5637
18000	7058
19000	7194
20000	5126
21000	5178
22000	4602
Numero di step eseguiti = 22271
Simulation 59
0	7096
1000	7184
2000	7182
3000	7178
4000	7186
5000	7173
6000	7169
7000	7165
8000	7138
9000	7138
10000	7062
11000	7132
12000	7072
13000	7119
14000	7022
15000	6338
16000	6132
17000	5591
18000	5744
19000	7141
20000	5203
21000	6765
22000	6169
23000	3999
24000	3986
25000	7199
26000	7199
27000	7199
28000	6646
29000	4742
Numero di step eseguiti = 29364
Simulation 60
0	7101
1000	7193
2000	7184
3000	7175
4000	7174
5000	7159
6000	7174
7000	7163
8000	7163
9000	7169
10000	7118
11000	7015
12000	7109
13000	6740
14000	6853
15000	6318
16000	6129
17000	7127
18000	4647
19000	4528
20000	4267
21000	5206
22000	4017
23000	6268
Numero di step eseguiti = 23672
Simulation 61
0	7113
1000	7188
2000	7181
3000	7173
4000	7174
5000	7172
6000	7166
7000	7114
8000	7146
9000	7153
10000	7127
11000	6991
12000	6924
13000	6617
14000	6088
15000	5630
16000	5684
17000	6905
18000	5126
19000	5801
20000	7157
21000	3602
22000	4607
Numero di step eseguiti = 22300
Simulation 62
0	7102
1000	7191
2000	7188
3000	7166
4000	7164
5000	7141
6000	7139
7000	7162
8000	7160
9000	7172
10000	7067
11000	7134
12000	6948
13000	6983
14000	6208
15000	6153
16000	5598
17000	5225
18000	4984
19000	4672
20000	4377
21000	3766
22000	3028
23000	2789
24000	2836
25000	2695
26000	2657
27000	2522
28000	2212
29000	2563
30000	2414
31000	4017
32000	2769
33000	4255
Numero di step eseguiti = 33439
Simulation 63
0	7091
1000	7197
2000	7187
3000	7187
4000	7177
5000	7156
6000	7172
7000	7157
8000	7119
9000	7099
10000	7145
11000	7081
12000	7150
13000	6975
14000	6638
15000	6539
16000	6499
17000	6041
18000	4876
19000	4754
20000	5354
21000	7065
22000	6929
Numero di step eseguiti = 22057
Simulation 64
0	7102
1000	7188
2000	7170
3000	7176
4000	7169
5000	7168
6000	7140
7000	7111
8000	7104
9000	7097
10000	7031
11000	6856
12000	6830
13000	6815
14000	6751
15000	6423
16000	5549
17000	4578
18000	3952
19000	4003
20000	3264
21000	3620
22000	5471
23000	3865
24000	3355
25000	3177
26000	4160
Numero di step eseguiti = 26347
Simulation 65
0	7093
1000	7193
2000	7182
3000	7174
4000	7169
5000	7173
6000	7143
7000	7134
8000	7108
9000	7131
10000	7103
11000	7052
12000	7119
13000	6984
14000	6882
15000	6816
16000	7024
17000	5137
18000	5260
19000	5343
Numero di step eseguiti = 19674
Simulation 66
0	7098
1000	7182
2000	7182
3000	7181
4000	7149
5000	7120
6000	7158
7000	7138
8000	7094
9000	7011
10000	6986
11000	7045
12000	6878
13000	6211
14000	5908
15000	5581
16000	4968
17000	4312
18000	4201
19000	3855
20000	3666
Numero di step eseguiti = 20683
Simulation 67
0	7091
1000	7187
2000	7177
3000	7165
4000	7163
5000	7149
6000	7163
7000	7152
8000	7125
9000	7090
10000	7126
11000	7066
12000	6872
13000	6582
14000	6309
15000	5176
16000	4702
17000	4457
18000	4571
19000	4339
20000	6350
21000	5784
22000	5712
Numero di step eseguiti = 22601
Simulation 68
0	7098
1000	7186
2000	7187
3000	7174
4000	7167
5000	7169
6000	7161
7000	7057
8000	7077
9000	6953
10000	7102
11000	7013
12000	7080
13000	6577
14000	5971
15000	5790
16000	5097
17000	4651
18000	4262
19000	3972
20000	3536
21000	7065
22000	7199
23000	7187
24000	7199
25000	7199
26000	7199
27000	7199
28000	7199
Numero di step eseguiti = 28375
Simulation 69
0	7088
1000	7195
2000	7186
3000	7185
4000	7191
5000	7166
6000	7125
7000	7134
8000	7133
9000	7133
10000	7081
11000	6974
12000	6826
13000	6328
14000	5798
15000	5539
16000	5295
17000	5018
18000	5128
19000	5152
20000	5232
Numero di step eseguiti = 20464
Simulation 70
0	7086
1000	7182
2000	7186
3000	7172
4000	7159
5000	7142
6000	7143
7000	7142
8000	7106
9000	7087
10000	7096
11000	7079
12000	7029
13000	6682
14000	6446
15000	5954
16000	5317
17000	7198
18000	7103
19000	6751
Numero di step eseguiti = 19342
Simulation 71
0	7092
1000	7189
2000	7169
3000	7156
4000	7159
5000	7147
6000	7136
7000	7143
8000	7111
9000	7091
10000	7107
11000	6962
12000	7138
13000	7155
14000	6938
15000	6236
16000	5466
17000	4905
18000	4208
19000	3995
20000	4239
21000	3880
22000	3830
23000	4783
24000	4555
25000	3738
26000	3902
Numero di step eseguiti = 26155
Simulation 72
0	7102
1000	7177
2000	7169
3000	7175
4000	7167
5000	7181
6000	7174
7000	7174
8000	7130
9000	7092
10000	7101
11000	7119
12000	6973
13000	7013
14000	6874
15000	6463
16000	6097
17000	5402
18000	5174
19000	4774
20000	4364
21000	4124
22000	4025
23000	4587
24000	3905
25000	4448
Numero di step eseguiti = 25722
Simulation 73
0	7085
1000	7179
2000	7177
3000	7182
4000	7177
5000	7170
6000	7153
7000	7164
8000	7161
9000	7149
10000	7084
11000	7124
12000	7016
13000	7118
14000	6741
15000	7179
16000	7182
17000	7191
18000	6480
19000	5542
20000	5903
21000	5941
22000	5499
23000	7166
24000	7199
25000	7162
Numero di step eseguiti = 25377
Simulation 74
0	7090
1000	7184
2000	7177
3000	7164
4000	7146
5000	7147
6000	7162
7000	7121
8000	7070
9000	7054
10000	7012
11000	6861
12000	6752
13000	6098
14000	6012
15000	5139
16000	4924
17000	5269
18000	6687
19000	6770
20000	4259
Numero di step eseguiti = 20610
Simulation 75
0	7096
1000	7186
2000	7183
3000	7168
4000	7156
5000	7149
6000	7136
7000	7124
8000	7096
9000	7033
10000	7055
11000	6978
12000	7159
13000	6349
14000	6205
15000	6251
16000	5427
17000	4667
18000	4658
19000	4149
20000	4120
21000	3624
22000	3292
23000	3249
24000	3146
25000	3182
26000	2819
27000	4373
Numero di step eseguiti = 27176
Simulation 76
0	7092
1000	7193
2000	7183
3000	7169
4000	7162
5000	7123
6000	7159
7000	7136
8000	7107
9000	6982
10000	6977
11000	6778
12000	6270
13000	6512
14000	7025
15000	4972
16000	4778
17000	4438
18000	4451
19000	3942
20000	3549
21000	4977
22000	5519
Numero di step eseguiti = 22344
Simulation 77
0	7098
1000	7186
2000	7190
3000	7185
4000	7173
5000	7173
6000	7137
7000	7106
8000	7140
9000	7145
10000	7030
11000	7100
12000	6933
13000	7083
14000	7038
15000	6613
16000	6308
17000	5962
18000	4942
19000	4458
20000	4264
21000	4248
22000	3458
23000	3348
24000	3136
25000	3634
26000	2931
27000	2304
Numero di step eseguiti = 27619
Simulation 78
0	7087
1000	7176
2000	7181
3000	7176
4000	7160
5000	7151
6000	7157
7000	7142
8000	7130
9000	7091
10000	7149
11000	7054
12000	6872
13000	6785
14000	6599
15000	7124
16000	7134
17000	5536
18000	4505
19000	4132
20000	7198
21000	7187
22000	4947
23000	4344
24000	3344
25000	5252
Numero di step eseguiti = 25111
Simulation 79
0	7091
1000	7195
2000	7195
3000	7189
4000	7160
5000	7169
6000	7140
7000	7137
8000	7074
9000	7096
10000	7096
11000	7093
12000	7102
13000	7042
14000	6974
15000	6653
16000	5845
17000	5246
18000	4886
19000	4762
20000	4225
21000	4572
22000	4739
23000	5782
24000	7199
25000	7174
26000	6285
Numero di step eseguiti = 26682
Simulation 80
0	7099
1000	7195
2000	7178
3000	7185
4000	7152
5000	7149
6000	7173
7000	7162
8000	7159
9000	7166
10000	7137
11000	7177
12000	7137
13000	7073
14000	7126
15000	7020
16000	6106
17000	5055
18000	4728
19000	4209
20000	3595
21000	3256
22000	3750
23000	3843
24000	5840
25000	4946
Numero di step eseguiti = 25548
Simulation 81
0	7104
1000	7182
2000	7178
3000	7170
4000	7161
5000	7150
6000	7118
7000	7118
8000	7089
9000	7163
10000	7133
11000	7058
12000	7008
13000	7076
14000	6593
15000	6244
16000	5573
17000	5412
18000	5202
19000	4517
20000	4774
21000	3476
22000	3190
23000	4714
24000	5758
25000	4851
Numero di step eseguiti = 25575
Simulation 82
0	7079
1000	7191
2000	7183
3000	7174
4000	7158
5000	7145
6000	7124
7000	7104
8000	7134
9000	7091
10000	7096
11000	7006
12000	6926
13000	6493
14000	5815
15000	5876
16000	4690
17000	4698
18000	4697
19000	3645
20000	3745
21000	4772
Numero di step eseguiti = 21321
Simulation 83
0	7082
Numero di step eseguiti = 775
Simulation 84
0	7082
1000	7187
2000	7180
3000	7187
4000	7155
5000	7168
6000	7165
7000	7141
8000	7138
9000	7094
10000	7080
11000	7007
12000	6828
13000	6716
14000	5952
15000	5110
16000	4674
17000	4504
18000	4128
19000	3904
20000	4726
Numero di step eseguiti = 20688
Simulation 85
0	7087
1000	7180
2000	7180
3000	7159
4000	7137
5000	7150
6000	7124
7000	7161
8000	7131
9000	7108
10000	7134
11000	7075
12000	6859
13000	6724
14000	6204
15000	5475
16000	4883
17000	4378
18000	3857
19000	3188
20000	4199
21000	6953
22000	6153
Numero di step eseguiti = 22261
Simulation 86
0	7109
1000	7191
2000	7176
3000	7164
4000	7147
5000	7145
6000	7123
7000	7092
8000	7008
9000	6794
10000	6877
11000	6998
12000	6553
13000	6371
14000	6783
15000	6480
16000	7094
17000	5279
18000	4769
19000	4721
20000	5594
21000	7177
22000	7174
23000	4569
24000	7192
Numero di step eseguiti = 24087
Simulation 87
0	7128
1000	7184
2000	7175
3000	7171
4000	7170
5000	7121
6000	7128
7000	7089
8000	7114
9000	7153
10000	7113
11000	7047
12000	7067
13000	6899
14000	6721
15000	6270
16000	6312
17000	5415
18000	5252
19000	5084
20000	4780
21000	7197
22000	6406
23000	7199
24000	7199
25000	7199
26000	7198
27000	7192
28000	7046
Numero di step eseguiti = 28024
Simulation 88
0	7067
1000	7179
2000	7179
3000	7172
4000	7170
5000	7157
6000	7147
7000	7118
8000	7150
9000	7136
10000	7132
11000	7081
12000	7109
13000	6782
14000	6560
15000	7123
16000	5907
17000	5410
18000	4564
19000	3892
20000	4103
21000	3730
22000	3245
23000	3416
24000	4640
Numero di step eseguiti = 24396
Simulation 89
0	7084
1000	7182
2000	7189
3000	7180
4000	7161
5000	7141
6000	7137
7000	7122
8000	7102
9000	7080
10000	7112
11000	7152
12000	7152
13000	7125
14000	6922
15000	6391
16000	6523
17000	5437
18000	4974
19000	4660
20000	4004
21000	3398
22000	3207
23000	3843
24000	5109
25000	3196
26000	3040
27000	6484
Numero di step eseguiti = 27069
Simulation 90
0	7082
1000	7177
2000	7181
3000	7175
4000	7172
5000	7180
6000	7171
7000	7173
8000	7128
9000	7165
10000	7163
11000	7109
12000	7128
13000	7106
14000	7067
15000	7043
16000	6865
17000	6956
18000	6507
19000	5850
20000	4852
21000	4009
Numero di step eseguiti = 21742
Simulation 91
0	7098
1000	7187
2000	7185
3000	7185
4000	7170
5000	7154
6000	7152
7000	7118
8000	7135
9000	7115
10000	7142
11000	7102
12000	7120
13000	6995
14000	6988
15000	6873
16000	6899
17000	5979
18000	5057
19000	4823
20000	4236
21000	4067
22000	3408
23000	3188
Numero di step eseguiti = 23893
Simulation 92
0	7087
1000	7195
2000	7186
3000	7168
4000	7172
5000	7161
6000	7104
7000	7075
8000	7094
9000	7156
10000	7072
11000	6830
12000	6549
13000	6061
14000	5679
15000	5416
16000	7179
17000	5164
18000	3896
19000	3730
20000	3406
21000	3246
22000	3097
23000	3107
24000	2896
25000	2745
26000	3111
27000	4177
28000	6156
Numero di step eseguiti = 28683
Simulation 93
0	7121
1000	7192
2000	7182
3000	7173
4000	7149
5000	7137
6000	7177
7000	7127
8000	7108
9000	7075
10000	7025
11000	6896
12000	6702
13000	6280
14000	5787
15000	4726
16000	5183
17000	6752
18000	7199
19000	7198
20000	7199
21000	7199
22000	5354
Numero di step eseguiti = 22612
Simulation 94
0	7100
1000	7190
2000	7194
3000	7167
4000	7145
5000	7141
6000	7124
7000	7125
8000	7088
9000	7066
10000	6640
11000	6264
12000	5888
13000	5471
14000	6822
15000	4513
16000	4455
17000	4283
18000	3944
19000	5399
Numero di step eseguiti = 19251
Simulation 95
0	7096
1000	7195
2000	7190
3000	7160
4000	7143
5000	7155
6000	7146
7000	7144
8000	7104
9000	7128
10000	7101
11000	7049
12000	7135
13000	6839
14000	6704
15000	6099
16000	5636
17000	5425
18000	4574
19000	4252
20000	4006
21000	3931
22000	4334
Numero di step eseguiti = 22167
Simulation 96
0	7078
1000	7180
2000	7165
3000	7158
4000	7126
5000	7108
6000	7139
7000	7046
8000	7113
9000	7050
10000	7049
11000	6816
12000	6547
13000	6178
14000	6222
15000	5908
16000	5115
17000	6426
Numero di step eseguiti = 17048
Simulation 97
0	7081
1000	7189
2000	7174
3000	7162
4000	7162
5000	7145
6000	7124
7000	7107
8000	7087
9000	7136
10000	7081
11000	6972
12000	6913
13000	6746
14000	6523
15000	6484
16000	5356
17000	4762
18000	4611
19000	5269
20000	5111
21000	4280
22000	6795
Numero di step eseguiti = 22318
Simulation 98
0	7122
1000	7185
2000	7178
3000	7170
4000	7146
5000	7155
6000	7124
7000	7124
8000	7137
9000	7084
10000	6994
11000	6907
12000	6376
13000	6121
14000	5490
15000	7196
16000	7198
17000	6902
18000	4340
19000	4304
20000	4173
21000	4133
22000	5172
Numero di step eseguiti = 22176
Simulation 99
0	7101
1000	7180
2000	7167
3000	7179
4000	7168
5000	7143
6000	7134
7000	7152
8000	7153
9000	6961
10000	6864
11000	6762
12000	6822
13000	7176
14000	6079
15000	5528
16000	5296
17000	5200
18000	6182
19000	4255
20000	4038
21000	4539
22000	3726
23000	5609
Numero di step eseguiti = 23172
Simulation 100
0	7094
1000	7178
2000	7185
3000	7164
4000	7157
5000	7146
6000	7132
7000	7149
8000	7109
9000	7133
10000	7122
11000	7136
12000	7115
13000	7157
14000	7145
15000	6989
16000	6653
17000	6171
18000	6571
19000	6983
20000	6482
21000	4852
22000	7193
Numero di step eseguiti = 22061
