Using default parameters: 
	- linear edge agents 30
	- agents 900
	- features 3
	- number of possible values for any feature 100
	- number of iterations 100
	- degree 8
	- delta 0.000000
	- maxSide 1
Initializing Model ... 
Numero di links 7200
pos_features = 10
Simulation 1
0	5330
1000	2806
2000	3282
3000	3806
4000	4222
5000	4974
Numero di step eseguiti = 5569
Simulation 2
0	5320
1000	3362
2000	3422
3000	3348
Numero di step eseguiti = 3999
Simulation 3
0	5304
1000	3614
2000	3264
3000	3968
4000	4198
5000	3810
6000	5338
Numero di step eseguiti = 6257
Simulation 4
0	5302
1000	3306
2000	3404
3000	3680
4000	3902
5000	4220
6000	5056
7000	5576
Numero di step eseguiti = 7615
Simulation 5
0	5278
1000	3280
2000	3116
3000	3376
4000	6420
Numero di step eseguiti = 4065
Simulation 6
0	5306
1000	2976
2000	3212
3000	3556
4000	5516
5000	5930
6000	5338
Numero di step eseguiti = 6645
Simulation 7
0	5256
1000	3556
2000	2956
3000	3018
4000	3618
5000	3660
6000	3686
Numero di step eseguiti = 6891
Simulation 8
0	5320
1000	3132
2000	3942
3000	3642
4000	5038
5000	5304
Numero di step eseguiti = 5646
Simulation 9
0	5192
1000	2996
2000	3162
3000	4370
Numero di step eseguiti = 3868
Simulation 10
0	5314
1000	2958
2000	3440
3000	4600
Numero di step eseguiti = 3205
Simulation 11
0	5168
1000	3062
2000	3510
3000	6086
4000	7172
Numero di step eseguiti = 4324
Simulation 12
0	5296
1000	3174
2000	4942
3000	5216
4000	6012
Numero di step eseguiti = 4170
Simulation 13
0	5234
1000	3100
2000	3696
3000	4886
4000	5968
5000	6176
6000	5792
7000	5800
Numero di step eseguiti = 7104
Simulation 14
0	5266
1000	3090
2000	3564
3000	5144
4000	5402
5000	6524
Numero di step eseguiti = 5718
Simulation 15
0	5216
1000	3282
2000	2950
3000	3054
4000	3566
5000	5656
6000	5880
7000	6072
Numero di step eseguiti = 7115
Simulation 16
0	5334
1000	2992
2000	3014
3000	3286
4000	4216
5000	5600
Numero di step eseguiti = 5838
Simulation 17
0	5342
1000	3126
2000	3198
3000	3680
4000	3718
5000	4382
Numero di step eseguiti = 5530
Simulation 18
0	5354
1000	3480
2000	3150
3000	3596
4000	4062
Numero di step eseguiti = 4344
Simulation 19
0	5276
1000	3706
2000	3500
3000	4770
Numero di step eseguiti = 3755
Simulation 20
0	5368
1000	2958
2000	3368
3000	3226
4000	3332
5000	4040
6000	4350
7000	4112
8000	4454
9000	4266
10000	4322
11000	6684
12000	5272
Numero di step eseguiti = 12972
Simulation 21
0	5278
1000	3002
2000	2812
3000	3842
4000	5096
Numero di step eseguiti = 4517
Simulation 22
0	5294
1000	3114
2000	3204
3000	3694
4000	6098
5000	5952
Numero di step eseguiti = 5217
Simulation 23
0	5310
1000	3138
2000	3030
3000	4440
4000	5836
Numero di step eseguiti = 4417
Simulation 24
0	5302
1000	3328
2000	2970
3000	3480
4000	3750
5000	3686
6000	3614
Numero di step eseguiti = 6592
Simulation 25
0	5216
1000	3180
2000	3368
3000	3254
4000	3670
5000	3892
6000	3518
7000	5700
Numero di step eseguiti = 7177
Simulation 26
0	5304
1000	3044
2000	3142
3000	5548
4000	6126
Numero di step eseguiti = 4085
Simulation 27
0	5234
1000	3312
2000	4060
3000	6856
Numero di step eseguiti = 3826
Simulation 28
0	5238
1000	2960
2000	3704
3000	4240
4000	5986
5000	5808
Numero di step eseguiti = 5501
Simulation 29
0	5292
1000	3058
2000	3464
3000	4572
4000	5076
5000	5172
6000	5508
Numero di step eseguiti = 6144
Simulation 30
0	5316
1000	3288
2000	3324
3000	3282
4000	3420
5000	3524
6000	4508
7000	6656
Numero di step eseguiti = 7101
Simulation 31
0	5332
1000	3062
2000	3208
3000	3804
4000	5054
Numero di step eseguiti = 4943
Simulation 32
0	5384
1000	3332
2000	3740
3000	5228
4000	5064
Numero di step eseguiti = 4230
Simulation 33
0	5346
1000	3186
2000	3546
3000	5432
Numero di step eseguiti = 3373
Simulation 34
0	5296
1000	3460
2000	3292
3000	3554
4000	5644
Numero di step eseguiti = 4499
Simulation 35
0	5320
1000	3328
2000	2950
3000	3590
4000	3536
5000	5588
6000	4438
7000	4084
8000	4532
9000	6484
10000	6184
Numero di step eseguiti = 10918
Simulation 36
0	5346
1000	3308
2000	3042
3000	3248
4000	3688
5000	4268
6000	4430
Numero di step eseguiti = 6891
Simulation 37
0	5296
1000	3364
2000	3214
3000	2992
4000	4512
5000	3182
6000	5610
Numero di step eseguiti = 6807
Simulation 38
0	5266
1000	3276
2000	3738
3000	4702
4000	4770
Numero di step eseguiti = 4809
Simulation 39
0	5296
1000	3710
2000	3062
3000	3536
4000	4178
5000	5088
Numero di step eseguiti = 5468
Simulation 40
0	5384
1000	2902
2000	3492
3000	3994
Numero di step eseguiti = 3393
Simulation 41
0	5210
1000	3412
2000	3576
3000	4666
4000	4948
Numero di step eseguiti = 4586
Simulation 42
0	5240
1000	3048
2000	2702
3000	3616
4000	5724
5000	5340
Numero di step eseguiti = 5516
Simulation 43
0	5302
1000	3164
2000	3098
3000	3540
4000	3494
5000	3900
6000	6798
Numero di step eseguiti = 6155
Simulation 44
0	5318
1000	3266
2000	3082
3000	3338
4000	3800
5000	6484
6000	5840
Numero di step eseguiti = 6560
Simulation 45
0	5176
1000	3024
2000	3132
3000	3394
4000	6892
Numero di step eseguiti = 4515
Simulation 46
0	5254
1000	3216
2000	3114
3000	3200
4000	4912
Numero di step eseguiti = 4225
Simulation 47
0	5236
1000	3182
2000	3446
3000	4448
4000	4690
Numero di step eseguiti = 4505
Simulation 48
0	5276
1000	3324
2000	3090
3000	3574
4000	4800
5000	5212
6000	5872
7000	5484
8000	5780
9000	5356
Numero di step eseguiti = 9853
Simulation 49
0	5294
1000	3272
2000	3636
3000	4910
Numero di step eseguiti = 3419
Simulation 50
0	5304
1000	3382
2000	3102
3000	3302
4000	3522
5000	4278
6000	4786
7000	5618
Numero di step eseguiti = 7768
Simulation 51
0	5248
1000	3498
2000	3108
3000	3518
4000	4460
5000	4370
6000	4662
7000	5096
8000	5236
9000	5572
Numero di step eseguiti = 9749
Simulation 52
0	5312
1000	3082
2000	2956
3000	4428
4000	4288
5000	6880
Numero di step eseguiti = 5101
Simulation 53
0	5304
1000	3480
2000	3162
3000	3218
4000	2998
5000	4624
Numero di step eseguiti = 5786
Simulation 54
0	5242
1000	3474
2000	2872
3000	3736
4000	4178
5000	5944
Numero di step eseguiti = 5772
Simulation 55
0	5314
1000	3052
2000	3998
3000	4648
4000	3954
5000	4758
Numero di step eseguiti = 5590
Simulation 56
0	5318
1000	2924
2000	3278
3000	5122
Numero di step eseguiti = 3330
Simulation 57
0	5296
1000	3242
2000	3514
3000	5100
4000	4170
5000	6216
Numero di step eseguiti = 5075
Simulation 58
0	5292
1000	3444
2000	2856
3000	3258
4000	3838
Numero di step eseguiti = 4583
Simulation 59
0	5398
1000	3706
2000	2866
3000	3006
4000	3724
5000	4330
6000	4588
7000	6190
Numero di step eseguiti = 7175
Simulation 60
0	5188
1000	3290
2000	3326
3000	6616
Numero di step eseguiti = 3402
Simulation 61
0	5272
1000	3408
2000	3936
Numero di step eseguiti = 2889
Simulation 62
0	5300
1000	2984
2000	3298
3000	3544
4000	3756
5000	3338
6000	4374
Numero di step eseguiti = 6533
Simulation 63
0	5154
1000	3100
2000	3190
3000	3336
4000	3794
5000	5232
Numero di step eseguiti = 5866
Simulation 64
0	5270
1000	3154
2000	4024
3000	3480
Numero di step eseguiti = 3917
Simulation 65
0	5242
1000	3362
2000	3516
3000	5640
Numero di step eseguiti = 3371
Simulation 66
0	5238
1000	3040
2000	2980
3000	3748
4000	4388
Numero di step eseguiti = 4754
Simulation 67
0	5240
1000	3272
2000	3272
3000	4618
Numero di step eseguiti = 3929
Simulation 68
0	5324
1000	3046
2000	3468
3000	3784
4000	3910
Numero di step eseguiti = 4929
Simulation 69
0	5238
1000	3048
2000	3110
3000	4140
4000	4114
5000	5444
6000	4230
7000	4416
8000	5620
9000	5116
10000	6652
Numero di step eseguiti = 10179
Simulation 70
0	5318
1000	3122
2000	3012
3000	4086
4000	5682
5000	5296
Numero di step eseguiti = 5701
Simulation 71
0	5302
1000	3448
2000	3160
3000	5648
Numero di step eseguiti = 3385
Simulation 72
0	5310
1000	2904
2000	3854
3000	5472
Numero di step eseguiti = 3515
Simulation 73
0	5272
1000	3374
2000	3878
3000	4714
Numero di step eseguiti = 3926
Simulation 74
0	5358
1000	2910
2000	2980
Numero di step eseguiti = 2923
Simulation 75
0	5310
1000	3348
2000	2954
3000	3946
4000	3552
5000	3584
6000	5330
7000	5100
Numero di step eseguiti = 7234
Simulation 76
0	5190
1000	3066
2000	3098
3000	5852
4000	5638
Numero di step eseguiti = 4991
Simulation 77
0	5354
1000	3366
2000	3394
3000	3846
4000	3980
5000	5648
6000	5796
Numero di step eseguiti = 6156
Simulation 78
0	5288
1000	3694
2000	2910
Numero di step eseguiti = 2800
Simulation 79
0	5198
1000	2998
2000	3122
Numero di step eseguiti = 2869
Simulation 80
0	5266
1000	3224
2000	3318
3000	3266
4000	4606
Numero di step eseguiti = 4277
Simulation 81
0	5348
1000	3172
2000	3604
3000	4498
4000	5400
5000	6028
6000	5752
Numero di step eseguiti = 6269
Simulation 82
0	5324
1000	3318
2000	3266
3000	3552
4000	4158
5000	5528
Numero di step eseguiti = 5682
Simulation 83
0	5440
1000	3030
2000	3612
3000	2910
4000	3958
5000	3996
6000	4740
7000	5108
Numero di step eseguiti = 7170
Simulation 84
0	5286
1000	2972
2000	3478
Numero di step eseguiti = 2852
Simulation 85
0	5276
1000	2816
2000	2808
3000	3602
Numero di step eseguiti = 3463
Simulation 86
0	5402
1000	3148
2000	3512
3000	3802
4000	7132
Numero di step eseguiti = 4004
Simulation 87
0	5184
1000	3386
2000	3456
3000	4078
4000	5968
Numero di step eseguiti = 4905
Simulation 88
0	5286
1000	3340
2000	3316
3000	3640
Numero di step eseguiti = 3955
Simulation 89
0	5224
1000	2984
2000	3406
3000	5932
Numero di step eseguiti = 3243
Simulation 90
0	5240
1000	2890
2000	3356
Numero di step eseguiti = 2835
Simulation 91
0	5278
1000	3130
2000	3214
3000	3608
4000	5386
Numero di step eseguiti = 4995
Simulation 92
0	5316
1000	3278
2000	2938
3000	3594
4000	4214
5000	6920
Numero di step eseguiti = 5013
Simulation 93
0	5376
1000	3172
2000	3322
3000	3678
4000	4390
5000	5516
6000	5078
Numero di step eseguiti = 6215
Simulation 94
0	5366
1000	3070
2000	3202
3000	3454
4000	3042
5000	3432
6000	4100
7000	5512
Numero di step eseguiti = 7292
Simulation 95
0	5314
1000	4178
2000	3268
3000	3826
4000	4310
5000	5628
6000	5930
Numero di step eseguiti = 6259
Simulation 96
0	5248
1000	2984
2000	2860
3000	3912
4000	5018
5000	6732
Numero di step eseguiti = 5031
Simulation 97
0	5254
1000	2934
2000	3256
3000	3668
4000	3648
5000	4004
6000	5072
7000	5784
Numero di step eseguiti = 7662
Simulation 98
0	5214
1000	4382
2000	4808
3000	3288
4000	3766
5000	4382
6000	5520
Numero di step eseguiti = 6203
Simulation 99
0	5320
1000	3360
2000	3314
3000	3160
4000	4070
5000	3548
6000	3748
7000	4074
8000	3864
Numero di step eseguiti = 8835
Simulation 100
0	5290
1000	3138
2000	3110
3000	4384
4000	5234
Numero di step eseguiti = 4304
pos_features = 20
Simulation 1
0	6214
1000	6930
2000	5822
3000	4164
4000	4020
Numero di step eseguiti = 4969
Simulation 2
0	6148
1000	7056
2000	6428
3000	4880
4000	4200
5000	3930
6000	3780
Numero di step eseguiti = 6679
Simulation 3
0	6212
1000	6848
2000	6408
3000	6054
4000	5390
5000	4962
6000	4216
7000	4370
8000	4618
9000	4962
10000	7044
Numero di step eseguiti = 10007
Simulation 4
0	6172
1000	7054
Numero di step eseguiti = 1468
Simulation 5
0	6176
1000	6820
2000	6480
3000	4730
4000	4342
5000	3534
6000	3322
7000	4558
8000	4158
Numero di step eseguiti = 8830
Simulation 6
0	6242
1000	7132
2000	7108
3000	6624
4000	5174
5000	4524
6000	5922
7000	5114
Numero di step eseguiti = 7781
Simulation 7
0	6152
1000	6550
2000	6302
3000	4802
4000	5324
Numero di step eseguiti = 4137
Simulation 8
0	6152
1000	6892
2000	6944
3000	6056
4000	4730
5000	4428
6000	4538
7000	5648
Numero di step eseguiti = 7293
Simulation 9
0	6168
1000	6262
2000	4758
3000	4084
4000	3874
5000	4076
Numero di step eseguiti = 5863
Simulation 10
0	6230
1000	6856
2000	5844
3000	5326
4000	4290
5000	4982
6000	5202
7000	5668
8000	6036
Numero di step eseguiti = 8688
Simulation 11
0	6228
1000	6796
2000	6568
3000	6902
4000	4226
5000	4956
6000	6512
Numero di step eseguiti = 6084
Simulation 12
0	6152
1000	7042
2000	6572
3000	5620
4000	4274
5000	4084
6000	4246
7000	4492
8000	4932
9000	5998
Numero di step eseguiti = 9341
Simulation 13
0	6190
1000	7092
2000	6834
3000	6590
4000	4616
5000	3432
6000	3456
7000	3580
8000	5084
Numero di step eseguiti = 8266
Simulation 14
0	6206
1000	7040
2000	6882
3000	5506
4000	4172
5000	4100
6000	4516
7000	3402
8000	4228
9000	4992
10000	5246
11000	5532
12000	6246
13000	6522
Numero di step eseguiti = 13203
Simulation 15
0	6188
1000	6812
2000	5554
3000	4662
4000	4048
5000	3838
6000	4440
7000	6124
8000	4862
9000	6588
Numero di step eseguiti = 9950
Simulation 16
0	6212
1000	6866
2000	6476
3000	4968
4000	3882
5000	4024
6000	3854
7000	5638
8000	6900
Numero di step eseguiti = 8039
Simulation 17
0	6148
1000	7020
2000	6764
3000	4836
4000	3564
5000	4278
6000	5644
7000	4440
8000	3754
Numero di step eseguiti = 8886
Simulation 18
0	6192
1000	7052
2000	6254
3000	5050
4000	4348
5000	4154
6000	4280
7000	3926
8000	5012
Numero di step eseguiti = 8606
Simulation 19
0	6250
1000	7044
2000	6828
3000	5566
4000	4714
5000	4028
6000	6142
7000	5252
8000	5314
9000	5308
10000	5582
11000	5612
12000	5442
Numero di step eseguiti = 12329
Simulation 20
0	6170
1000	6618
2000	4608
3000	3750
4000	3848
5000	4952
Numero di step eseguiti = 5904
Simulation 21
0	6120
1000	7004
2000	6950
3000	5918
4000	5886
5000	5514
6000	4470
7000	3744
8000	3704
9000	5562
Numero di step eseguiti = 9668
Simulation 22
0	6212
1000	6804
2000	6230
3000	5676
4000	6746
5000	4522
6000	3486
7000	4052
8000	3828
9000	7200
Numero di step eseguiti = 9001
Simulation 23
0	6092
1000	7054
2000	6604
3000	5480
4000	4758
5000	6030
6000	5946
7000	5170
8000	5270
Numero di step eseguiti = 8854
Simulation 24
0	6192
1000	7126
2000	6642
3000	5410
4000	4982
5000	4634
6000	3984
7000	4360
8000	5240
Numero di step eseguiti = 8339
Simulation 25
0	6202
1000	6980
2000	6714
3000	6054
4000	5886
5000	3286
6000	3342
7000	4342
8000	5796
9000	4584
10000	4184
11000	6024
Numero di step eseguiti = 11775
Simulation 26
0	6138
1000	6720
2000	5966
3000	5574
4000	3596
5000	3984
6000	4030
7000	4714
8000	5346
9000	5856
10000	5918
Numero di step eseguiti = 10619
Simulation 27
0	6104
1000	7110
2000	7164
Numero di step eseguiti = 2124
Simulation 28
0	6172
1000	6958
2000	6338
3000	5958
4000	4594
5000	4314
6000	3874
7000	4654
8000	4402
Numero di step eseguiti = 8674
Simulation 29
0	6240
1000	6782
2000	6310
3000	5568
4000	4462
5000	4262
6000	6270
7000	6614
Numero di step eseguiti = 7386
Simulation 30
0	6196
1000	6810
2000	6628
3000	5580
4000	4900
5000	3732
6000	3020
7000	3840
8000	5366
9000	6438
Numero di step eseguiti = 9084
Simulation 31
0	6218
1000	6858
2000	6572
3000	6212
4000	4282
5000	5118
6000	5218
7000	4418
Numero di step eseguiti = 7691
Simulation 32
0	6230
1000	6844
2000	5856
3000	4608
4000	3928
5000	5482
6000	5212
7000	6670
Numero di step eseguiti = 7108
Simulation 33
0	6174
1000	6632
2000	6296
3000	4660
4000	3328
5000	3540
6000	4400
Numero di step eseguiti = 6360
Simulation 34
0	6152
1000	6784
2000	5148
3000	4786
4000	3820
5000	3950
Numero di step eseguiti = 5996
Simulation 35
0	6154
1000	7150
2000	6972
3000	5812
4000	5128
5000	5034
6000	4958
7000	3950
8000	3794
9000	3600
10000	3922
Numero di step eseguiti = 10841
Simulation 36
0	6188
1000	7182
2000	6244
3000	5518
4000	5720
5000	4076
6000	4318
7000	5078
8000	5650
9000	4104
10000	4280
11000	4110
12000	4552
13000	6284
Numero di step eseguiti = 13660
Simulation 37
0	6156
1000	6860
2000	6938
3000	4386
4000	4006
5000	3748
6000	6084
Numero di step eseguiti = 6284
Simulation 38
0	6218
1000	7038
2000	6470
3000	4716
4000	3782
5000	5158
6000	5604
Numero di step eseguiti = 6484
Simulation 39
0	6128
1000	7198
2000	6392
3000	6338
4000	5964
5000	4606
6000	4530
Numero di step eseguiti = 6999
Simulation 40
0	6252
1000	7094
2000	6356
3000	5004
4000	4176
5000	4412
6000	4252
7000	5568
8000	4546
9000	6358
Numero di step eseguiti = 9193
Simulation 41
0	6206
1000	6846
2000	6458
3000	5176
4000	3470
5000	3924
6000	5312
7000	6772
Numero di step eseguiti = 7021
Simulation 42
0	6180
1000	6600
2000	5522
3000	4084
4000	4470
5000	4564
Numero di step eseguiti = 5745
Simulation 43
0	6114
1000	6874
2000	6534
3000	5912
4000	4090
5000	3554
6000	3606
7000	3910
8000	3798
9000	5140
10000	5782
Numero di step eseguiti = 10372
Simulation 44
0	6194
1000	6818
2000	6584
3000	6174
4000	4656
5000	4958
6000	5766
Numero di step eseguiti = 6332
Simulation 45
0	6200
1000	6638
2000	6358
3000	4080
4000	3588
5000	4186
6000	5318
7000	5794
Numero di step eseguiti = 7653
Simulation 46
0	6210
1000	7042
2000	6402
3000	4264
4000	3946
5000	3720
6000	4974
7000	4898
8000	4618
9000	4520
10000	5574
Numero di step eseguiti = 10760
Simulation 47
0	6224
1000	7112
2000	6594
3000	5622
4000	4440
5000	4932
6000	5796
Numero di step eseguiti = 6603
Simulation 48
0	6154
1000	7124
2000	6920
3000	5656
4000	4276
5000	4344
6000	3408
7000	3748
8000	3756
9000	3532
10000	4592
Numero di step eseguiti = 10951
Simulation 49
0	6198
1000	6994
2000	5874
3000	5466
4000	5144
5000	4996
6000	5496
Numero di step eseguiti = 6839
Simulation 50
0	6216
1000	6780
2000	6184
3000	5604
4000	5932
Numero di step eseguiti = 4663
Simulation 51
0	6190
1000	6686
2000	5194
3000	4642
4000	4490
5000	4012
6000	4538
7000	5466
8000	5118
9000	6030
10000	5636
Numero di step eseguiti = 10121
Simulation 52
0	6170
1000	6936
2000	6252
3000	6234
4000	4354
5000	4176
6000	4172
7000	4218
8000	4584
Numero di step eseguiti = 8684
Simulation 53
0	6120
1000	6684
2000	5902
3000	6082
4000	3868
5000	3670
6000	3350
7000	3644
Numero di step eseguiti = 7899
Simulation 54
0	6178
1000	6948
2000	5448
3000	4074
4000	4392
5000	5458
6000	5582
7000	6196
8000	5608
Numero di step eseguiti = 8172
Simulation 55
0	6146
1000	6956
2000	5578
3000	4604
4000	3724
5000	4008
6000	4798
Numero di step eseguiti = 6466
Simulation 56
0	6170
1000	6998
2000	6924
3000	5936
4000	4212
5000	3718
6000	4504
7000	5720
8000	6518
Numero di step eseguiti = 8122
Simulation 57
0	6248
1000	7044
2000	6108
3000	4352
4000	3910
5000	3684
6000	4080
7000	5238
8000	6972
Numero di step eseguiti = 8055
Simulation 58
0	6250
1000	6658
2000	4810
3000	3686
4000	3436
5000	3670
6000	4100
7000	4230
8000	6888
Numero di step eseguiti = 8117
Simulation 59
0	6158
1000	6920
2000	6684
3000	5348
4000	4992
5000	3766
6000	4104
7000	3992
8000	4040
9000	5788
Numero di step eseguiti = 9209
Simulation 60
0	6170
1000	6994
2000	7004
3000	5430
4000	3550
5000	3258
6000	3328
7000	3792
8000	3140
9000	4280
10000	4100
Numero di step eseguiti = 10597
Simulation 61
0	6244
1000	7086
2000	6972
3000	6354
4000	4896
5000	4466
6000	4072
7000	5552
Numero di step eseguiti = 7522
Simulation 62
0	6162
1000	7048
2000	6952
3000	6934
4000	6854
5000	5612
6000	4872
7000	4072
8000	4008
9000	3936
10000	3886
11000	3916
12000	6876
Numero di step eseguiti = 12127
Simulation 63
0	6208
1000	6986
2000	6508
3000	5554
4000	3706
5000	4200
6000	3572
7000	5818
8000	5414
Numero di step eseguiti = 8463
Simulation 64
0	6210
1000	6968
2000	5900
3000	5842
4000	4504
5000	4256
6000	4004
7000	5028
8000	4934
Numero di step eseguiti = 8869
Simulation 65
0	6144
1000	6978
2000	6254
3000	6148
4000	5250
5000	3636
6000	6000
Numero di step eseguiti = 6338
Simulation 66
0	6172
1000	7020
2000	6296
3000	5262
4000	3810
5000	4552
6000	4144
Numero di step eseguiti = 6874
Simulation 67
0	6248
1000	7120
2000	7048
3000	6046
4000	4174
5000	3712
6000	4322
7000	5262
Numero di step eseguiti = 7560
Simulation 68
0	6166
1000	6860
2000	5998
3000	4370
4000	4494
5000	3860
6000	4414
7000	6792
Numero di step eseguiti = 7181
Simulation 69
0	6142
1000	6946
2000	6310
3000	4644
4000	4198
5000	4044
6000	3248
Numero di step eseguiti = 6952
Simulation 70
0	6256
1000	7060
2000	6750
3000	6074
4000	3852
5000	3728
6000	4652
7000	4974
Numero di step eseguiti = 7429
Simulation 71
0	6176
1000	6572
2000	6866
3000	4990
4000	4756
Numero di step eseguiti = 4677
Simulation 72
0	6160
1000	6938
2000	7022
3000	6536
4000	5566
5000	5368
6000	4234
7000	4092
8000	3816
9000	3990
10000	4518
Numero di step eseguiti = 10700
Simulation 73
0	6200
1000	7086
2000	6812
3000	5264
4000	4496
5000	3940
6000	4414
7000	4398
8000	4350
9000	4598
10000	4720
11000	4322
12000	4494
13000	5670
Numero di step eseguiti = 13251
Simulation 74
0	6214
1000	7096
2000	6938
3000	6524
4000	4444
5000	4118
6000	3582
7000	3954
8000	3906
9000	4286
10000	5322
11000	7140
Numero di step eseguiti = 11005
Simulation 75
0	6170
1000	6956
2000	5888
3000	4406
4000	4350
5000	6444
Numero di step eseguiti = 5260
Simulation 76
0	6100
1000	6766
2000	6554
3000	5912
4000	5196
5000	3866
6000	4766
7000	5318
8000	6340
Numero di step eseguiti = 8849
Simulation 77
0	6134
1000	7002
2000	6748
3000	6298
4000	5772
5000	6668
6000	6772
7000	6136
Numero di step eseguiti = 7456
Simulation 78
0	6172
1000	7096
Numero di step eseguiti = 1882
Simulation 79
0	6130
1000	6866
2000	5984
3000	5096
4000	4554
5000	5148
6000	6742
7000	7032
Numero di step eseguiti = 7208
Simulation 80
0	6164
1000	6468
2000	5240
3000	4872
4000	3980
5000	3638
6000	4016
7000	6082
Numero di step eseguiti = 7681
Simulation 81
0	6156
1000	6376
2000	5530
3000	5022
4000	5894
Numero di step eseguiti = 4852
Simulation 82
0	6142
1000	6794
2000	6148
3000	6398
4000	5888
5000	4448
6000	3906
7000	4054
8000	5402
Numero di step eseguiti = 8748
Simulation 83
0	6176
1000	6826
2000	5678
3000	4554
4000	4450
5000	7068
Numero di step eseguiti = 5021
Simulation 84
0	6162
1000	6868
2000	6288
3000	4916
Numero di step eseguiti = 3866
Simulation 85
0	6168
1000	6738
2000	5968
3000	4860
4000	3786
5000	4116
6000	4052
7000	3674
8000	3728
9000	4904
10000	5924
Numero di step eseguiti = 10158
Simulation 86
0	6250
1000	6930
2000	5602
3000	5802
4000	4284
5000	3810
6000	3662
7000	4264
8000	6552
Numero di step eseguiti = 8545
Simulation 87
0	6148
1000	6538
2000	5440
3000	5130
4000	4388
5000	4150
6000	4720
7000	4724
Numero di step eseguiti = 7560
Simulation 88
0	6130
1000	6462
2000	5300
3000	5152
4000	3964
5000	4168
6000	3892
7000	4374
8000	5136
Numero di step eseguiti = 8740
Simulation 89
0	6198
1000	6928
2000	5926
3000	4922
4000	4540
5000	5154
6000	5272
7000	5620
8000	4864
9000	5894
Numero di step eseguiti = 9270
Simulation 90
0	6254
1000	6888
2000	6688
3000	5686
4000	3770
5000	5606
6000	6428
Numero di step eseguiti = 6054
Simulation 91
0	6148
1000	7048
2000	6816
3000	4512
4000	4032
5000	4190
6000	4182
7000	6210
Numero di step eseguiti = 7506
Simulation 92
0	6166
1000	6882
2000	6850
3000	6048
4000	4642
5000	4256
6000	6648
Numero di step eseguiti = 6517
Simulation 93
0	6158
1000	7072
2000	6386
3000	5250
4000	4394
5000	3738
6000	3980
Numero di step eseguiti = 6521
Simulation 94
0	6180
1000	6846
2000	7096
3000	5886
4000	4332
5000	4754
6000	5736
7000	5884
8000	7048
9000	5732
10000	5514
Numero di step eseguiti = 10554
Simulation 95
0	6176
1000	6934
2000	6230
3000	5788
4000	3718
5000	4812
6000	5038
7000	5764
Numero di step eseguiti = 7214
Simulation 96
0	6200
1000	7186
2000	7116
3000	5910
4000	3942
5000	3424
6000	3190
7000	3052
8000	3328
Numero di step eseguiti = 8956
Simulation 97
0	6166
1000	7020
2000	6948
3000	5098
4000	3636
5000	3462
6000	3576
7000	4268
8000	4750
9000	5860
10000	5354
Numero di step eseguiti = 10712
Simulation 98
0	6170
1000	6784
2000	5590
3000	4794
4000	4392
5000	4720
6000	5696
Numero di step eseguiti = 6399
Simulation 99
0	6232
1000	6952
2000	6080
3000	4648
4000	5336
5000	6882
Numero di step eseguiti = 5452
Simulation 100
0	6230
1000	7056
2000	6462
3000	4162
4000	3874
5000	4070
6000	4506
7000	5576
8000	6158
Numero di step eseguiti = 8082
pos_features = 30
Simulation 1
0	6538
1000	7120
2000	7128
3000	7136
4000	7074
5000	7122
Numero di step eseguiti = 5812
Simulation 2
0	6516
1000	7182
2000	7096
3000	6996
4000	6372
5000	6582
6000	5904
7000	5818
8000	4218
9000	4704
Numero di step eseguiti = 9339
Simulation 3
0	6522
1000	7176
2000	7088
3000	6866
4000	6116
5000	6388
6000	6492
7000	5940
8000	5562
9000	7184
10000	5800
11000	5056
12000	5792
13000	5158
Numero di step eseguiti = 13504
Simulation 4
0	6554
Numero di step eseguiti = 758
Simulation 5
0	6484
Numero di step eseguiti = 566
Simulation 6
0	6486
1000	7148
2000	7178
3000	7174
4000	6878
5000	7102
6000	5958
7000	6902
8000	6310
9000	4588
10000	4252
11000	6000
12000	4136
13000	4596
14000	4500
15000	4330
16000	5334
17000	6416
Numero di step eseguiti = 17111
Simulation 7
0	6438
1000	7166
2000	7158
3000	7146
4000	6800
5000	6706
6000	6692
7000	6890
8000	4948
9000	5192
10000	3796
11000	3724
12000	4100
13000	4186
14000	4948
15000	6252
Numero di step eseguiti = 15285
Simulation 8
0	6488
1000	7168
2000	7132
3000	7156
4000	7148
5000	6958
6000	6956
7000	7030
8000	6164
9000	6366
10000	4720
11000	5152
12000	3714
13000	4314
Numero di step eseguiti = 13818
Simulation 9
0	6548
1000	7162
2000	7138
3000	6996
4000	6706
5000	6454
6000	6294
7000	5242
8000	4896
9000	4420
10000	4572
11000	4328
12000	3830
13000	5136
14000	5628
Numero di step eseguiti = 14979
Simulation 10
0	6558
1000	7154
2000	7104
Numero di step eseguiti = 2149
Simulation 11
0	6482
1000	7176
Numero di step eseguiti = 1263
Simulation 12
0	6536
1000	7176
Numero di step eseguiti = 1176
Simulation 13
0	6520
1000	7188
Numero di step eseguiti = 1567
Simulation 14
0	6468
1000	7172
2000	7156
3000	7158
4000	7090
Numero di step eseguiti = 4561
Simulation 15
0	6492
1000	7148
2000	7152
3000	7110
4000	6804
5000	6514
6000	6118
7000	4846
8000	4862
9000	5068
10000	6456
Numero di step eseguiti = 10943
Simulation 16
0	6512
1000	7192
2000	7188
3000	6970
4000	6722
Numero di step eseguiti = 4763
Simulation 17
0	6560
1000	7174
Numero di step eseguiti = 1637
Simulation 18
0	6484
1000	7138
2000	7108
3000	6666
4000	6510
5000	6330
6000	6146
7000	5746
8000	5694
9000	5464
10000	5144
11000	6274
12000	5572
Numero di step eseguiti = 12472
Simulation 19
0	6550
1000	7182
2000	7136
3000	7138
4000	7112
5000	6998
6000	7072
7000	6688
8000	4476
9000	4670
10000	4238
11000	5482
Numero di step eseguiti = 11752
Simulation 20
0	6548
1000	7184
2000	7052
3000	7002
4000	7198
Numero di step eseguiti = 4780
Simulation 21
0	6546
1000	7136
Numero di step eseguiti = 1193
Simulation 22
0	6512
1000	7120
2000	7116
3000	6986
4000	7174
5000	6718
6000	6534
7000	6500
8000	6030
9000	6806
10000	6010
11000	5930
Numero di step eseguiti = 11231
Simulation 23
0	6496
1000	7164
2000	7042
3000	7090
4000	6966
5000	6698
6000	5596
7000	4960
8000	4672
9000	4648
10000	5614
Numero di step eseguiti = 10363
Simulation 24
0	6470
1000	7116
2000	7054
3000	7018
4000	7060
5000	6904
6000	6390
7000	5914
8000	4480
9000	3680
10000	3582
11000	3722
12000	4764
Numero di step eseguiti = 12432
Simulation 25
0	6550
1000	7136
2000	7114
3000	7098
4000	7070
5000	6856
6000	5974
7000	4728
8000	4906
9000	6068
10000	6758
Numero di step eseguiti = 10108
Simulation 26
0	6556
Numero di step eseguiti = 968
Simulation 27
0	6488
1000	7192
2000	7188
3000	7060
4000	6806
5000	6922
6000	6944
7000	6738
8000	6278
9000	5156
10000	4940
11000	4016
12000	3824
13000	4584
14000	5710
15000	5808
Numero di step eseguiti = 15582
Simulation 28
0	6532
Numero di step eseguiti = 319
Simulation 29
0	6466
1000	7198
2000	7156
3000	7112
4000	7194
5000	6680
6000	6422
7000	5882
8000	5854
Numero di step eseguiti = 8816
Simulation 30
0	6512
1000	7170
2000	6980
3000	6940
4000	6550
5000	6222
6000	6822
Numero di step eseguiti = 6277
Simulation 31
0	6488
1000	7184
2000	7112
3000	7172
4000	7146
5000	7134
6000	6076
7000	5926
8000	4420
9000	4352
10000	3848
11000	4776
Numero di step eseguiti = 11322
Simulation 32
0	6516
1000	7192
2000	7094
Numero di step eseguiti = 2743
Simulation 33
0	6516
1000	7168
2000	7030
3000	7126
Numero di step eseguiti = 3750
Simulation 34
0	6536
1000	7198
2000	7120
3000	7158
4000	7010
5000	7168
6000	6776
7000	5774
8000	5436
9000	6146
10000	3778
11000	4528
12000	5048
13000	4828
14000	5424
15000	4924
16000	6106
Numero di step eseguiti = 16943
Simulation 35
0	6508
1000	7176
2000	7100
3000	7166
4000	7148
Numero di step eseguiti = 4132
Simulation 36
0	6528
1000	7072
2000	7130
3000	7130
4000	6796
5000	6706
6000	6548
7000	5592
8000	6454
9000	4162
10000	5288
11000	5852
Numero di step eseguiti = 11436
Simulation 37
0	6526
1000	7048
2000	7014
3000	6724
4000	6540
5000	6204
6000	6052
Numero di step eseguiti = 6756
Simulation 38
0	6514
1000	7154
2000	7174
Numero di step eseguiti = 2450
Simulation 39
0	6546
1000	7166
2000	6972
3000	6832
4000	6932
5000	6692
6000	6138
7000	4944
8000	5144
9000	5752
10000	5256
Numero di step eseguiti = 10482
Simulation 40
0	6520
Numero di step eseguiti = 680
Simulation 41
0	6534
1000	7188
2000	7174
3000	7072
4000	7154
5000	6970
6000	6388
7000	5942
8000	4924
9000	4510
10000	5262
11000	6860
Numero di step eseguiti = 11083
Simulation 42
0	6454
1000	7134
2000	7030
3000	6996
4000	6886
5000	6678
6000	6560
7000	5524
8000	5544
9000	5520
10000	6824
Numero di step eseguiti = 10114
Simulation 43
0	6518
1000	7164
2000	7198
Numero di step eseguiti = 2018
Simulation 44
0	6476
1000	7088
2000	7170
3000	7174
4000	7074
5000	6662
6000	6624
7000	6730
Numero di step eseguiti = 7963
Simulation 45
0	6522
1000	7130
2000	7094
3000	6940
4000	7052
5000	6358
6000	5628
7000	4850
8000	3978
9000	4200
10000	4734
11000	5430
12000	4400
13000	5438
14000	5630
Numero di step eseguiti = 14281
Simulation 46
0	6554
1000	7174
Numero di step eseguiti = 1896
Simulation 47
0	6516
1000	7122
2000	7054
3000	7078
4000	7030
5000	6810
6000	6950
7000	6308
8000	5718
9000	4404
10000	3642
11000	4866
12000	5364
13000	6910
Numero di step eseguiti = 13051
Simulation 48
0	6414
1000	7168
2000	7126
3000	7006
4000	6792
5000	6488
6000	5910
7000	6334
8000	4960
9000	5654
10000	4512
11000	4570
Numero di step eseguiti = 11452
Simulation 49
0	6540
1000	7156
2000	7062
3000	7004
4000	7050
5000	6636
6000	6504
7000	5590
8000	4974
9000	5400
10000	4780
11000	5338
Numero di step eseguiti = 11437
Simulation 50
0	6478
1000	7188
2000	7156
3000	7194
4000	7048
5000	7100
6000	6910
7000	6796
Numero di step eseguiti = 7587
Simulation 51
0	6532
1000	7168
2000	7086
3000	7102
4000	6718
5000	7112
6000	6680
7000	6248
8000	6474
Numero di step eseguiti = 8675
Simulation 52
0	6564
1000	7176
2000	7170
3000	7176
4000	6976
5000	6528
6000	6096
7000	7008
8000	6656
9000	6932
10000	5540
11000	3810
12000	3586
13000	4212
14000	4720
15000	6528
16000	6320
Numero di step eseguiti = 16685
Simulation 53
0	6518
1000	7174
2000	7196
3000	7084
4000	7146
5000	6868
6000	6822
7000	6842
8000	5610
9000	4888
10000	4118
11000	5070
Numero di step eseguiti = 11866
Simulation 54
0	6486
1000	7172
Numero di step eseguiti = 1771
Simulation 55
0	6508
1000	7084
2000	7064
3000	7050
4000	7062
5000	6934
6000	6568
7000	5334
8000	4712
9000	4338
10000	5062
11000	6550
Numero di step eseguiti = 11178
Simulation 56
0	6570
Numero di step eseguiti = 558
Simulation 57
0	6448
1000	7162
2000	7162
3000	7144
4000	7116
5000	7026
6000	7058
7000	6368
8000	5714
9000	5548
10000	5154
11000	4562
12000	6100
Numero di step eseguiti = 12708
Simulation 58
0	6562
1000	7192
2000	7178
3000	7050
4000	7010
5000	6932
6000	6540
7000	6020
8000	5624
9000	5540
10000	3998
11000	4390
Numero di step eseguiti = 11785
Simulation 59
0	6462
1000	7176
2000	7038
3000	7028
4000	7136
5000	6954
6000	7038
7000	6834
8000	5936
9000	4406
10000	4040
11000	4858
12000	4686
Numero di step eseguiti = 12855
Simulation 60
0	6482
Numero di step eseguiti = 856
Simulation 61
0	6402
Numero di step eseguiti = 635
Simulation 62
0	6530
Numero di step eseguiti = 615
Simulation 63
0	6508
1000	7160
Numero di step eseguiti = 1756
Simulation 64
0	6470
1000	7120
2000	7144
3000	7070
4000	6934
5000	5894
6000	5176
7000	4888
8000	4842
9000	7100
10000	6206
11000	6176
Numero di step eseguiti = 11160
Simulation 65
0	6502
1000	7176
2000	7106
3000	7146
4000	6882
5000	6674
6000	6210
7000	5206
8000	4814
9000	5642
10000	6266
11000	5472
12000	5746
13000	7086
Numero di step eseguiti = 13085
Simulation 66
0	6558
1000	7162
2000	7070
3000	7080
4000	7044
Numero di step eseguiti = 4493
Simulation 67
0	6478
1000	7168
2000	7104
3000	7194
4000	7112
5000	6956
6000	7178
7000	6720
8000	5340
9000	5224
10000	4128
11000	4404
12000	4894
13000	5848
14000	5508
Numero di step eseguiti = 14643
Simulation 68
0	6446
1000	7152
2000	7138
3000	6446
4000	6372
5000	6582
6000	5934
7000	4608
8000	4532
9000	4992
Numero di step eseguiti = 9665
Simulation 69
0	6488
1000	7082
2000	7154
3000	7116
4000	7030
5000	7122
6000	6414
7000	6948
8000	6108
9000	5500
10000	4392
11000	4994
12000	4118
13000	6950
Numero di step eseguiti = 13206
Simulation 70
0	6524
1000	7100
2000	6962
3000	6724
4000	6652
5000	6514
6000	5038
7000	4608
8000	4464
9000	4702
10000	5224
11000	5292
12000	6288
13000	5552
14000	6090
Numero di step eseguiti = 14098
Simulation 71
0	6522
1000	7054
2000	7148
3000	7070
4000	7010
5000	6404
6000	6240
7000	5356
8000	4056
9000	3886
10000	4386
11000	5022
Numero di step eseguiti = 11714
Simulation 72
0	6536
1000	7042
2000	7020
3000	7146
4000	6992
5000	6900
6000	5930
7000	5250
8000	5196
9000	5142
10000	4088
11000	3872
12000	4378
13000	6296
Numero di step eseguiti = 13772
Simulation 73
0	6524
1000	7178
2000	7184
3000	6722
4000	6752
5000	6182
6000	5618
7000	5516
8000	5410
9000	5716
Numero di step eseguiti = 9282
Simulation 74
0	6518
1000	7078
2000	7076
3000	6994
4000	7082
5000	6906
6000	6234
7000	4978
8000	5392
9000	4828
10000	4678
11000	5122
12000	6320
Numero di step eseguiti = 12448
Simulation 75
0	6434
Numero di step eseguiti = 698
Simulation 76
0	6456
1000	7140
2000	7062
3000	6914
4000	6726
5000	6094
6000	6134
7000	5294
8000	3836
9000	3900
10000	3638
11000	4454
Numero di step eseguiti = 11316
Simulation 77
0	6540
1000	7144
2000	7088
3000	6880
4000	6506
5000	6958
Numero di step eseguiti = 5552
Simulation 78
0	6466
1000	7180
2000	7128
3000	7030
4000	6822
5000	6728
6000	5772
7000	4474
8000	3942
9000	5440
Numero di step eseguiti = 9788
Simulation 79
0	6500
1000	7132
2000	7080
3000	6880
4000	6926
5000	6706
6000	6416
7000	6942
8000	6608
9000	6712
10000	4992
11000	4444
12000	4316
13000	4838
14000	7114
Numero di step eseguiti = 14095
Simulation 80
0	6488
1000	7190
Numero di step eseguiti = 1165
Simulation 81
0	6518
1000	7182
Numero di step eseguiti = 1424
Simulation 82
0	6486
1000	7178
2000	7162
3000	7082
4000	6816
5000	7142
Numero di step eseguiti = 5719
Simulation 83
0	6526
Numero di step eseguiti = 467
Simulation 84
0	6548
1000	7130
2000	7174
3000	7092
4000	7024
5000	7158
6000	6500
7000	6066
8000	4446
9000	5206
10000	4734
Numero di step eseguiti = 10808
Simulation 85
0	6498
1000	7184
2000	7056
3000	6964
4000	6548
5000	6036
6000	6462
7000	5636
8000	5482
9000	4784
10000	4418
11000	5040
12000	5998
Numero di step eseguiti = 12558
Simulation 86
0	6502
Numero di step eseguiti = 208
Simulation 87
0	6448
1000	7138
2000	7148
3000	6994
4000	6518
5000	6770
6000	5586
7000	5206
8000	5256
9000	4634
10000	4548
11000	3932
12000	4194
13000	4080
14000	4008
15000	5306
16000	5056
Numero di step eseguiti = 16488
Simulation 88
0	6526
1000	7180
Numero di step eseguiti = 1220
Simulation 89
0	6544
1000	7184
2000	7178
3000	7118
Numero di step eseguiti = 3051
Simulation 90
0	6468
1000	7176
2000	7060
3000	7026
4000	7024
5000	6760
6000	5842
7000	5980
8000	6588
9000	4750
10000	4134
11000	5630
12000	7072
Numero di step eseguiti = 12014
Simulation 91
0	6474
1000	7128
2000	7000
3000	7186
Numero di step eseguiti = 3035
Simulation 92
0	6516
1000	7184
2000	7182
3000	7154
4000	7074
5000	6802
6000	6762
7000	6134
8000	5202
9000	5246
Numero di step eseguiti = 9971
Simulation 93
0	6492
Numero di step eseguiti = 897
Simulation 94
0	6462
1000	7146
2000	7154
3000	7056
4000	7160
Numero di step eseguiti = 4077
Simulation 95
0	6466
1000	7132
2000	7030
3000	6990
4000	7110
5000	7032
6000	6532
7000	5442
8000	5694
9000	5728
10000	5492
11000	6428
Numero di step eseguiti = 11524
Simulation 96
0	6498
1000	7182
2000	7110
3000	7128
4000	7018
5000	6904
Numero di step eseguiti = 5681
Simulation 97
0	6532
1000	7174
2000	7160
3000	7150
4000	7172
5000	7042
6000	6260
7000	5998
8000	6058
9000	4760
10000	4690
11000	4780
12000	5004
13000	4124
14000	5620
15000	4610
16000	4590
17000	4354
18000	4120
19000	4018
20000	4298
21000	6782
Numero di step eseguiti = 21840
Simulation 98
0	6518
1000	7178
2000	7156
3000	7136
4000	7078
5000	6304
6000	5212
7000	5852
8000	6406
9000	4704
10000	5888
Numero di step eseguiti = 10458
Simulation 99
0	6494
1000	7132
Numero di step eseguiti = 1224
Simulation 100
0	6432
1000	7132
2000	7080
3000	6890
4000	6930
5000	7178
6000	7098
7000	5916
8000	6446
9000	6348
Numero di step eseguiti = 9595
pos_features = 40
Simulation 1
0	6610
Numero di step eseguiti = 241
Simulation 2
0	6636
Numero di step eseguiti = 732
Simulation 3
0	6698
1000	7170
2000	7188
3000	7140
4000	7186
Numero di step eseguiti = 4147
Simulation 4
0	6694
Numero di step eseguiti = 650
Simulation 5
0	6694
1000	7172
Numero di step eseguiti = 1348
Simulation 6
0	6684
1000	7190
2000	7162
Numero di step eseguiti = 2195
Simulation 7
0	6652
Numero di step eseguiti = 458
Simulation 8
0	6634
1000	7172
Numero di step eseguiti = 1071
Simulation 9
0	6676
Numero di step eseguiti = 777
Simulation 10
0	6710
1000	7196
2000	7182
Numero di step eseguiti = 2349
Simulation 11
0	6620
1000	7188
Numero di step eseguiti = 1193
Simulation 12
0	6722
1000	7170
2000	7176
Numero di step eseguiti = 2472
Simulation 13
0	6714
Numero di step eseguiti = 319
Simulation 14
0	6602
Numero di step eseguiti = 447
Simulation 15
0	6678
1000	7174
Numero di step eseguiti = 1789
Simulation 16
0	6698
Numero di step eseguiti = 337
Simulation 17
0	6750
1000	7186
Numero di step eseguiti = 1177
Simulation 18
0	6718
Numero di step eseguiti = 367
Simulation 19
0	6690
1000	7180
Numero di step eseguiti = 1504
Simulation 20
0	6704
Numero di step eseguiti = 328
Simulation 21
0	6722
Numero di step eseguiti = 498
Simulation 22
0	6654
Numero di step eseguiti = 413
Simulation 23
0	6730
Numero di step eseguiti = 590
Simulation 24
0	6694
Numero di step eseguiti = 174
Simulation 25
0	6710
Numero di step eseguiti = 187
Simulation 26
0	6720
Numero di step eseguiti = 597
Simulation 27
0	6666
1000	7190
Numero di step eseguiti = 1171
Simulation 28
0	6658
Numero di step eseguiti = 451
Simulation 29
0	6668
1000	7182
2000	7186
3000	7146
4000	7178
5000	7048
6000	6964
7000	6812
8000	6956
9000	6762
10000	6742
11000	4892
12000	3824
13000	3912
14000	6030
15000	5194
16000	6384
Numero di step eseguiti = 16279
Simulation 30
0	6682
Numero di step eseguiti = 442
Simulation 31
0	6690
Numero di step eseguiti = 650
Simulation 32
0	6696
Numero di step eseguiti = 702
Simulation 33
0	6684
Numero di step eseguiti = 505
Simulation 34
0	6718
Numero di step eseguiti = 841
Simulation 35
0	6694
1000	7192
Numero di step eseguiti = 1016
Simulation 36
0	6628
1000	7142
Numero di step eseguiti = 1789
Simulation 37
0	6650
Numero di step eseguiti = 937
Simulation 38
0	6712
Numero di step eseguiti = 352
Simulation 39
0	6724
Numero di step eseguiti = 268
Simulation 40
0	6690
1000	7140
2000	7194
3000	7096
4000	7174
Numero di step eseguiti = 4538
Simulation 41
0	6630
1000	7196
Numero di step eseguiti = 1009
Simulation 42
0	6700
1000	7180
Numero di step eseguiti = 1049
Simulation 43
0	6694
1000	7164
Numero di step eseguiti = 1212
Simulation 44
0	6616
1000	7190
Numero di step eseguiti = 1879
Simulation 45
0	6716
Numero di step eseguiti = 923
Simulation 46
0	6648
Numero di step eseguiti = 657
Simulation 47
0	6658
Numero di step eseguiti = 367
Simulation 48
0	6738
Numero di step eseguiti = 390
Simulation 49
0	6672
Numero di step eseguiti = 412
Simulation 50
0	6652
1000	7190
Numero di step eseguiti = 1222
Simulation 51
0	6646
1000	7196
2000	7190
3000	7112
4000	7148
Numero di step eseguiti = 4670
Simulation 52
0	6678
1000	7190
Numero di step eseguiti = 1789
Simulation 53
0	6658
Numero di step eseguiti = 886
Simulation 54
0	6724
Numero di step eseguiti = 686
Simulation 55
0	6664
Numero di step eseguiti = 246
Simulation 56
0	6644
Numero di step eseguiti = 560
Simulation 57
0	6700
Numero di step eseguiti = 915
Simulation 58
0	6640
Numero di step eseguiti = 362
Simulation 59
0	6658
Numero di step eseguiti = 640
Simulation 60
0	6662
1000	7190
Numero di step eseguiti = 1075
Simulation 61
0	6672
1000	7164
2000	7154
Numero di step eseguiti = 2349
Simulation 62
0	6678
1000	7166
2000	7128
3000	7172
4000	6992
5000	7124
6000	6756
7000	6750
8000	6576
9000	6970
10000	6564
11000	7098
12000	5192
13000	6162
Numero di step eseguiti = 13533
Simulation 63
0	6658
Numero di step eseguiti = 615
Simulation 64
0	6632
Numero di step eseguiti = 429
Simulation 65
0	6662
1000	7184
2000	7054
3000	7140
4000	7056
5000	7024
6000	6992
7000	6678
8000	6446
9000	4842
10000	5032
11000	4790
12000	4530
13000	5502
14000	6852
Numero di step eseguiti = 14272
Simulation 66
0	6658
Numero di step eseguiti = 736
Simulation 67
0	6708
Numero di step eseguiti = 661
Simulation 68
0	6698
1000	7188
Numero di step eseguiti = 1196
Simulation 69
0	6680
1000	7182
2000	7166
Numero di step eseguiti = 2058
Simulation 70
0	6626
Numero di step eseguiti = 576
Simulation 71
0	6724
Numero di step eseguiti = 601
Simulation 72
0	6646
Numero di step eseguiti = 892
Simulation 73
0	6654
1000	7196
Numero di step eseguiti = 1020
Simulation 74
0	6692
1000	7188
2000	7154
3000	7184
4000	7134
5000	7066
6000	7120
7000	6692
8000	6146
9000	5854
10000	6978
11000	6102
12000	6230
13000	6044
14000	6906
Numero di step eseguiti = 14170
Simulation 75
0	6668
Numero di step eseguiti = 699
Simulation 76
0	6672
1000	7186
Numero di step eseguiti = 1066
Simulation 77
0	6658
Numero di step eseguiti = 503
Simulation 78
0	6662
Numero di step eseguiti = 692
Simulation 79
0	6652
Numero di step eseguiti = 796
Simulation 80
0	6670
Numero di step eseguiti = 499
Simulation 81
0	6700
Numero di step eseguiti = 312
Simulation 82
0	6680
Numero di step eseguiti = 559
Simulation 83
0	6646
Numero di step eseguiti = 209
Simulation 84
0	6668
Numero di step eseguiti = 832
Simulation 85
0	6658
1000	7192
Numero di step eseguiti = 1670
Simulation 86
0	6630
1000	7196
Numero di step eseguiti = 1545
Simulation 87
0	6656
Numero di step eseguiti = 722
Simulation 88
0	6670
Numero di step eseguiti = 845
Simulation 89
0	6682
1000	7180
Numero di step eseguiti = 1499
Simulation 90
0	6690
Numero di step eseguiti = 207
Simulation 91
0	6666
1000	7194
2000	7154
3000	7168
Numero di step eseguiti = 3381
Simulation 92
0	6676
Numero di step eseguiti = 304
Simulation 93
0	6752
1000	7192
Numero di step eseguiti = 1587
Simulation 94
0	6618
1000	7184
Numero di step eseguiti = 1245
Simulation 95
0	6718
1000	7190
Numero di step eseguiti = 1589
Simulation 96
0	6682
Numero di step eseguiti = 229
Simulation 97
0	6668
Numero di step eseguiti = 272
Simulation 98
0	6682
Numero di step eseguiti = 435
Simulation 99
0	6664
1000	7180
2000	7192
Numero di step eseguiti = 2031
Simulation 100
0	6666
1000	7158
Numero di step eseguiti = 1303
pos_features = 50
Simulation 1
0	6800
Numero di step eseguiti = 392
Simulation 2
0	6788
Numero di step eseguiti = 841
Simulation 3
0	6794
Numero di step eseguiti = 299
Simulation 4
0	6758
Numero di step eseguiti = 256
Simulation 5
0	6822
Numero di step eseguiti = 551
Simulation 6
0	6820
Numero di step eseguiti = 243
Simulation 7
0	6800
Numero di step eseguiti = 189
Simulation 8
0	6784
Numero di step eseguiti = 551
Simulation 9
0	6730
Numero di step eseguiti = 183
Simulation 10
0	6778
Numero di step eseguiti = 587
Simulation 11
0	6726
1000	7194
2000	7160
3000	7160
4000	7118
5000	7166
Numero di step eseguiti = 5100
Simulation 12
0	6780
Numero di step eseguiti = 861
Simulation 13
0	6798
Numero di step eseguiti = 241
Simulation 14
0	6798
Numero di step eseguiti = 425
Simulation 15
0	6798
Numero di step eseguiti = 299
Simulation 16
0	6746
Numero di step eseguiti = 623
Simulation 17
0	6774
Numero di step eseguiti = 293
Simulation 18
0	6774
Numero di step eseguiti = 764
Simulation 19
0	6788
Numero di step eseguiti = 251
Simulation 20
0	6724
Numero di step eseguiti = 681
Simulation 21
0	6756
Numero di step eseguiti = 172
Simulation 22
0	6780
Numero di step eseguiti = 162
Simulation 23
0	6776
Numero di step eseguiti = 473
Simulation 24
0	6794
Numero di step eseguiti = 303
Simulation 25
0	6822
1000	7184
2000	7178
Numero di step eseguiti = 2906
Simulation 26
0	6752
Numero di step eseguiti = 845
Simulation 27
0	6798
1000	7162
Numero di step eseguiti = 1583
Simulation 28
0	6834
Numero di step eseguiti = 369
Simulation 29
0	6770
Numero di step eseguiti = 207
Simulation 30
0	6776
Numero di step eseguiti = 279
Simulation 31
0	6808
Numero di step eseguiti = 385
Simulation 32
0	6762
Numero di step eseguiti = 379
Simulation 33
0	6774
Numero di step eseguiti = 411
Simulation 34
0	6746
Numero di step eseguiti = 377
Simulation 35
0	6784
Numero di step eseguiti = 183
Simulation 36
0	6780
Numero di step eseguiti = 507
Simulation 37
0	6778
1000	7182
Numero di step eseguiti = 1499
Simulation 38
0	6780
Numero di step eseguiti = 189
Simulation 39
0	6810
Numero di step eseguiti = 132
Simulation 40
0	6778
Numero di step eseguiti = 212
Simulation 41
0	6738
Numero di step eseguiti = 520
Simulation 42
0	6762
Numero di step eseguiti = 343
Simulation 43
0	6800
Numero di step eseguiti = 119
Simulation 44
0	6812
Numero di step eseguiti = 296
Simulation 45
0	6798
Numero di step eseguiti = 227
Simulation 46
0	6802
Numero di step eseguiti = 381
Simulation 47
0	6756
1000	7196
2000	7186
3000	7166
Numero di step eseguiti = 3993
Simulation 48
0	6798
Numero di step eseguiti = 367
Simulation 49
0	6768
Numero di step eseguiti = 353
Simulation 50
0	6760
Numero di step eseguiti = 231
Simulation 51
0	6778
Numero di step eseguiti = 612
Simulation 52
0	6754
Numero di step eseguiti = 905
Simulation 53
0	6806
Numero di step eseguiti = 473
Simulation 54
0	6746
Numero di step eseguiti = 763
Simulation 55
0	6796
Numero di step eseguiti = 466
Simulation 56
0	6764
Numero di step eseguiti = 221
Simulation 57
0	6858
1000	7198
Numero di step eseguiti = 1156
Simulation 58
0	6776
Numero di step eseguiti = 233
Simulation 59
0	6832
Numero di step eseguiti = 206
Simulation 60
0	6784
Numero di step eseguiti = 244
Simulation 61
0	6762
Numero di step eseguiti = 218
Simulation 62
0	6776
Numero di step eseguiti = 752
Simulation 63
0	6764
Numero di step eseguiti = 836
Simulation 64
0	6760
Numero di step eseguiti = 592
Simulation 65
0	6778
Numero di step eseguiti = 283
Simulation 66
0	6802
Numero di step eseguiti = 294
Simulation 67
0	6762
Numero di step eseguiti = 802
Simulation 68
0	6762
Numero di step eseguiti = 527
Simulation 69
0	6810
Numero di step eseguiti = 598
Simulation 70
0	6810
Numero di step eseguiti = 830
Simulation 71
0	6802
Numero di step eseguiti = 188
Simulation 72
0	6792
Numero di step eseguiti = 528
Simulation 73
0	6786
Numero di step eseguiti = 398
Simulation 74
0	6724
Numero di step eseguiti = 926
Simulation 75
0	6816
Numero di step eseguiti = 408
Simulation 76
0	6720
1000	7166
Numero di step eseguiti = 1918
Simulation 77
0	6742
Numero di step eseguiti = 431
Simulation 78
0	6792
Numero di step eseguiti = 555
Simulation 79
0	6744
Numero di step eseguiti = 321
Simulation 80
0	6778
Numero di step eseguiti = 595
Simulation 81
0	6788
1000	7194
Numero di step eseguiti = 1736
Simulation 82
0	6762
Numero di step eseguiti = 218
Simulation 83
0	6784
Numero di step eseguiti = 274
Simulation 84
0	6818
Numero di step eseguiti = 418
Simulation 85
0	6792
Numero di step eseguiti = 552
Simulation 86
0	6754
Numero di step eseguiti = 597
Simulation 87
0	6810
Numero di step eseguiti = 672
Simulation 88
0	6796
Numero di step eseguiti = 255
Simulation 89
0	6756
Numero di step eseguiti = 361
Simulation 90
0	6728
Numero di step eseguiti = 359
Simulation 91
0	6692
1000	7182
2000	7194
Numero di step eseguiti = 2688
Simulation 92
0	6782
Numero di step eseguiti = 357
Simulation 93
0	6812
Numero di step eseguiti = 299
Simulation 94
0	6762
Numero di step eseguiti = 380
Simulation 95
0	6778
Numero di step eseguiti = 404
Simulation 96
0	6810
Numero di step eseguiti = 617
Simulation 97
0	6770
Numero di step eseguiti = 645
Simulation 98
0	6772
Numero di step eseguiti = 671
Simulation 99
0	6754
Numero di step eseguiti = 279
Simulation 100
0	6774
Numero di step eseguiti = 142
pos_features = 60
Simulation 1
0	6840
Numero di step eseguiti = 573
Simulation 2
0	6864
Numero di step eseguiti = 549
Simulation 3
0	6836
Numero di step eseguiti = 463
Simulation 4
0	6838
Numero di step eseguiti = 312
Simulation 5
0	6830
Numero di step eseguiti = 244
Simulation 6
0	6844
Numero di step eseguiti = 388
Simulation 7
0	6838
Numero di step eseguiti = 219
Simulation 8
0	6898
Numero di step eseguiti = 781
Simulation 9
0	6888
Numero di step eseguiti = 523
Simulation 10
0	6822
Numero di step eseguiti = 326
Simulation 11
0	6884
Numero di step eseguiti = 208
Simulation 12
0	6860
Numero di step eseguiti = 424
Simulation 13
0	6838
Numero di step eseguiti = 326
Simulation 14
0	6844
1000	7196
Numero di step eseguiti = 1118
Simulation 15
0	6856
Numero di step eseguiti = 254
Simulation 16
0	6822
Numero di step eseguiti = 335
Simulation 17
0	6872
Numero di step eseguiti = 569
Simulation 18
0	6834
Numero di step eseguiti = 645
Simulation 19
0	6890
Numero di step eseguiti = 150
Simulation 20
0	6886
Numero di step eseguiti = 196
Simulation 21
0	6890
Numero di step eseguiti = 524
Simulation 22
0	6804
Numero di step eseguiti = 424
Simulation 23
0	6850
Numero di step eseguiti = 242
Simulation 24
0	6908
Numero di step eseguiti = 299
Simulation 25
0	6840
Numero di step eseguiti = 150
Simulation 26
0	6888
Numero di step eseguiti = 251
Simulation 27
0	6846
1000	7192
Numero di step eseguiti = 1492
Simulation 28
0	6774
Numero di step eseguiti = 384
Simulation 29
0	6792
Numero di step eseguiti = 404
Simulation 30
0	6814
Numero di step eseguiti = 213
Simulation 31
0	6840
Numero di step eseguiti = 452
Simulation 32
0	6850
Numero di step eseguiti = 278
Simulation 33
0	6816
Numero di step eseguiti = 761
Simulation 34
0	6864
Numero di step eseguiti = 411
Simulation 35
0	6796
Numero di step eseguiti = 288
Simulation 36
0	6874
Numero di step eseguiti = 464
Simulation 37
0	6808
Numero di step eseguiti = 405
Simulation 38
0	6860
Numero di step eseguiti = 214
Simulation 39
0	6824
Numero di step eseguiti = 382
Simulation 40
0	6878
Numero di step eseguiti = 218
Simulation 41
0	6834
Numero di step eseguiti = 274
Simulation 42
0	6856
Numero di step eseguiti = 967
Simulation 43
0	6888
Numero di step eseguiti = 342
Simulation 44
0	6790
Numero di step eseguiti = 756
Simulation 45
0	6844
Numero di step eseguiti = 987
Simulation 46
0	6838
Numero di step eseguiti = 544
Simulation 47
0	6832
Numero di step eseguiti = 104
Simulation 48
0	6890
Numero di step eseguiti = 113
Simulation 49
0	6826
Numero di step eseguiti = 467
Simulation 50
0	6794
Numero di step eseguiti = 489
Simulation 51
0	6872
Numero di step eseguiti = 322
Simulation 52
0	6894
Numero di step eseguiti = 451
Simulation 53
0	6864
Numero di step eseguiti = 220
Simulation 54
0	6846
Numero di step eseguiti = 658
Simulation 55
0	6852
Numero di step eseguiti = 219
Simulation 56
0	6800
Numero di step eseguiti = 290
Simulation 57
0	6814
Numero di step eseguiti = 294
Simulation 58
0	6870
Numero di step eseguiti = 202
Simulation 59
0	6878
Numero di step eseguiti = 353
Simulation 60
0	6786
Numero di step eseguiti = 125
Simulation 61
0	6832
Numero di step eseguiti = 152
Simulation 62
0	6814
Numero di step eseguiti = 513
Simulation 63
0	6850
Numero di step eseguiti = 677
Simulation 64
0	6898
Numero di step eseguiti = 311
Simulation 65
0	6844
Numero di step eseguiti = 509
Simulation 66
0	6846
Numero di step eseguiti = 216
Simulation 67
0	6830
Numero di step eseguiti = 187
Simulation 68
0	6874
Numero di step eseguiti = 297
Simulation 69
0	6904
Numero di step eseguiti = 276
Simulation 70
0	6856
Numero di step eseguiti = 212
Simulation 71
0	6844
Numero di step eseguiti = 157
Simulation 72
0	6842
Numero di step eseguiti = 194
Simulation 73
0	6878
Numero di step eseguiti = 421
Simulation 74
0	6886
Numero di step eseguiti = 509
Simulation 75
0	6790
Numero di step eseguiti = 311
Simulation 76
0	6880
Numero di step eseguiti = 104
Simulation 77
0	6838
Numero di step eseguiti = 351
Simulation 78
0	6824
Numero di step eseguiti = 698
Simulation 79
0	6860
Numero di step eseguiti = 435
Simulation 80
0	6880
Numero di step eseguiti = 456
Simulation 81
0	6824
Numero di step eseguiti = 273
Simulation 82
0	6848
Numero di step eseguiti = 326
Simulation 83
0	6800
Numero di step eseguiti = 517
Simulation 84
0	6838
Numero di step eseguiti = 254
Simulation 85
0	6830
Numero di step eseguiti = 484
Simulation 86
0	6840
Numero di step eseguiti = 625
Simulation 87
0	6874
Numero di step eseguiti = 249
Simulation 88
0	6906
Numero di step eseguiti = 101
Simulation 89
0	6832
Numero di step eseguiti = 102
Simulation 90
0	6854
Numero di step eseguiti = 269
Simulation 91
0	6892
Numero di step eseguiti = 223
Simulation 92
0	6856
Numero di step eseguiti = 223
Simulation 93
0	6836
Numero di step eseguiti = 140
Simulation 94
0	6844
Numero di step eseguiti = 384
Simulation 95
0	6844
Numero di step eseguiti = 536
Simulation 96
0	6812
Numero di step eseguiti = 222
Simulation 97
0	6786
Numero di step eseguiti = 711
Simulation 98
0	6822
Numero di step eseguiti = 349
Simulation 99
0	6844
Numero di step eseguiti = 241
Simulation 100
0	6840
Numero di step eseguiti = 303
pos_features = 70
Simulation 1
0	6888
Numero di step eseguiti = 885
Simulation 2
0	6922
Numero di step eseguiti = 147
Simulation 3
0	6914
Numero di step eseguiti = 303
Simulation 4
0	6926
Numero di step eseguiti = 112
Simulation 5
0	6866
Numero di step eseguiti = 411
Simulation 6
0	6924
Numero di step eseguiti = 186
Simulation 7
0	6908
Numero di step eseguiti = 296
Simulation 8
0	6898
Numero di step eseguiti = 832
Simulation 9
0	6868
Numero di step eseguiti = 488
Simulation 10
0	6892
Numero di step eseguiti = 96
Simulation 11
0	6896
Numero di step eseguiti = 204
Simulation 12
0	6868
Numero di step eseguiti = 115
Simulation 13
0	6894
Numero di step eseguiti = 255
Simulation 14
0	6930
Numero di step eseguiti = 270
Simulation 15
0	6900
Numero di step eseguiti = 140
Simulation 16
0	6912
Numero di step eseguiti = 226
Simulation 17
0	6930
Numero di step eseguiti = 184
Simulation 18
0	6882
Numero di step eseguiti = 210
Simulation 19
0	6894
Numero di step eseguiti = 690
Simulation 20
0	6914
Numero di step eseguiti = 140
Simulation 21
0	6908
Numero di step eseguiti = 636
Simulation 22
0	6926
Numero di step eseguiti = 987
Simulation 23
0	6896
Numero di step eseguiti = 394
Simulation 24
0	6870
Numero di step eseguiti = 395
Simulation 25
0	6910
Numero di step eseguiti = 169
Simulation 26
0	6902
Numero di step eseguiti = 211
Simulation 27
0	6904
Numero di step eseguiti = 444
Simulation 28
0	6882
Numero di step eseguiti = 146
Simulation 29
0	6894
Numero di step eseguiti = 548
Simulation 30
0	6890
Numero di step eseguiti = 309
Simulation 31
0	6894
Numero di step eseguiti = 330
Simulation 32
0	6862
Numero di step eseguiti = 417
Simulation 33
0	6914
Numero di step eseguiti = 294
Simulation 34
0	6904
Numero di step eseguiti = 239
Simulation 35
0	6894
Numero di step eseguiti = 150
Simulation 36
0	6880
Numero di step eseguiti = 155
Simulation 37
0	6866
Numero di step eseguiti = 328
Simulation 38
0	6924
Numero di step eseguiti = 228
Simulation 39
0	6896
Numero di step eseguiti = 281
Simulation 40
0	6836
Numero di step eseguiti = 243
Simulation 41
0	6910
Numero di step eseguiti = 469
Simulation 42
0	6854
Numero di step eseguiti = 172
Simulation 43
0	6948
Numero di step eseguiti = 225
Simulation 44
0	6926
Numero di step eseguiti = 179
Simulation 45
0	6906
Numero di step eseguiti = 219
Simulation 46
0	6810
Numero di step eseguiti = 646
Simulation 47
0	6898
Numero di step eseguiti = 124
Simulation 48
0	6884
Numero di step eseguiti = 225
Simulation 49
0	6906
Numero di step eseguiti = 281
Simulation 50
0	6844
Numero di step eseguiti = 611
Simulation 51
0	6880
Numero di step eseguiti = 161
Simulation 52
0	6924
Numero di step eseguiti = 443
Simulation 53
0	6898
Numero di step eseguiti = 242
Simulation 54
0	6878
Numero di step eseguiti = 125
Simulation 55
0	6908
Numero di step eseguiti = 95
Simulation 56
0	6908
Numero di step eseguiti = 170
Simulation 57
0	6908
Numero di step eseguiti = 292
Simulation 58
0	6902
Numero di step eseguiti = 157
Simulation 59
0	6948
Numero di step eseguiti = 102
Simulation 60
0	6834
Numero di step eseguiti = 433
Simulation 61
0	6894
Numero di step eseguiti = 260
Simulation 62
0	6916
Numero di step eseguiti = 247
Simulation 63
0	6924
Numero di step eseguiti = 104
Simulation 64
0	6880
Numero di step eseguiti = 227
Simulation 65
0	6948
Numero di step eseguiti = 363
Simulation 66
0	6874
Numero di step eseguiti = 318
Simulation 67
0	6884
Numero di step eseguiti = 91
Simulation 68
0	6888
Numero di step eseguiti = 158
Simulation 69
0	6920
Numero di step eseguiti = 407
Simulation 70
0	6904
Numero di step eseguiti = 266
Simulation 71
0	6866
Numero di step eseguiti = 311
Simulation 72
0	6910
Numero di step eseguiti = 147
Simulation 73
0	6882
1000	7178
Numero di step eseguiti = 1235
Simulation 74
0	6858
Numero di step eseguiti = 144
Simulation 75
0	6882
Numero di step eseguiti = 386
Simulation 76
0	6926
Numero di step eseguiti = 355
Simulation 77
0	6884
Numero di step eseguiti = 188
Simulation 78
0	6886
Numero di step eseguiti = 395
Simulation 79
0	6886
Numero di step eseguiti = 90
Simulation 80
0	6896
Numero di step eseguiti = 233
Simulation 81
0	6888
Numero di step eseguiti = 418
Simulation 82
0	6890
Numero di step eseguiti = 351
Simulation 83
0	6900
Numero di step eseguiti = 154
Simulation 84
0	6888
Numero di step eseguiti = 210
Simulation 85
0	6890
Numero di step eseguiti = 421
Simulation 86
0	6896
Numero di step eseguiti = 107
Simulation 87
0	6860
Numero di step eseguiti = 354
Simulation 88
0	6918
Numero di step eseguiti = 587
Simulation 89
0	6900
Numero di step eseguiti = 217
Simulation 90
0	6930
Numero di step eseguiti = 100
Simulation 91
0	6922
Numero di step eseguiti = 338
Simulation 92
0	6924
Numero di step eseguiti = 96
Simulation 93
0	6896
Numero di step eseguiti = 352
Simulation 94
0	6886
Numero di step eseguiti = 404
Simulation 95
0	6890
Numero di step eseguiti = 376
Simulation 96
0	6866
Numero di step eseguiti = 131
Simulation 97
0	6856
Numero di step eseguiti = 744
Simulation 98
0	6900
Numero di step eseguiti = 188
Simulation 99
0	6942
Numero di step eseguiti = 113
Simulation 100
0	6928
Numero di step eseguiti = 279
pos_features = 80
Simulation 1
0	6902
Numero di step eseguiti = 230
Simulation 2
0	6940
Numero di step eseguiti = 299
Simulation 3
0	6926
Numero di step eseguiti = 75
Simulation 4
0	6932
1000	7198
Numero di step eseguiti = 1097
Simulation 5
0	6918
Numero di step eseguiti = 257
Simulation 6
0	6896
Numero di step eseguiti = 251
Simulation 7
0	6946
Numero di step eseguiti = 196
Simulation 8
0	6930
Numero di step eseguiti = 111
Simulation 9
0	6962
Numero di step eseguiti = 252
Simulation 10
0	6936
Numero di step eseguiti = 456
Simulation 11
0	6930
Numero di step eseguiti = 224
Simulation 12
0	6952
Numero di step eseguiti = 130
Simulation 13
0	6912
Numero di step eseguiti = 107
Simulation 14
0	6932
Numero di step eseguiti = 258
Simulation 15
0	6946
Numero di step eseguiti = 298
Simulation 16
0	6904
Numero di step eseguiti = 247
Simulation 17
0	6932
Numero di step eseguiti = 247
Simulation 18
0	6938
Numero di step eseguiti = 321
Simulation 19
0	6952
Numero di step eseguiti = 222
Simulation 20
0	6896
Numero di step eseguiti = 156
Simulation 21
0	6954
Numero di step eseguiti = 104
Simulation 22
0	6908
Numero di step eseguiti = 352
Simulation 23
0	6902
Numero di step eseguiti = 198
Simulation 24
0	6924
Numero di step eseguiti = 130
Simulation 25
0	6954
Numero di step eseguiti = 638
Simulation 26
0	6922
Numero di step eseguiti = 768
Simulation 27
0	6958
Numero di step eseguiti = 265
Simulation 28
0	6930
Numero di step eseguiti = 274
Simulation 29
0	6914
Numero di step eseguiti = 268
Simulation 30
0	6960
Numero di step eseguiti = 184
Simulation 31
0	6946
Numero di step eseguiti = 251
Simulation 32
0	6954
Numero di step eseguiti = 438
Simulation 33
0	6920
Numero di step eseguiti = 208
Simulation 34
0	6932
Numero di step eseguiti = 788
Simulation 35
0	6920
Numero di step eseguiti = 116
Simulation 36
0	6954
Numero di step eseguiti = 673
Simulation 37
0	6966
Numero di step eseguiti = 220
Simulation 38
0	6932
Numero di step eseguiti = 339
Simulation 39
0	6942
Numero di step eseguiti = 99
Simulation 40
0	6934
Numero di step eseguiti = 96
Simulation 41
0	6966
Numero di step eseguiti = 517
Simulation 42
0	6934
Numero di step eseguiti = 210
Simulation 43
0	6926
Numero di step eseguiti = 158
Simulation 44
0	6950
Numero di step eseguiti = 125
Simulation 45
0	6932
Numero di step eseguiti = 228
Simulation 46
0	6902
Numero di step eseguiti = 163
Simulation 47
0	6932
Numero di step eseguiti = 118
Simulation 48
0	6920
Numero di step eseguiti = 617
Simulation 49
0	6920
Numero di step eseguiti = 139
Simulation 50
0	6940
Numero di step eseguiti = 126
Simulation 51
0	6942
Numero di step eseguiti = 231
Simulation 52
0	6922
Numero di step eseguiti = 93
Simulation 53
0	6914
Numero di step eseguiti = 146
Simulation 54
0	6978
Numero di step eseguiti = 289
Simulation 55
0	6932
Numero di step eseguiti = 395
Simulation 56
0	6944
Numero di step eseguiti = 282
Simulation 57
0	6912
Numero di step eseguiti = 665
Simulation 58
0	6910
Numero di step eseguiti = 212
Simulation 59
0	6882
Numero di step eseguiti = 917
Simulation 60
0	6920
Numero di step eseguiti = 276
Simulation 61
0	6920
Numero di step eseguiti = 305
Simulation 62
0	6940
Numero di step eseguiti = 192
Simulation 63
0	6894
Numero di step eseguiti = 144
Simulation 64
0	6958
Numero di step eseguiti = 163
Simulation 65
0	6956
Numero di step eseguiti = 137
Simulation 66
0	6892
Numero di step eseguiti = 189
Simulation 67
0	6956
Numero di step eseguiti = 258
Simulation 68
0	6902
Numero di step eseguiti = 389
Simulation 69
0	6946
Numero di step eseguiti = 144
Simulation 70
0	6946
Numero di step eseguiti = 204
Simulation 71
0	6950
Numero di step eseguiti = 284
Simulation 72
0	6950
Numero di step eseguiti = 315
Simulation 73
0	6950
Numero di step eseguiti = 264
Simulation 74
0	6950
Numero di step eseguiti = 321
Simulation 75
0	6926
Numero di step eseguiti = 137
Simulation 76
0	6940
Numero di step eseguiti = 269
Simulation 77
0	6970
Numero di step eseguiti = 255
Simulation 78
0	6918
Numero di step eseguiti = 165
Simulation 79
0	6930
Numero di step eseguiti = 213
Simulation 80
0	6952
Numero di step eseguiti = 251
Simulation 81
0	6962
Numero di step eseguiti = 168
Simulation 82
0	6912
Numero di step eseguiti = 260
Simulation 83
0	6922
Numero di step eseguiti = 430
Simulation 84
0	6940
Numero di step eseguiti = 335
Simulation 85
0	6918
Numero di step eseguiti = 115
Simulation 86
0	6964
Numero di step eseguiti = 372
Simulation 87
0	6916
Numero di step eseguiti = 117
Simulation 88
0	6940
Numero di step eseguiti = 248
Simulation 89
0	6904
Numero di step eseguiti = 249
Simulation 90
0	6938
Numero di step eseguiti = 120
Simulation 91
0	6918
Numero di step eseguiti = 271
Simulation 92
0	6932
Numero di step eseguiti = 119
Simulation 93
0	6912
Numero di step eseguiti = 146
Simulation 94
0	6892
Numero di step eseguiti = 223
Simulation 95
0	6928
Numero di step eseguiti = 752
Simulation 96
0	6912
Numero di step eseguiti = 105
Simulation 97
0	6906
Numero di step eseguiti = 88
Simulation 98
0	6940
Numero di step eseguiti = 414
Simulation 99
0	6980
Numero di step eseguiti = 189
Simulation 100
0	6926
Numero di step eseguiti = 133
pos_features = 90
Simulation 1
0	6980
Numero di step eseguiti = 152
Simulation 2
0	6976
Numero di step eseguiti = 100
Simulation 3
0	6964
Numero di step eseguiti = 147
Simulation 4
0	6930
Numero di step eseguiti = 308
Simulation 5
0	6938
Numero di step eseguiti = 115
Simulation 6
0	6960
Numero di step eseguiti = 149
Simulation 7
0	6954
Numero di step eseguiti = 91
Simulation 8
0	6940
Numero di step eseguiti = 131
Simulation 9
0	6958
Numero di step eseguiti = 444
Simulation 10
0	6954
Numero di step eseguiti = 160
Simulation 11
0	6968
Numero di step eseguiti = 312
Simulation 12
0	6996
Numero di step eseguiti = 166
Simulation 13
0	6960
Numero di step eseguiti = 131
Simulation 14
0	6938
Numero di step eseguiti = 101
Simulation 15
0	6958
Numero di step eseguiti = 282
Simulation 16
0	6970
Numero di step eseguiti = 156
Simulation 17
0	6986
Numero di step eseguiti = 981
Simulation 18
0	6912
Numero di step eseguiti = 156
Simulation 19
0	6972
Numero di step eseguiti = 293
Simulation 20
0	6958
Numero di step eseguiti = 170
Simulation 21
0	7022
Numero di step eseguiti = 434
Simulation 22
0	6970
Numero di step eseguiti = 219
Simulation 23
0	6962
Numero di step eseguiti = 292
Simulation 24
0	6956
Numero di step eseguiti = 626
Simulation 25
0	6954
Numero di step eseguiti = 212
Simulation 26
0	6974
Numero di step eseguiti = 408
Simulation 27
0	6964
Numero di step eseguiti = 306
Simulation 28
0	6928
Numero di step eseguiti = 232
Simulation 29
0	6970
Numero di step eseguiti = 330
Simulation 30
0	6952
Numero di step eseguiti = 103
Simulation 31
0	6978
Numero di step eseguiti = 83
Simulation 32
0	6988
Numero di step eseguiti = 285
Simulation 33
0	6958
Numero di step eseguiti = 237
Simulation 34
0	6926
Numero di step eseguiti = 115
Simulation 35
0	6984
Numero di step eseguiti = 73
Simulation 36
0	6982
Numero di step eseguiti = 191
Simulation 37
0	6954
Numero di step eseguiti = 116
Simulation 38
0	6952
Numero di step eseguiti = 313
Simulation 39
0	6988
Numero di step eseguiti = 199
Simulation 40
0	6992
Numero di step eseguiti = 196
Simulation 41
0	6978
Numero di step eseguiti = 214
Simulation 42
0	7000
Numero di step eseguiti = 115
Simulation 43
0	6990
Numero di step eseguiti = 196
Simulation 44
0	6976
Numero di step eseguiti = 249
Simulation 45
0	6950
Numero di step eseguiti = 335
Simulation 46
0	6970
Numero di step eseguiti = 218
Simulation 47
0	6954
Numero di step eseguiti = 193
Simulation 48
0	6944
Numero di step eseguiti = 282
Simulation 49
0	6970
Numero di step eseguiti = 212
Simulation 50
0	6978
Numero di step eseguiti = 500
Simulation 51
0	6974
Numero di step eseguiti = 250
Simulation 52
0	6978
Numero di step eseguiti = 533
Simulation 53
0	6998
Numero di step eseguiti = 290
Simulation 54
0	6936
Numero di step eseguiti = 181
Simulation 55
0	6998
Numero di step eseguiti = 130
Simulation 56
0	6964
Numero di step eseguiti = 107
Simulation 57
0	6994
Numero di step eseguiti = 134
Simulation 58
0	6920
Numero di step eseguiti = 552
Simulation 59
0	6948
Numero di step eseguiti = 293
Simulation 60
0	7002
Numero di step eseguiti = 78
Simulation 61
0	6966
Numero di step eseguiti = 126
Simulation 62
0	6980
Numero di step eseguiti = 118
Simulation 63
0	6980
Numero di step eseguiti = 289
Simulation 64
0	6980
Numero di step eseguiti = 202
Simulation 65
0	6934
Numero di step eseguiti = 379
Simulation 66
0	6982
Numero di step eseguiti = 130
Simulation 67
0	6982
Numero di step eseguiti = 262
Simulation 68
0	6960
Numero di step eseguiti = 137
Simulation 69
0	6972
Numero di step eseguiti = 313
Simulation 70
0	7000
Numero di step eseguiti = 213
Simulation 71
0	6954
Numero di step eseguiti = 153
Simulation 72
0	6950
Numero di step eseguiti = 147
Simulation 73
0	6932
Numero di step eseguiti = 361
Simulation 74
0	6914
Numero di step eseguiti = 185
Simulation 75
0	6958
Numero di step eseguiti = 172
Simulation 76
0	6952
Numero di step eseguiti = 199
Simulation 77
0	6938
Numero di step eseguiti = 222
Simulation 78
0	6928
Numero di step eseguiti = 178
Simulation 79
0	6956
Numero di step eseguiti = 282
Simulation 80
0	6958
Numero di step eseguiti = 95
Simulation 81
0	6940
Numero di step eseguiti = 242
Simulation 82
0	6964
Numero di step eseguiti = 252
Simulation 83
0	6970
Numero di step eseguiti = 103
Simulation 84
0	6940
Numero di step eseguiti = 124
Simulation 85
0	6976
Numero di step eseguiti = 274
Simulation 86
0	6952
Numero di step eseguiti = 308
Simulation 87
0	6952
Numero di step eseguiti = 256
Simulation 88
0	6950
Numero di step eseguiti = 466
Simulation 89
0	6970
Numero di step eseguiti = 241
Simulation 90
0	6966
Numero di step eseguiti = 132
Simulation 91
0	6994
Numero di step eseguiti = 134
Simulation 92
0	6974
Numero di step eseguiti = 199
Simulation 93
0	6958
Numero di step eseguiti = 123
Simulation 94
0	7014
Numero di step eseguiti = 274
Simulation 95
0	6958
Numero di step eseguiti = 160
Simulation 96
0	7002
Numero di step eseguiti = 101
Simulation 97
0	6942
Numero di step eseguiti = 258
Simulation 98
0	6986
Numero di step eseguiti = 82
Simulation 99
0	6932
Numero di step eseguiti = 123
Simulation 100
0	6946
Numero di step eseguiti = 170
pos_features = 100
Simulation 1
0	6970
Numero di step eseguiti = 121
Simulation 2
0	6960
Numero di step eseguiti = 143
Simulation 3
0	6982
Numero di step eseguiti = 318
Simulation 4
0	6982
Numero di step eseguiti = 176
Simulation 5
0	6960
Numero di step eseguiti = 299
Simulation 6
0	6978
Numero di step eseguiti = 161
Simulation 7
0	6988
Numero di step eseguiti = 99
Simulation 8
0	6980
Numero di step eseguiti = 145
Simulation 9
0	6988
Numero di step eseguiti = 215
Simulation 10
0	6994
Numero di step eseguiti = 107
Simulation 11
0	6976
Numero di step eseguiti = 139
Simulation 12
0	6998
Numero di step eseguiti = 199
Simulation 13
0	6978
Numero di step eseguiti = 127
Simulation 14
0	6962
Numero di step eseguiti = 112
Simulation 15
0	6960
Numero di step eseguiti = 181
Simulation 16
0	6984
Numero di step eseguiti = 135
Simulation 17
0	7000
Numero di step eseguiti = 482
Simulation 18
0	6976
Numero di step eseguiti = 169
Simulation 19
0	7002
Numero di step eseguiti = 102
Simulation 20
0	7018
Numero di step eseguiti = 132
Simulation 21
0	7004
Numero di step eseguiti = 232
Simulation 22
0	6984
Numero di step eseguiti = 110
Simulation 23
0	6936
Numero di step eseguiti = 250
Simulation 24
0	6988
Numero di step eseguiti = 103
Simulation 25
0	6970
Numero di step eseguiti = 334
Simulation 26
0	6968
Numero di step eseguiti = 176
Simulation 27
0	6996
Numero di step eseguiti = 274
Simulation 28
0	7020
Numero di step eseguiti = 195
Simulation 29
0	6990
Numero di step eseguiti = 371
Simulation 30
0	7022
Numero di step eseguiti = 207
Simulation 31
0	7008
Numero di step eseguiti = 347
Simulation 32
0	6980
Numero di step eseguiti = 204
Simulation 33
0	7022
Numero di step eseguiti = 148
Simulation 34
0	6976
Numero di step eseguiti = 201
Simulation 35
0	6938
Numero di step eseguiti = 375
Simulation 36
0	7018
Numero di step eseguiti = 214
Simulation 37
0	6970
Numero di step eseguiti = 168
Simulation 38
0	6978
Numero di step eseguiti = 355
Simulation 39
0	7028
Numero di step eseguiti = 115
Simulation 40
0	6998
Numero di step eseguiti = 126
Simulation 41
0	6982
Numero di step eseguiti = 124
Simulation 42
0	7026
Numero di step eseguiti = 78
Simulation 43
0	7004
Numero di step eseguiti = 109
Simulation 44
0	6974
Numero di step eseguiti = 124
Simulation 45
0	6980
Numero di step eseguiti = 81
Simulation 46
0	7014
Numero di step eseguiti = 400
Simulation 47
0	6992
Numero di step eseguiti = 605
Simulation 48
0	6958
Numero di step eseguiti = 227
Simulation 49
0	7022
Numero di step eseguiti = 104
Simulation 50
0	6980
Numero di step eseguiti = 191
Simulation 51
0	6962
Numero di step eseguiti = 125
Simulation 52
0	6994
Numero di step eseguiti = 352
Simulation 53
0	6990
Numero di step eseguiti = 87
Simulation 54
0	6960
Numero di step eseguiti = 145
Simulation 55
0	6968
Numero di step eseguiti = 158
Simulation 56
0	6984
Numero di step eseguiti = 206
Simulation 57
0	6988
Numero di step eseguiti = 264
Simulation 58
0	6954
Numero di step eseguiti = 124
Simulation 59
0	7008
Numero di step eseguiti = 168
Simulation 60
0	6990
Numero di step eseguiti = 665
Simulation 61
0	6992
Numero di step eseguiti = 243
Simulation 62
0	6940
Numero di step eseguiti = 238
Simulation 63
0	6984
Numero di step eseguiti = 172
Simulation 64
0	6970
Numero di step eseguiti = 264
Simulation 65
0	6990
Numero di step eseguiti = 213
Simulation 66
0	6946
Numero di step eseguiti = 259
Simulation 67
0	6968
Numero di step eseguiti = 393
Simulation 68
0	6972
Numero di step eseguiti = 176
Simulation 69
0	6968
Numero di step eseguiti = 443
Simulation 70
0	6980
Numero di step eseguiti = 164
Simulation 71
0	6968
Numero di step eseguiti = 175
Simulation 72
0	6988
Numero di step eseguiti = 216
Simulation 73
0	7014
Numero di step eseguiti = 97
Simulation 74
0	7016
Numero di step eseguiti = 148
Simulation 75
0	7008
Numero di step eseguiti = 101
Simulation 76
0	6984
Numero di step eseguiti = 177
Simulation 77
0	6998
Numero di step eseguiti = 159
Simulation 78
0	6988
Numero di step eseguiti = 280
Simulation 79
0	6984
Numero di step eseguiti = 236
Simulation 80
0	7024
Numero di step eseguiti = 86
Simulation 81
0	6996
Numero di step eseguiti = 106
Simulation 82
0	7004
Numero di step eseguiti = 410
Simulation 83
0	7006
Numero di step eseguiti = 120
Simulation 84
0	6994
Numero di step eseguiti = 176
Simulation 85
0	6954
Numero di step eseguiti = 73
Simulation 86
0	6990
Numero di step eseguiti = 244
Simulation 87
0	6982
Numero di step eseguiti = 130
Simulation 88
0	6988
Numero di step eseguiti = 91
Simulation 89
0	6984
Numero di step eseguiti = 187
Simulation 90
0	6984
Numero di step eseguiti = 158
Simulation 91
0	6992
Numero di step eseguiti = 190
Simulation 92
0	6994
Numero di step eseguiti = 123
Simulation 93
0	7002
Numero di step eseguiti = 106
Simulation 94
0	6994
Numero di step eseguiti = 252
Simulation 95
0	7030
Numero di step eseguiti = 446
Simulation 96
0	7020
Numero di step eseguiti = 104
Simulation 97
0	6984
Numero di step eseguiti = 280
Simulation 98
0	6964
Numero di step eseguiti = 329
Simulation 99
0	6962
Numero di step eseguiti = 72
Simulation 100
0	6980
Numero di step eseguiti = 183
pos_features = 110
Simulation 1
0	7018
Numero di step eseguiti = 95
Simulation 2
0	7034
Numero di step eseguiti = 224
Simulation 3
0	6984
Numero di step eseguiti = 248
Simulation 4
0	7020
Numero di step eseguiti = 59
Simulation 5
0	7008
Numero di step eseguiti = 115
Simulation 6
0	7008
Numero di step eseguiti = 291
Simulation 7
0	7012
Numero di step eseguiti = 297
Simulation 8
0	6980
Numero di step eseguiti = 288
Simulation 9
0	7020
Numero di step eseguiti = 57
Simulation 10
0	7010
Numero di step eseguiti = 86
Simulation 11
0	6988
Numero di step eseguiti = 114
Simulation 12
0	7008
Numero di step eseguiti = 133
Simulation 13
0	7018
Numero di step eseguiti = 385
Simulation 14
0	6966
Numero di step eseguiti = 214
Simulation 15
0	7024
Numero di step eseguiti = 108
Simulation 16
0	7008
Numero di step eseguiti = 78
Simulation 17
0	6988
Numero di step eseguiti = 369
Simulation 18
0	7020
Numero di step eseguiti = 248
Simulation 19
0	7016
Numero di step eseguiti = 267
Simulation 20
0	7008
Numero di step eseguiti = 120
Simulation 21
0	7000
Numero di step eseguiti = 88
Simulation 22
0	6984
Numero di step eseguiti = 124
Simulation 23
0	7006
Numero di step eseguiti = 235
Simulation 24
0	7020
Numero di step eseguiti = 115
Simulation 25
0	6992
Numero di step eseguiti = 156
Simulation 26
0	7004
Numero di step eseguiti = 392
Simulation 27
0	6970
Numero di step eseguiti = 155
Simulation 28
0	6994
Numero di step eseguiti = 109
Simulation 29
0	7038
Numero di step eseguiti = 92
Simulation 30
0	6988
Numero di step eseguiti = 141
Simulation 31
0	6978
Numero di step eseguiti = 96
Simulation 32
0	6984
Numero di step eseguiti = 246
Simulation 33
0	7044
Numero di step eseguiti = 57
Simulation 34
0	7030
Numero di step eseguiti = 132
Simulation 35
0	7000
Numero di step eseguiti = 73
Simulation 36
0	7008
Numero di step eseguiti = 169
Simulation 37
0	7006
Numero di step eseguiti = 117
Simulation 38
0	6988
Numero di step eseguiti = 279
Simulation 39
0	6986
Numero di step eseguiti = 106
Simulation 40
0	7016
Numero di step eseguiti = 202
Simulation 41
0	6974
Numero di step eseguiti = 115
Simulation 42
0	6994
Numero di step eseguiti = 181
Simulation 43
0	6990
Numero di step eseguiti = 99
Simulation 44
0	6996
Numero di step eseguiti = 114
Simulation 45
0	7008
Numero di step eseguiti = 151
Simulation 46
0	7018
Numero di step eseguiti = 80
Simulation 47
0	7022
Numero di step eseguiti = 151
Simulation 48
0	7018
Numero di step eseguiti = 231
Simulation 49
0	6982
Numero di step eseguiti = 155
Simulation 50
0	7036
Numero di step eseguiti = 448
Simulation 51
0	7006
Numero di step eseguiti = 165
Simulation 52
0	7004
Numero di step eseguiti = 168
Simulation 53
0	7024
Numero di step eseguiti = 64
Simulation 54
0	7006
Numero di step eseguiti = 215
Simulation 55
0	6980
Numero di step eseguiti = 727
Simulation 56
0	6998
Numero di step eseguiti = 189
Simulation 57
0	6978
Numero di step eseguiti = 200
Simulation 58
0	7002
Numero di step eseguiti = 62
Simulation 59
0	7002
Numero di step eseguiti = 214
Simulation 60
0	7026
Numero di step eseguiti = 209
Simulation 61
0	6996
Numero di step eseguiti = 269
Simulation 62
0	6972
Numero di step eseguiti = 435
Simulation 63
0	7042
Numero di step eseguiti = 182
Simulation 64
0	7040
Numero di step eseguiti = 130
Simulation 65
0	6992
Numero di step eseguiti = 189
Simulation 66
0	7026
Numero di step eseguiti = 311
Simulation 67
0	6994
Numero di step eseguiti = 184
Simulation 68
0	6990
Numero di step eseguiti = 184
Simulation 69
0	6998
Numero di step eseguiti = 113
Simulation 70
0	7018
Numero di step eseguiti = 130
Simulation 71
0	6992
Numero di step eseguiti = 126
Simulation 72
0	7048
Numero di step eseguiti = 169
Simulation 73
0	7002
Numero di step eseguiti = 121
Simulation 74
0	7020
Numero di step eseguiti = 207
Simulation 75
0	7024
Numero di step eseguiti = 113
Simulation 76
0	6986
Numero di step eseguiti = 165
Simulation 77
0	7034
Numero di step eseguiti = 101
Simulation 78
0	6984
Numero di step eseguiti = 108
Simulation 79
0	6994
Numero di step eseguiti = 174
Simulation 80
0	7020
Numero di step eseguiti = 466
Simulation 81
0	6974
Numero di step eseguiti = 153
Simulation 82
0	7008
Numero di step eseguiti = 150
Simulation 83
0	7012
Numero di step eseguiti = 149
Simulation 84
0	6996
Numero di step eseguiti = 83
Simulation 85
0	7022
Numero di step eseguiti = 65
Simulation 86
0	7006
Numero di step eseguiti = 287
Simulation 87
0	6996
Numero di step eseguiti = 197
Simulation 88
0	6982
Numero di step eseguiti = 166
Simulation 89
0	7020
Numero di step eseguiti = 121
Simulation 90
0	7024
Numero di step eseguiti = 83
Simulation 91
0	7016
Numero di step eseguiti = 120
Simulation 92
0	7008
Numero di step eseguiti = 288
Simulation 93
0	6988
Numero di step eseguiti = 95
Simulation 94
0	6998
Numero di step eseguiti = 106
Simulation 95
0	7000
Numero di step eseguiti = 215
Simulation 96
0	6994
Numero di step eseguiti = 112
Simulation 97
0	7004
Numero di step eseguiti = 61
Simulation 98
0	7024
Numero di step eseguiti = 88
Simulation 99
0	7010
Numero di step eseguiti = 139
Simulation 100
0	7010
Numero di step eseguiti = 119
pos_features = 120
Simulation 1
0	7040
Numero di step eseguiti = 123
Simulation 2
0	7052
Numero di step eseguiti = 188
Simulation 3
0	7032
Numero di step eseguiti = 252
Simulation 4
0	7004
Numero di step eseguiti = 98
Simulation 5
0	7014
Numero di step eseguiti = 130
Simulation 6
0	7040
Numero di step eseguiti = 80
Simulation 7
0	7044
Numero di step eseguiti = 142
Simulation 8
0	6986
Numero di step eseguiti = 155
Simulation 9
0	7046
Numero di step eseguiti = 104
Simulation 10
0	7018
Numero di step eseguiti = 138
Simulation 11
0	7018
Numero di step eseguiti = 82
Simulation 12
0	7042
Numero di step eseguiti = 62
Simulation 13
0	7012
Numero di step eseguiti = 142
Simulation 14
0	7044
Numero di step eseguiti = 283
Simulation 15
0	7034
Numero di step eseguiti = 193
Simulation 16
0	7026
Numero di step eseguiti = 203
Simulation 17
0	7034
Numero di step eseguiti = 168
Simulation 18
0	6998
Numero di step eseguiti = 229
Simulation 19
0	7060
Numero di step eseguiti = 235
Simulation 20
0	7016
Numero di step eseguiti = 155
Simulation 21
0	7032
Numero di step eseguiti = 68
Simulation 22
0	7048
Numero di step eseguiti = 144
Simulation 23
0	7014
Numero di step eseguiti = 87
Simulation 24
0	7042
Numero di step eseguiti = 108
Simulation 25
0	7008
Numero di step eseguiti = 209
Simulation 26
0	7018
Numero di step eseguiti = 187
Simulation 27
0	7020
Numero di step eseguiti = 218
Simulation 28
0	7032
Numero di step eseguiti = 312
Simulation 29
0	7042
Numero di step eseguiti = 181
Simulation 30
0	7014
Numero di step eseguiti = 204
Simulation 31
0	6996
Numero di step eseguiti = 97
Simulation 32
0	7002
Numero di step eseguiti = 274
Simulation 33
0	7020
Numero di step eseguiti = 512
Simulation 34
0	7004
Numero di step eseguiti = 139
Simulation 35
0	7028
Numero di step eseguiti = 140
Simulation 36
0	7040
Numero di step eseguiti = 151
Simulation 37
0	7048
Numero di step eseguiti = 305
Simulation 38
0	7012
Numero di step eseguiti = 187
Simulation 39
0	7012
Numero di step eseguiti = 92
Simulation 40
0	7032
Numero di step eseguiti = 84
Simulation 41
0	7016
Numero di step eseguiti = 205
Simulation 42
0	7042
Numero di step eseguiti = 86
Simulation 43
0	7034
Numero di step eseguiti = 59
Simulation 44
0	7020
Numero di step eseguiti = 146
Simulation 45
0	7046
Numero di step eseguiti = 379
Simulation 46
0	7016
Numero di step eseguiti = 166
Simulation 47
0	7006
Numero di step eseguiti = 90
Simulation 48
0	7014
Numero di step eseguiti = 139
Simulation 49
0	7010
Numero di step eseguiti = 160
Simulation 50
0	7002
Numero di step eseguiti = 183
Simulation 51
0	7034
Numero di step eseguiti = 126
Simulation 52
0	7016
Numero di step eseguiti = 156
Simulation 53
0	6984
Numero di step eseguiti = 134
Simulation 54
0	7028
Numero di step eseguiti = 120
Simulation 55
0	7046
Numero di step eseguiti = 177
Simulation 56
0	7000
Numero di step eseguiti = 183
Simulation 57
0	6998
Numero di step eseguiti = 186
Simulation 58
0	7004
Numero di step eseguiti = 104
Simulation 59
0	7018
Numero di step eseguiti = 79
Simulation 60
0	7008
Numero di step eseguiti = 189
Simulation 61
0	7012
Numero di step eseguiti = 89
Simulation 62
0	7050
Numero di step eseguiti = 178
Simulation 63
0	7042
Numero di step eseguiti = 100
Simulation 64
0	6992
Numero di step eseguiti = 71
Simulation 65
0	7032
Numero di step eseguiti = 78
Simulation 66
0	7042
Numero di step eseguiti = 241
Simulation 67
0	7036
Numero di step eseguiti = 151
Simulation 68
0	7074
Numero di step eseguiti = 80
Simulation 69
0	7010
Numero di step eseguiti = 212
Simulation 70
0	7010
Numero di step eseguiti = 132
Simulation 71
0	7020
Numero di step eseguiti = 230
Simulation 72
0	7008
Numero di step eseguiti = 218
Simulation 73
0	7018
Numero di step eseguiti = 101
Simulation 74
0	7028
Numero di step eseguiti = 173
Simulation 75
0	7012
Numero di step eseguiti = 429
Simulation 76
0	7040
Numero di step eseguiti = 253
Simulation 77
0	7002
Numero di step eseguiti = 193
Simulation 78
0	7046
Numero di step eseguiti = 153
Simulation 79
0	7014
Numero di step eseguiti = 86
Simulation 80
0	7022
Numero di step eseguiti = 83
Simulation 81
0	7036
Numero di step eseguiti = 318
Simulation 82
0	7058
Numero di step eseguiti = 109
Simulation 83
0	7028
Numero di step eseguiti = 103
Simulation 84
0	6996
Numero di step eseguiti = 249
Simulation 85
0	7032
Numero di step eseguiti = 200
Simulation 86
0	7014
Numero di step eseguiti = 183
Simulation 87
0	7028
Numero di step eseguiti = 118
Simulation 88
0	6994
Numero di step eseguiti = 86
Simulation 89
0	7034
Numero di step eseguiti = 155
Simulation 90
0	7030
Numero di step eseguiti = 182
Simulation 91
0	7026
Numero di step eseguiti = 108
Simulation 92
0	7014
Numero di step eseguiti = 141
Simulation 93
0	7022
Numero di step eseguiti = 395
Simulation 94
0	7014
Numero di step eseguiti = 196
Simulation 95
0	7020
Numero di step eseguiti = 348
Simulation 96
0	7016
Numero di step eseguiti = 227
Simulation 97
0	6984
Numero di step eseguiti = 76
Simulation 98
0	7000
Numero di step eseguiti = 600
Simulation 99
0	7008
Numero di step eseguiti = 206
Simulation 100
0	7036
Numero di step eseguiti = 169
pos_features = 130
Simulation 1
0	7028
Numero di step eseguiti = 185
Simulation 2
0	7040
Numero di step eseguiti = 237
Simulation 3
0	7022
Numero di step eseguiti = 132
Simulation 4
0	7046
Numero di step eseguiti = 102
Simulation 5
0	7026
Numero di step eseguiti = 224
Simulation 6
0	7070
Numero di step eseguiti = 153
Simulation 7
0	7056
Numero di step eseguiti = 185
Simulation 8
0	7038
Numero di step eseguiti = 163
Simulation 9
0	7024
Numero di step eseguiti = 234
Simulation 10
0	7040
Numero di step eseguiti = 147
Simulation 11
0	7006
Numero di step eseguiti = 217
Simulation 12
0	7038
Numero di step eseguiti = 191
Simulation 13
0	6998
Numero di step eseguiti = 146
Simulation 14
0	7026
Numero di step eseguiti = 161
Simulation 15
0	7004
Numero di step eseguiti = 58
Simulation 16
0	7034
Numero di step eseguiti = 145
Simulation 17
0	6992
Numero di step eseguiti = 222
Simulation 18
0	7070
Numero di step eseguiti = 251
Simulation 19
0	7044
Numero di step eseguiti = 104
Simulation 20
0	7060
Numero di step eseguiti = 208
Simulation 21
0	7012
Numero di step eseguiti = 203
Simulation 22
0	7042
Numero di step eseguiti = 134
Simulation 23
0	7030
Numero di step eseguiti = 262
Simulation 24
0	7014
Numero di step eseguiti = 109
Simulation 25
0	7030
Numero di step eseguiti = 285
Simulation 26
0	7054
Numero di step eseguiti = 133
Simulation 27
0	7046
Numero di step eseguiti = 191
Simulation 28
0	7014
Numero di step eseguiti = 80
Simulation 29
0	7046
Numero di step eseguiti = 72
Simulation 30
0	7014
Numero di step eseguiti = 85
Simulation 31
0	7030
Numero di step eseguiti = 173
Simulation 32
0	7012
Numero di step eseguiti = 149
Simulation 33
0	7028
Numero di step eseguiti = 174
Simulation 34
0	7056
Numero di step eseguiti = 78
Simulation 35
0	7076
Numero di step eseguiti = 73
Simulation 36
0	7014
Numero di step eseguiti = 396
Simulation 37
0	7026
Numero di step eseguiti = 265
Simulation 38
0	7030
Numero di step eseguiti = 219
Simulation 39
0	7056
Numero di step eseguiti = 65
Simulation 40
0	7014
Numero di step eseguiti = 187
Simulation 41
0	7014
Numero di step eseguiti = 133
Simulation 42
0	7038
Numero di step eseguiti = 97
Simulation 43
0	7030
Numero di step eseguiti = 145
Simulation 44
0	7022
Numero di step eseguiti = 125
Simulation 45
0	7044
Numero di step eseguiti = 117
Simulation 46
0	7048
Numero di step eseguiti = 167
Simulation 47
0	7028
Numero di step eseguiti = 352
Simulation 48
0	7040
Numero di step eseguiti = 182
Simulation 49
0	7046
Numero di step eseguiti = 170
Simulation 50
0	7058
Numero di step eseguiti = 113
Simulation 51
0	7022
Numero di step eseguiti = 184
Simulation 52
0	7046
Numero di step eseguiti = 175
Simulation 53
0	7046
Numero di step eseguiti = 369
Simulation 54
0	7032
Numero di step eseguiti = 207
Simulation 55
0	7014
Numero di step eseguiti = 78
Simulation 56
0	7044
Numero di step eseguiti = 177
Simulation 57
0	7018
Numero di step eseguiti = 85
Simulation 58
0	7036
Numero di step eseguiti = 204
Simulation 59
0	7042
Numero di step eseguiti = 179
Simulation 60
0	7068
Numero di step eseguiti = 108
Simulation 61
0	7028
Numero di step eseguiti = 98
Simulation 62
0	7040
Numero di step eseguiti = 93
Simulation 63
0	7028
Numero di step eseguiti = 128
Simulation 64
0	7076
Numero di step eseguiti = 75
Simulation 65
0	7022
Numero di step eseguiti = 175
Simulation 66
0	7036
Numero di step eseguiti = 397
Simulation 67
0	7052
Numero di step eseguiti = 191
Simulation 68
0	7018
Numero di step eseguiti = 235
Simulation 69
0	7054
Numero di step eseguiti = 150
Simulation 70
0	7038
Numero di step eseguiti = 130
Simulation 71
0	7050
Numero di step eseguiti = 108
Simulation 72
0	7036
Numero di step eseguiti = 274
Simulation 73
0	7044
Numero di step eseguiti = 165
Simulation 74
0	7056
Numero di step eseguiti = 113
Simulation 75
0	7032
Numero di step eseguiti = 82
Simulation 76
0	7028
Numero di step eseguiti = 173
Simulation 77
0	7016
Numero di step eseguiti = 67
Simulation 78
0	7034
Numero di step eseguiti = 240
Simulation 79
0	7032
Numero di step eseguiti = 112
Simulation 80
0	7040
Numero di step eseguiti = 475
Simulation 81
0	7050
Numero di step eseguiti = 208
Simulation 82
0	7036
Numero di step eseguiti = 195
Simulation 83
0	7022
Numero di step eseguiti = 122
Simulation 84
0	7040
Numero di step eseguiti = 111
Simulation 85
0	7036
Numero di step eseguiti = 123
Simulation 86
0	7052
Numero di step eseguiti = 78
Simulation 87
0	7018
Numero di step eseguiti = 171
Simulation 88
0	7048
Numero di step eseguiti = 92
Simulation 89
0	7058
Numero di step eseguiti = 120
Simulation 90
0	7028
Numero di step eseguiti = 197
Simulation 91
0	7058
Numero di step eseguiti = 272
Simulation 92
0	7038
Numero di step eseguiti = 158
Simulation 93
0	7022
Numero di step eseguiti = 56
Simulation 94
0	7044
Numero di step eseguiti = 92
Simulation 95
0	6970
Numero di step eseguiti = 336
Simulation 96
0	7028
Numero di step eseguiti = 136
Simulation 97
0	7026
Numero di step eseguiti = 256
Simulation 98
0	6988
Numero di step eseguiti = 116
Simulation 99
0	7018
Numero di step eseguiti = 129
Simulation 100
0	7060
Numero di step eseguiti = 80
pos_features = 140
Simulation 1
0	7080
Numero di step eseguiti = 195
Simulation 2
0	7032
Numero di step eseguiti = 144
Simulation 3
0	7046
Numero di step eseguiti = 100
Simulation 4
0	7068
Numero di step eseguiti = 253
Simulation 5
0	7050
Numero di step eseguiti = 154
Simulation 6
0	7044
Numero di step eseguiti = 290
Simulation 7
0	7068
Numero di step eseguiti = 59
Simulation 8
0	7056
Numero di step eseguiti = 155
Simulation 9
0	7052
Numero di step eseguiti = 160
Simulation 10
0	7012
Numero di step eseguiti = 136
Simulation 11
0	7064
Numero di step eseguiti = 80
Simulation 12
0	7076
Numero di step eseguiti = 118
Simulation 13
0	7050
Numero di step eseguiti = 141
Simulation 14
0	7020
Numero di step eseguiti = 155
Simulation 15
0	7030
Numero di step eseguiti = 107
Simulation 16
0	7072
Numero di step eseguiti = 192
Simulation 17
0	7038
Numero di step eseguiti = 99
Simulation 18
0	7062
Numero di step eseguiti = 175
Simulation 19
0	7032
Numero di step eseguiti = 102
Simulation 20
0	7046
Numero di step eseguiti = 141
Simulation 21
0	7042
Numero di step eseguiti = 101
Simulation 22
0	7058
Numero di step eseguiti = 94
Simulation 23
0	7042
Numero di step eseguiti = 252
Simulation 24
0	7058
Numero di step eseguiti = 247
Simulation 25
0	7024
Numero di step eseguiti = 289
Simulation 26
0	7022
Numero di step eseguiti = 169
Simulation 27
0	7046
Numero di step eseguiti = 188
Simulation 28
0	7046
Numero di step eseguiti = 123
Simulation 29
0	7060
Numero di step eseguiti = 217
Simulation 30
0	7036
Numero di step eseguiti = 78
Simulation 31
0	7074
Numero di step eseguiti = 89
Simulation 32
0	7054
Numero di step eseguiti = 96
Simulation 33
0	7058
Numero di step eseguiti = 106
Simulation 34
0	7044
Numero di step eseguiti = 195
Simulation 35
0	7044
Numero di step eseguiti = 192
Simulation 36
0	7070
Numero di step eseguiti = 239
Simulation 37
0	7038
Numero di step eseguiti = 97
Simulation 38
0	7060
Numero di step eseguiti = 99
Simulation 39
0	7048
Numero di step eseguiti = 119
Simulation 40
0	7062
Numero di step eseguiti = 114
Simulation 41
0	7074
Numero di step eseguiti = 250
Simulation 42
0	7040
Numero di step eseguiti = 190
Simulation 43
0	7024
Numero di step eseguiti = 175
Simulation 44
0	7056
Numero di step eseguiti = 309
Simulation 45
0	7058
Numero di step eseguiti = 367
Simulation 46
0	7058
Numero di step eseguiti = 111
Simulation 47
0	7040
Numero di step eseguiti = 92
Simulation 48
0	7056
Numero di step eseguiti = 212
Simulation 49
0	7064
Numero di step eseguiti = 162
Simulation 50
0	7028
Numero di step eseguiti = 92
Simulation 51
0	7056
Numero di step eseguiti = 64
Simulation 52
0	7056
Numero di step eseguiti = 126
Simulation 53
0	7052
Numero di step eseguiti = 179
Simulation 54
0	7058
Numero di step eseguiti = 221
Simulation 55
0	7064
Numero di step eseguiti = 110
Simulation 56
0	7028
Numero di step eseguiti = 135
Simulation 57
0	7042
Numero di step eseguiti = 64
Simulation 58
0	7060
Numero di step eseguiti = 106
Simulation 59
0	7064
Numero di step eseguiti = 181
Simulation 60
0	7072
Numero di step eseguiti = 123
Simulation 61
0	7030
Numero di step eseguiti = 160
Simulation 62
0	7060
Numero di step eseguiti = 433
Simulation 63
0	7062
Numero di step eseguiti = 152
Simulation 64
0	7042
Numero di step eseguiti = 174
Simulation 65
0	7056
Numero di step eseguiti = 175
Simulation 66
0	7056
Numero di step eseguiti = 136
Simulation 67
0	7012
Numero di step eseguiti = 409
Simulation 68
0	7032
Numero di step eseguiti = 166
Simulation 69
0	7042
Numero di step eseguiti = 146
Simulation 70
0	7052
Numero di step eseguiti = 124
Simulation 71
0	6992
Numero di step eseguiti = 103
Simulation 72
0	7022
Numero di step eseguiti = 84
Simulation 73
0	7062
Numero di step eseguiti = 69
Simulation 74
0	7032
Numero di step eseguiti = 194
Simulation 75
0	7030
Numero di step eseguiti = 287
Simulation 76
0	7050
Numero di step eseguiti = 132
Simulation 77
0	7044
Numero di step eseguiti = 55
Simulation 78
0	7076
Numero di step eseguiti = 165
Simulation 79
0	7026
Numero di step eseguiti = 160
Simulation 80
0	7064
Numero di step eseguiti = 76
Simulation 81
0	7058
Numero di step eseguiti = 73
Simulation 82
0	7062
Numero di step eseguiti = 140
Simulation 83
0	7062
Numero di step eseguiti = 84
Simulation 84
0	7046
Numero di step eseguiti = 144
Simulation 85
0	7072
Numero di step eseguiti = 191
Simulation 86
0	7038
Numero di step eseguiti = 55
Simulation 87
0	7030
Numero di step eseguiti = 154
Simulation 88
0	7044
Numero di step eseguiti = 141
Simulation 89
0	7046
Numero di step eseguiti = 371
Simulation 90
0	7046
Numero di step eseguiti = 87
Simulation 91
0	7040
Numero di step eseguiti = 82
Simulation 92
0	7040
Numero di step eseguiti = 202
Simulation 93
0	7046
Numero di step eseguiti = 134
Simulation 94
0	7050
Numero di step eseguiti = 164
Simulation 95
0	7018
Numero di step eseguiti = 99
Simulation 96
0	7046
Numero di step eseguiti = 145
Simulation 97
0	7064
Numero di step eseguiti = 213
Simulation 98
0	7024
Numero di step eseguiti = 208
Simulation 99
0	7058
Numero di step eseguiti = 109
Simulation 100
0	7036
Numero di step eseguiti = 140
pos_features = 150
Simulation 1
0	7074
Numero di step eseguiti = 78
Simulation 2
0	7052
Numero di step eseguiti = 91
Simulation 3
0	7054
Numero di step eseguiti = 91
Simulation 4
0	7076
Numero di step eseguiti = 116
Simulation 5
0	7042
Numero di step eseguiti = 94
Simulation 6
0	7096
Numero di step eseguiti = 73
Simulation 7
0	7030
Numero di step eseguiti = 156
Simulation 8
0	7070
Numero di step eseguiti = 114
Simulation 9
0	7044
Numero di step eseguiti = 68
Simulation 10
0	7052
Numero di step eseguiti = 263
Simulation 11
0	7060
Numero di step eseguiti = 59
Simulation 12
0	7060
Numero di step eseguiti = 139
Simulation 13
0	7052
Numero di step eseguiti = 76
Simulation 14
0	7056
Numero di step eseguiti = 116
Simulation 15
0	7064
Numero di step eseguiti = 75
Simulation 16
0	7054
Numero di step eseguiti = 274
Simulation 17
0	7050
Numero di step eseguiti = 87
Simulation 18
0	7034
Numero di step eseguiti = 168
Simulation 19
0	7070
Numero di step eseguiti = 79
Simulation 20
0	7038
Numero di step eseguiti = 123
Simulation 21
0	7038
Numero di step eseguiti = 230
Simulation 22
0	7040
Numero di step eseguiti = 141
Simulation 23
0	7050
Numero di step eseguiti = 77
Simulation 24
0	7078
Numero di step eseguiti = 387
Simulation 25
0	7050
Numero di step eseguiti = 182
Simulation 26
0	7066
Numero di step eseguiti = 176
Simulation 27
0	7056
Numero di step eseguiti = 81
Simulation 28
0	7052
Numero di step eseguiti = 270
Simulation 29
0	7070
Numero di step eseguiti = 219
Simulation 30
0	7068
Numero di step eseguiti = 234
Simulation 31
0	7060
Numero di step eseguiti = 277
Simulation 32
0	7072
Numero di step eseguiti = 123
Simulation 33
0	7038
Numero di step eseguiti = 90
Simulation 34
0	7084
Numero di step eseguiti = 217
Simulation 35
0	7060
Numero di step eseguiti = 101
Simulation 36
0	7036
Numero di step eseguiti = 140
Simulation 37
0	7036
Numero di step eseguiti = 230
Simulation 38
0	7040
Numero di step eseguiti = 114
Simulation 39
0	7066
Numero di step eseguiti = 163
Simulation 40
0	7062
Numero di step eseguiti = 118
Simulation 41
0	7030
Numero di step eseguiti = 173
Simulation 42
0	7038
Numero di step eseguiti = 94
Simulation 43
0	7060
Numero di step eseguiti = 136
Simulation 44
0	7060
Numero di step eseguiti = 144
Simulation 45
0	7062
Numero di step eseguiti = 88
Simulation 46
0	7068
Numero di step eseguiti = 97
Simulation 47
0	7040
Numero di step eseguiti = 68
Simulation 48
0	7036
Numero di step eseguiti = 161
Simulation 49
0	7078
Numero di step eseguiti = 154
Simulation 50
0	7066
Numero di step eseguiti = 135
Simulation 51
0	7066
Numero di step eseguiti = 193
Simulation 52
0	7052
Numero di step eseguiti = 390
Simulation 53
0	7094
Numero di step eseguiti = 129
Simulation 54
0	7054
Numero di step eseguiti = 195
Simulation 55
0	7038
Numero di step eseguiti = 170
Simulation 56
0	7074
Numero di step eseguiti = 81
Simulation 57
0	7046
Numero di step eseguiti = 251
Simulation 58
0	7072
Numero di step eseguiti = 146
Simulation 59
0	7046
Numero di step eseguiti = 131
Simulation 60
0	7086
Numero di step eseguiti = 61
Simulation 61
0	7030
Numero di step eseguiti = 395
Simulation 62
0	7046
Numero di step eseguiti = 243
Simulation 63
0	7076
Numero di step eseguiti = 65
Simulation 64
0	7064
Numero di step eseguiti = 234
Simulation 65
0	7048
Numero di step eseguiti = 63
Simulation 66
0	7048
Numero di step eseguiti = 104
Simulation 67
0	7052
Numero di step eseguiti = 230
Simulation 68
0	7066
Numero di step eseguiti = 284
Simulation 69
0	7052
Numero di step eseguiti = 154
Simulation 70
0	7070
Numero di step eseguiti = 147
Simulation 71
0	7056
Numero di step eseguiti = 75
Simulation 72
0	7092
Numero di step eseguiti = 290
Simulation 73
0	7060
Numero di step eseguiti = 84
Simulation 74
0	7078
Numero di step eseguiti = 154
Simulation 75
0	7056
Numero di step eseguiti = 224
Simulation 76
0	7050
Numero di step eseguiti = 189
Simulation 77
0	7058
Numero di step eseguiti = 105
Simulation 78
0	7076
Numero di step eseguiti = 122
Simulation 79
0	7046
Numero di step eseguiti = 163
Simulation 80
0	7082
Numero di step eseguiti = 105
Simulation 81
0	7040
Numero di step eseguiti = 126
Simulation 82
0	7064
Numero di step eseguiti = 88
Simulation 83
0	7062
Numero di step eseguiti = 70
Simulation 84
0	7076
Numero di step eseguiti = 55
Simulation 85
0	7060
Numero di step eseguiti = 170
Simulation 86
0	7028
Numero di step eseguiti = 169
Simulation 87
0	7034
Numero di step eseguiti = 150
Simulation 88
0	7060
Numero di step eseguiti = 94
Simulation 89
0	7082
Numero di step eseguiti = 138
Simulation 90
0	7068
Numero di step eseguiti = 118
Simulation 91
0	7056
Numero di step eseguiti = 80
Simulation 92
0	7042
Numero di step eseguiti = 122
Simulation 93
0	7066
Numero di step eseguiti = 241
Simulation 94
0	7066
Numero di step eseguiti = 116
Simulation 95
0	7048
Numero di step eseguiti = 236
Simulation 96
0	7048
Numero di step eseguiti = 96
Simulation 97
0	7074
Numero di step eseguiti = 129
Simulation 98
0	7044
Numero di step eseguiti = 198
Simulation 99
0	7054
Numero di step eseguiti = 172
Simulation 100
0	7038
Numero di step eseguiti = 75
